Analysis & Synthesis report for top
Thu Aug 02 11:36:24 2018
Quartus Prime Version 17.1.0 Build 590 10/25/2017 SJ Lite Edition


---------------------
; Table of Contents ;
---------------------
  1. Legal Notice
  2. Analysis & Synthesis Summary
  3. Analysis & Synthesis Settings
  4. Parallel Compilation
  5. Analysis & Synthesis Source Files Read
  6. Analysis & Synthesis Resource Usage Summary
  7. Analysis & Synthesis Resource Utilization by Entity
  8. State Machine - |top|Current
  9. State Machine - |top|i2c_slave_reduced:i2c_slave_reduced_instance|i2c_slave_op_reduced:i2c_slave_op_reduced_inst|i2c_state
 10. State Machine - |top|i2c_slave_reduced:i2c_slave_reduced_instance|i2c_slave_op_reduced:i2c_slave_op_reduced_inst|main_state
 11. User-Specified and Inferred Latches
 12. Registers Removed During Synthesis
 13. Removed Registers Triggering Further Register Optimizations
 14. General Register Statistics
 15. Inverted Register Statistics
 16. Multiplexer Restructuring Statistics (Restructuring Performed)
 17. Parameter Settings for User Entity Instance: Top-level Entity: |top
 18. Parameter Settings for User Entity Instance: speed_select:speed_select
 19. Parameter Settings for User Entity Instance: i2c_slave_reduced:i2c_slave_reduced_instance|i2c_slave_op_reduced:i2c_slave_op_reduced_inst
 20. Parameter Settings for User Entity Instance: I2C_MASTER_reduced:I2C_MASTER_reduced_instance
 21. Parameter Settings for User Entity Instance: I2C_MASTER_reduced:I2C_MASTER_reduced_instance|I2C_wr_reduced:I2C_wr_reduced_instance
 22. Port Connectivity Checks: "I2C_MASTER_reduced:I2C_MASTER_reduced_instance|I2C_wr_reduced:I2C_wr_reduced_instance"
 23. Port Connectivity Checks: "i2c_slave_reduced:i2c_slave_reduced_instance"
 24. Port Connectivity Checks: "spi_ctrl_reduced:spi_ctrl_reduced_instance"
 25. Port Connectivity Checks: "spi_slave_b2b_reduced:spi_slave_b2b_instance_reduced"
 26. Port Connectivity Checks: "my_uart_tx:my_uart_tx"
 27. Port Connectivity Checks: "my_uart_rx:my_uart_rx"
 28. Analysis & Synthesis Messages
 29. Analysis & Synthesis Suppressed Messages



----------------
; Legal Notice ;
----------------
Copyright (C) 2017  Intel Corporation. All rights reserved.
Your use of Intel Corporation's design tools, logic functions 
and other software and tools, and its AMPP partner logic 
functions, and any output files from any of the foregoing 
(including device programming or simulation files), and any 
associated documentation or information are expressly subject 
to the terms and conditions of the Intel Program License 
Subscription Agreement, the Intel Quartus Prime License Agreement,
the Intel FPGA IP License Agreement, or other applicable license
agreement, including, without limitation, that your use is for
the sole purpose of programming logic devices manufactured by
Intel and sold by Intel or its authorized distributors.  Please
refer to the applicable agreement for further details.



+---------------------------------------------------------------------------+
; Analysis & Synthesis Summary                                              ;
+-----------------------------+---------------------------------------------+
; Analysis & Synthesis Status ; Successful - Thu Aug 02 11:36:24 2018       ;
; Quartus Prime Version       ; 17.1.0 Build 590 10/25/2017 SJ Lite Edition ;
; Revision Name               ; top                                         ;
; Top-level Entity Name       ; top                                         ;
; Family                      ; MAX II                                      ;
; Total logic elements        ; 589                                         ;
; Total pins                  ; 26                                          ;
; Total virtual pins          ; 0                                           ;
; UFM blocks                  ; 0 / 1 ( 0 % )                               ;
+-----------------------------+---------------------------------------------+


+----------------------------------------------------------------------------------------------------------------------+
; Analysis & Synthesis Settings                                                                                        ;
+----------------------------------------------------------------------------+--------------------+--------------------+
; Option                                                                     ; Setting            ; Default Value      ;
+----------------------------------------------------------------------------+--------------------+--------------------+
; Device                                                                     ; EPM570T100C5       ;                    ;
; Top-level entity name                                                      ; top                ; top                ;
; Family name                                                                ; MAX II             ; Cyclone V          ;
; Maximum processors allowed for parallel compilation                        ; 2                  ;                    ;
; Verilog Show LMF Mapping Messages                                          ; Off                ;                    ;
; Use smart compilation                                                      ; Off                ; Off                ;
; Enable parallel Assembler and TimeQuest Timing Analyzer during compilation ; On                 ; On                 ;
; Enable compact report table                                                ; Off                ; Off                ;
; Restructure Multiplexers                                                   ; Auto               ; Auto               ;
; Create Debugging Nodes for IP Cores                                        ; Off                ; Off                ;
; Preserve fewer node names                                                  ; On                 ; On                 ;
; Intel FPGA IP Evaluation Mode                                              ; Enable             ; Enable             ;
; Verilog Version                                                            ; Verilog_2001       ; Verilog_2001       ;
; VHDL Version                                                               ; VHDL_1993          ; VHDL_1993          ;
; State Machine Processing                                                   ; Auto               ; Auto               ;
; Safe State Machine                                                         ; Off                ; Off                ;
; Extract Verilog State Machines                                             ; On                 ; On                 ;
; Extract VHDL State Machines                                                ; On                 ; On                 ;
; Ignore Verilog initial constructs                                          ; Off                ; Off                ;
; Iteration limit for constant Verilog loops                                 ; 5000               ; 5000               ;
; Iteration limit for non-constant Verilog loops                             ; 250                ; 250                ;
; Add Pass-Through Logic to Inferred RAMs                                    ; On                 ; On                 ;
; Infer RAMs from Raw Logic                                                  ; On                 ; On                 ;
; Parallel Synthesis                                                         ; On                 ; On                 ;
; NOT Gate Push-Back                                                         ; On                 ; On                 ;
; Power-Up Don't Care                                                        ; On                 ; On                 ;
; Remove Redundant Logic Cells                                               ; Off                ; Off                ;
; Remove Duplicate Registers                                                 ; On                 ; On                 ;
; Ignore CARRY Buffers                                                       ; Off                ; Off                ;
; Ignore CASCADE Buffers                                                     ; Off                ; Off                ;
; Ignore GLOBAL Buffers                                                      ; Off                ; Off                ;
; Ignore ROW GLOBAL Buffers                                                  ; Off                ; Off                ;
; Ignore LCELL Buffers                                                       ; Off                ; Off                ;
; Ignore SOFT Buffers                                                        ; On                 ; On                 ;
; Limit AHDL Integers to 32 Bits                                             ; Off                ; Off                ;
; Optimization Technique                                                     ; Balanced           ; Balanced           ;
; Carry Chain Length                                                         ; 70                 ; 70                 ;
; Auto Carry Chains                                                          ; On                 ; On                 ;
; Auto Open-Drain Pins                                                       ; On                 ; On                 ;
; Perform WYSIWYG Primitive Resynthesis                                      ; Off                ; Off                ;
; Auto Shift Register Replacement                                            ; Auto               ; Auto               ;
; Allow Shift Register Merging across Hierarchies                            ; Auto               ; Auto               ;
; Auto Clock Enable Replacement                                              ; On                 ; On                 ;
; Allow Synchronous Control Signals                                          ; On                 ; On                 ;
; Force Use of Synchronous Clear Signals                                     ; Off                ; Off                ;
; Auto Resource Sharing                                                      ; Off                ; Off                ;
; Use LogicLock Constraints during Resource Balancing                        ; On                 ; On                 ;
; Ignore translate_off and synthesis_off directives                          ; Off                ; Off                ;
; Report Parameter Settings                                                  ; On                 ; On                 ;
; Report Source Assignments                                                  ; On                 ; On                 ;
; Report Connectivity Checks                                                 ; On                 ; On                 ;
; Ignore Maximum Fan-Out Assignments                                         ; Off                ; Off                ;
; Synchronization Register Chain Length                                      ; 2                  ; 2                  ;
; Power Optimization During Synthesis                                        ; Normal compilation ; Normal compilation ;
; HDL message level                                                          ; Level2             ; Level2             ;
; Suppress Register Optimization Related Messages                            ; Off                ; Off                ;
; Number of Removed Registers Reported in Synthesis Report                   ; 5000               ; 5000               ;
; Number of Swept Nodes Reported in Synthesis Report                         ; 5000               ; 5000               ;
; Number of Inverted Registers Reported in Synthesis Report                  ; 100                ; 100                ;
; Clock MUX Protection                                                       ; On                 ; On                 ;
; Block Design Naming                                                        ; Auto               ; Auto               ;
; Synthesis Effort                                                           ; Auto               ; Auto               ;
; Shift Register Replacement - Allow Asynchronous Clear Signal               ; On                 ; On                 ;
; Analysis & Synthesis Message Level                                         ; Medium             ; Medium             ;
; Disable Register Merging Across Hierarchies                                ; Auto               ; Auto               ;
+----------------------------------------------------------------------------+--------------------+--------------------+


+------------------------------------------+
; Parallel Compilation                     ;
+----------------------------+-------------+
; Processors                 ; Number      ;
+----------------------------+-------------+
; Number detected on machine ; 4           ;
; Maximum allowed            ; 2           ;
;                            ;             ;
; Average used               ; 1.00        ;
; Maximum used               ; 1           ;
;                            ;             ;
; Usage by Processor         ; % Time Used ;
;     Processor 1            ; 100.0%      ;
+----------------------------+-------------+


+----------------------------------------------------------------------------------------------------------------------------------------------------------------+
; Analysis & Synthesis Source Files Read                                                                                                                         ;
+----------------------------------+-----------------+------------------------+------------------------------------------------------------------------+---------+
; File Name with User-Entered Path ; Used in Netlist ; File Type              ; File Name with Absolute Path                                           ; Library ;
+----------------------------------+-----------------+------------------------+------------------------------------------------------------------------+---------+
; top.v                            ; yes             ; User Verilog HDL File  ; C:/github/pycpld.git/quartus-II/top_evkmimx8mm/top.v                   ;         ;
; pwm_out.v                        ; yes             ; User Verilog HDL File  ; C:/github/pycpld.git/quartus-II/top_evkmimx8mm/pwm_out.v               ;         ;
; I2C_MASTER_reduced.v             ; yes             ; User Verilog HDL File  ; C:/github/pycpld.git/quartus-II/top_evkmimx8mm/I2C_MASTER_reduced.v    ;         ;
; I2C_wr_reduced.v                 ; yes             ; User Verilog HDL File  ; C:/github/pycpld.git/quartus-II/top_evkmimx8mm/I2C_wr_reduced.v        ;         ;
; spi_slave_b2b_reduced.v          ; yes             ; User Verilog HDL File  ; C:/github/pycpld.git/quartus-II/top_evkmimx8mm/spi_slave_b2b_reduced.v ;         ;
; i2c_slave_reduced.v              ; yes             ; User Verilog HDL File  ; C:/github/pycpld.git/quartus-II/top_evkmimx8mm/i2c_slave_reduced.v     ;         ;
; i2c_slave_op_reduced.v           ; yes             ; User Verilog HDL File  ; C:/github/pycpld.git/quartus-II/top_evkmimx8mm/i2c_slave_op_reduced.v  ;         ;
; spi_ctrl_reduced.v               ; yes             ; User Verilog HDL File  ; C:/github/pycpld.git/quartus-II/top_evkmimx8mm/spi_ctrl_reduced.v      ;         ;
; spi_master_reduced.v             ; yes             ; User Verilog HDL File  ; C:/github/pycpld.git/quartus-II/top_evkmimx8mm/spi_master_reduced.v    ;         ;
; speed_select.v                   ; yes             ; User Verilog HDL File  ; C:/github/pycpld.git/quartus-II/top_evkmimx8mm/speed_select.v          ;         ;
; uart_rx.v                        ; yes             ; User Verilog HDL File  ; C:/github/pycpld.git/quartus-II/top_evkmimx8mm/uart_rx.v               ;         ;
; uart_tx.v                        ; yes             ; User Verilog HDL File  ; C:/github/pycpld.git/quartus-II/top_evkmimx8mm/uart_tx.v               ;         ;
+----------------------------------+-----------------+------------------------+------------------------------------------------------------------------+---------+


+-----------------------------------------------------+
; Analysis & Synthesis Resource Usage Summary         ;
+---------------------------------------------+-------+
; Resource                                    ; Usage ;
+---------------------------------------------+-------+
; Total logic elements                        ; 589   ;
;     -- Combinational with no register       ; 292   ;
;     -- Register only                        ; 41    ;
;     -- Combinational with a register        ; 256   ;
;                                             ;       ;
; Logic element usage by number of LUT inputs ;       ;
;     -- 4 input functions                    ; 294   ;
;     -- 3 input functions                    ; 80    ;
;     -- 2 input functions                    ; 160   ;
;     -- 1 input functions                    ; 11    ;
;     -- 0 input functions                    ; 3     ;
;                                             ;       ;
; Logic elements by mode                      ;       ;
;     -- normal mode                          ; 475   ;
;     -- arithmetic mode                      ; 114   ;
;     -- qfbk mode                            ; 0     ;
;     -- register cascade mode                ; 0     ;
;     -- synchronous clear/load mode          ; 101   ;
;     -- asynchronous clear/load mode         ; 274   ;
;                                             ;       ;
; Total registers                             ; 297   ;
; Total logic cells in carry chains           ; 127   ;
; I/O pins                                    ; 26    ;
; Maximum fan-out node                        ; clk   ;
; Maximum fan-out                             ; 223   ;
; Total fan-out                               ; 2646  ;
; Average fan-out                             ; 4.30  ;
+---------------------------------------------+-------+


+----------------------------------------------------------------------------------------------------------------------------------------------------------------------------------------------------------------------------------------------------------------------------------------------------------------------------------------------------------+
; Analysis & Synthesis Resource Utilization by Entity                                                                                                                                                                                                                                                                                                      ;
+-----------------------------------------------------------+-------------+--------------+------------+------+--------------+--------------+-------------------+------------------+-----------------+------------+--------------------------------------------------------------------------------------------------+-----------------------+--------------+
; Compilation Hierarchy Node                                ; Logic Cells ; LC Registers ; UFM Blocks ; Pins ; Virtual Pins ; LUT-Only LCs ; Register-Only LCs ; LUT/Register LCs ; Carry Chain LCs ; Packed LCs ; Full Hierarchy Name                                                                              ; Entity Name           ; Library Name ;
+-----------------------------------------------------------+-------------+--------------+------------+------+--------------+--------------+-------------------+------------------+-----------------+------------+--------------------------------------------------------------------------------------------------+-----------------------+--------------+
; |top                                                      ; 589 (117)   ; 297          ; 0          ; 26   ; 0            ; 292 (47)     ; 41 (25)           ; 256 (45)         ; 127 (0)         ; 0 (0)      ; |top                                                                                             ; top                   ; work         ;
;    |I2C_MASTER_reduced:I2C_MASTER_reduced_instance|       ; 210 (33)    ; 64           ; 0          ; 0    ; 0            ; 146 (21)     ; 8 (0)             ; 56 (12)          ; 31 (8)          ; 0 (0)      ; |top|I2C_MASTER_reduced:I2C_MASTER_reduced_instance                                              ; I2C_MASTER_reduced    ; work         ;
;       |I2C_wr_reduced:I2C_wr_reduced_instance|            ; 177 (177)   ; 52           ; 0          ; 0    ; 0            ; 125 (125)    ; 8 (8)             ; 44 (44)          ; 23 (23)         ; 0 (0)      ; |top|I2C_MASTER_reduced:I2C_MASTER_reduced_instance|I2C_wr_reduced:I2C_wr_reduced_instance       ; I2C_wr_reduced        ; work         ;
;    |i2c_slave_reduced:i2c_slave_reduced_instance|         ; 75 (6)      ; 33           ; 0          ; 0    ; 0            ; 42 (1)       ; 0 (0)             ; 33 (5)           ; 8 (0)           ; 0 (0)      ; |top|i2c_slave_reduced:i2c_slave_reduced_instance                                                ; i2c_slave_reduced     ; work         ;
;       |i2c_slave_op_reduced:i2c_slave_op_reduced_inst|    ; 69 (69)     ; 28           ; 0          ; 0    ; 0            ; 41 (41)      ; 0 (0)             ; 28 (28)          ; 8 (8)           ; 0 (0)      ; |top|i2c_slave_reduced:i2c_slave_reduced_instance|i2c_slave_op_reduced:i2c_slave_op_reduced_inst ; i2c_slave_op_reduced  ; work         ;
;    |my_uart_rx:my_uart_rx|                                ; 36 (36)     ; 22           ; 0          ; 0    ; 0            ; 14 (14)      ; 8 (8)             ; 14 (14)          ; 0 (0)           ; 0 (0)      ; |top|my_uart_rx:my_uart_rx                                                                       ; my_uart_rx            ; work         ;
;    |pwm_out:pwm_out|                                      ; 46 (46)     ; 33           ; 0          ; 0    ; 0            ; 13 (13)      ; 0 (0)             ; 33 (33)          ; 32 (32)         ; 0 (0)      ; |top|pwm_out:pwm_out                                                                             ; pwm_out               ; work         ;
;    |speed_select:speed_select|                            ; 22 (22)     ; 14           ; 0          ; 0    ; 0            ; 8 (8)        ; 0 (0)             ; 14 (14)          ; 13 (13)         ; 0 (0)      ; |top|speed_select:speed_select                                                                   ; speed_select          ; work         ;
;    |spi_ctrl_reduced:spi_ctrl_reduced_instance|           ; 55 (23)     ; 42           ; 0          ; 0    ; 0            ; 13 (4)       ; 0 (0)             ; 42 (19)          ; 35 (15)         ; 0 (0)      ; |top|spi_ctrl_reduced:spi_ctrl_reduced_instance                                                  ; spi_ctrl_reduced      ; work         ;
;       |spi_master_reduced:spi_master_reduced_instance|    ; 32 (32)     ; 23           ; 0          ; 0    ; 0            ; 9 (9)        ; 0 (0)             ; 23 (23)          ; 20 (20)         ; 0 (0)      ; |top|spi_ctrl_reduced:spi_ctrl_reduced_instance|spi_master_reduced:spi_master_reduced_instance   ; spi_master_reduced    ; work         ;
;    |spi_slave_b2b_reduced:spi_slave_b2b_instance_reduced| ; 28 (28)     ; 19           ; 0          ; 0    ; 0            ; 9 (9)        ; 0 (0)             ; 19 (19)          ; 8 (8)           ; 0 (0)      ; |top|spi_slave_b2b_reduced:spi_slave_b2b_instance_reduced                                        ; spi_slave_b2b_reduced ; work         ;
+-----------------------------------------------------------+-------------+--------------+------------+------+--------------+--------------+-------------------+------------------+-----------------+------------+--------------------------------------------------------------------------------------------------+-----------------------+--------------+
Note: For table entries with two numbers listed, the numbers in parentheses indicate the number of resources of the given type used by the specific entity alone. The numbers listed outside of parentheses indicate the total resources of the given type used by the specific entity and all of its sub-entities in the hierarchy.


Encoding Type:  One-Hot
+------------------------------------------------------------------------+
; State Machine - |top|Current                                           ;
+--------------+--------------+--------------+--------------+------------+
; Name         ; Current.IDLE ; Current.SAVE ; Current.WAIT ; Current.S1 ;
+--------------+--------------+--------------+--------------+------------+
; Current.IDLE ; 0            ; 0            ; 0            ; 0          ;
; Current.S1   ; 1            ; 0            ; 0            ; 1          ;
; Current.WAIT ; 1            ; 0            ; 1            ; 0          ;
; Current.SAVE ; 1            ; 1            ; 0            ; 0          ;
+--------------+--------------+--------------+--------------+------------+


Encoding Type:  One-Hot
+-------------------------------------------------------------------------------------------------------------------------------------------------------------------------------------------------+
; State Machine - |top|i2c_slave_reduced:i2c_slave_reduced_instance|i2c_slave_op_reduced:i2c_slave_op_reduced_inst|i2c_state                                                                      ;
+--------------------+------------------+------------------+------------------+------------------+------------------+------------------+------------------+------------------+--------------------+
; Name               ; i2c_state.data_0 ; i2c_state.data_1 ; i2c_state.data_2 ; i2c_state.data_3 ; i2c_state.data_4 ; i2c_state.data_5 ; i2c_state.data_6 ; i2c_state.data_7 ; i2c_state.data_act ;
+--------------------+------------------+------------------+------------------+------------------+------------------+------------------+------------------+------------------+--------------------+
; i2c_state.data_7   ; 0                ; 0                ; 0                ; 0                ; 0                ; 0                ; 0                ; 0                ; 0                  ;
; i2c_state.data_6   ; 0                ; 0                ; 0                ; 0                ; 0                ; 0                ; 1                ; 1                ; 0                  ;
; i2c_state.data_5   ; 0                ; 0                ; 0                ; 0                ; 0                ; 1                ; 0                ; 1                ; 0                  ;
; i2c_state.data_4   ; 0                ; 0                ; 0                ; 0                ; 1                ; 0                ; 0                ; 1                ; 0                  ;
; i2c_state.data_3   ; 0                ; 0                ; 0                ; 1                ; 0                ; 0                ; 0                ; 1                ; 0                  ;
; i2c_state.data_2   ; 0                ; 0                ; 1                ; 0                ; 0                ; 0                ; 0                ; 1                ; 0                  ;
; i2c_state.data_1   ; 0                ; 1                ; 0                ; 0                ; 0                ; 0                ; 0                ; 1                ; 0                  ;
; i2c_state.data_0   ; 1                ; 0                ; 0                ; 0                ; 0                ; 0                ; 0                ; 1                ; 0                  ;
; i2c_state.data_act ; 0                ; 0                ; 0                ; 0                ; 0                ; 0                ; 0                ; 1                ; 1                  ;
+--------------------+------------------+------------------+------------------+------------------+------------------+------------------+------------------+------------------+--------------------+


Encoding Type:  One-Hot
+-----------------------------------------------------------------------------------------------------------------------------------+
; State Machine - |top|i2c_slave_reduced:i2c_slave_reduced_instance|i2c_slave_op_reduced:i2c_slave_op_reduced_inst|main_state       ;
+---------------------------+-------------------------+------------------------+---------------------------+------------------------+
; Name                      ; main_state.write_status ; main_state.read_status ; main_state.address_status ; main_state.idle_status ;
+---------------------------+-------------------------+------------------------+---------------------------+------------------------+
; main_state.idle_status    ; 0                       ; 0                      ; 0                         ; 0                      ;
; main_state.address_status ; 0                       ; 0                      ; 1                         ; 1                      ;
; main_state.read_status    ; 0                       ; 1                      ; 0                         ; 1                      ;
; main_state.write_status   ; 1                       ; 0                      ; 0                         ; 1                      ;
+---------------------------+-------------------------+------------------------+---------------------------+------------------------+


+--------------------------------------------------------------------------------------------------------------------------------------------------------------------------------------------------------------------------------------------+
; User-Specified and Inferred Latches                                                                                                                                                                                                        ;
+------------------------------------------------------------------------------------------------------------+------------------------------------------------------------------------------------------------------+------------------------+
; Latch Name                                                                                                 ; Latch Enable Signal                                                                                  ; Free of Timing Hazards ;
+------------------------------------------------------------------------------------------------------------+------------------------------------------------------------------------------------------------------+------------------------+
; i2c_slave_reduced:i2c_slave_reduced_instance|i2c_slave_op_reduced:i2c_slave_op_reduced_inst|start_bus_wire ; i2c_slave_reduced:i2c_slave_reduced_instance|i2c_slave_op_reduced:i2c_slave_op_reduced_inst|sda_en_r ; yes                    ;
; i2c_slave_reduced:i2c_slave_reduced_instance|i2c_slave_op_reduced:i2c_slave_op_reduced_inst|stop_bus_wire  ; i2c_slave_reduced:i2c_slave_reduced_instance|i2c_slave_op_reduced:i2c_slave_op_reduced_inst|sda_en_r ; yes                    ;
; Number of user-specified and inferred latches = 2                                                          ;                                                                                                      ;                        ;
+------------------------------------------------------------------------------------------------------------+------------------------------------------------------------------------------------------------------+------------------------+
Note: All latches listed above may not be present at the end of synthesis due to various synthesis optimizations.


+---------------------------------------------------------------------------------------------------------------------------------------------------+
; Registers Removed During Synthesis                                                                                                                ;
+----------------------------------------------------------------------------------------------------------+----------------------------------------+
; Register name                                                                                            ; Reason for Removal                     ;
+----------------------------------------------------------------------------------------------------------+----------------------------------------+
; speed_select:speed_select|bps_para[9..12]                                                                ; Stuck at GND due to stuck port data_in ;
; speed_select:speed_select|bps_para[7,8]                                                                  ; Stuck at VCC due to stuck port data_in ;
; speed_select:speed_select|bps_para[6]                                                                    ; Stuck at GND due to stuck port data_in ;
; speed_select:speed_select|bps_para[4,5]                                                                  ; Stuck at VCC due to stuck port data_in ;
; speed_select:speed_select|bps_para[2,3]                                                                  ; Stuck at GND due to stuck port data_in ;
; speed_select:speed_select|bps_para[1]                                                                    ; Stuck at VCC due to stuck port data_in ;
; speed_select:speed_select|bps_para[0]                                                                    ; Stuck at GND due to stuck port data_in ;
; speed_select:speed_select|bps_para_2[8..12]                                                              ; Stuck at GND due to stuck port data_in ;
; speed_select:speed_select|bps_para_2[6,7]                                                                ; Stuck at VCC due to stuck port data_in ;
; speed_select:speed_select|bps_para_2[5]                                                                  ; Stuck at GND due to stuck port data_in ;
; speed_select:speed_select|bps_para_2[3,4]                                                                ; Stuck at VCC due to stuck port data_in ;
; speed_select:speed_select|bps_para_2[1,2]                                                                ; Stuck at GND due to stuck port data_in ;
; speed_select:speed_select|bps_para_2[0]                                                                  ; Stuck at VCC due to stuck port data_in ;
; dutyratio[31]                                                                                            ; Stuck at GND due to stuck port data_in ;
; mode_rd_select                                                                                           ; Stuck at GND due to stuck port data_in ;
; pwmfreq[0..12]                                                                                           ; Stuck at GND due to stuck port data_in ;
; pwmfreq[13..16]                                                                                          ; Stuck at VCC due to stuck port data_in ;
; pwmfreq[17]                                                                                              ; Stuck at GND due to stuck port data_in ;
; pwmfreq[18]                                                                                              ; Stuck at VCC due to stuck port data_in ;
; pwmfreq[19..22]                                                                                          ; Stuck at GND due to stuck port data_in ;
; pwmfreq[23]                                                                                              ; Stuck at VCC due to stuck port data_in ;
; pwmfreq[24,25]                                                                                           ; Stuck at GND due to stuck port data_in ;
; pwmfreq[26]                                                                                              ; Stuck at VCC due to stuck port data_in ;
; pwmfreq[27..31]                                                                                          ; Stuck at GND due to stuck port data_in ;
; dutyratio[0..13]                                                                                         ; Stuck at GND due to stuck port data_in ;
; dutyratio[14..17]                                                                                        ; Stuck at VCC due to stuck port data_in ;
; dutyratio[18]                                                                                            ; Stuck at GND due to stuck port data_in ;
; dutyratio[19]                                                                                            ; Stuck at VCC due to stuck port data_in ;
; dutyratio[20..23]                                                                                        ; Stuck at GND due to stuck port data_in ;
; dutyratio[24]                                                                                            ; Stuck at VCC due to stuck port data_in ;
; dutyratio[25,26]                                                                                         ; Stuck at GND due to stuck port data_in ;
; dutyratio[27]                                                                                            ; Stuck at VCC due to stuck port data_in ;
; dutyratio[28..30]                                                                                        ; Stuck at GND due to stuck port data_in ;
; spi_ctrl_reduced:spi_ctrl_reduced_instance|spi_master_reduced:spi_master_reduced_instance|spi_mosir1     ; Lost fanout                            ;
; spi_rx_rd_en                                                                                             ; Merged with spi_rd_rst                 ;
; spi_tx_rd_en                                                                                             ; Merged with spi_rd_rst                 ;
; I2C_MASTER_reduced:I2C_MASTER_reduced_instance|I2C_wr_reduced:I2C_wr_reduced_instance|main_state[3]      ; Stuck at GND due to stuck port data_in ;
; i2c_slave_reduced:i2c_slave_reduced_instance|i2c_slave_op_reduced:i2c_slave_op_reduced_inst|i2c_state~13 ; Lost fanout                            ;
; i2c_slave_reduced:i2c_slave_reduced_instance|i2c_slave_op_reduced:i2c_slave_op_reduced_inst|i2c_state~14 ; Lost fanout                            ;
; i2c_slave_reduced:i2c_slave_reduced_instance|i2c_slave_op_reduced:i2c_slave_op_reduced_inst|i2c_state~15 ; Lost fanout                            ;
; i2c_slave_reduced:i2c_slave_reduced_instance|i2c_slave_op_reduced:i2c_slave_op_reduced_inst|i2c_state~17 ; Lost fanout                            ;
; i2c_slave_reduced:i2c_slave_reduced_instance|i2c_slave_op_reduced:i2c_slave_op_reduced_inst|main_state~4 ; Lost fanout                            ;
; i2c_slave_reduced:i2c_slave_reduced_instance|i2c_slave_op_reduced:i2c_slave_op_reduced_inst|main_state~5 ; Lost fanout                            ;
; i2c_slave_reduced:i2c_slave_reduced_instance|i2c_slave_op_reduced:i2c_slave_op_reduced_inst|main_state~6 ; Lost fanout                            ;
; i2c_slave_reduced:i2c_slave_reduced_instance|i2c_slave_op_reduced:i2c_slave_op_reduced_inst|main_state~7 ; Lost fanout                            ;
; I2C_MASTER_reduced:I2C_MASTER_reduced_instance|I2C_wr_reduced:I2C_wr_reduced_instance|i2c_state[4]       ; Stuck at GND due to stuck port data_in ;
; Total Number of Removed Registers = 104                                                                  ;                                        ;
+----------------------------------------------------------------------------------------------------------+----------------------------------------+


+---------------------------------------------------------------------------------------------------------------------------------------------------+
; Removed Registers Triggering Further Register Optimizations                                                                                       ;
+----------------+---------------------------+------------------------------------------------------------------------------------------------------+
; Register name  ; Reason for Removal        ; Registers Removed due to This Register                                                               ;
+----------------+---------------------------+------------------------------------------------------------------------------------------------------+
; mode_rd_select ; Stuck at GND              ; spi_ctrl_reduced:spi_ctrl_reduced_instance|spi_master_reduced:spi_master_reduced_instance|spi_mosir1 ;
;                ; due to stuck port data_in ;                                                                                                      ;
+----------------+---------------------------+------------------------------------------------------------------------------------------------------+


+------------------------------------------------------+
; General Register Statistics                          ;
+----------------------------------------------+-------+
; Statistic                                    ; Value ;
+----------------------------------------------+-------+
; Total registers                              ; 297   ;
; Number of registers using Synchronous Clear  ; 98    ;
; Number of registers using Synchronous Load   ; 3     ;
; Number of registers using Asynchronous Clear ; 274   ;
; Number of registers using Asynchronous Load  ; 0     ;
; Number of registers using Clock Enable       ; 167   ;
; Number of registers using Preset             ; 0     ;
+----------------------------------------------+-------+


+----------------------------------------------------------------------------------------------------------------------+
; Inverted Register Statistics                                                                                         ;
+------------------------------------------------------------------------------------------------------------+---------+
; Inverted Register                                                                                          ; Fan out ;
+------------------------------------------------------------------------------------------------------------+---------+
; spi_ctrl_reduced:spi_ctrl_reduced_instance|spi_master_reduced:spi_master_reduced_instance|spi_mosir        ; 1       ;
; spi_ctrl_reduced:spi_ctrl_reduced_instance|cs_n                                                            ; 1       ;
; I2C_MASTER_reduced:I2C_MASTER_reduced_instance|I2C_wr_reduced:I2C_wr_reduced_instance|control_phase        ; 2       ;
; I2C_MASTER_reduced:I2C_MASTER_reduced_instance|I2C_wr_reduced:I2C_wr_reduced_instance|sda_c                ; 2       ;
; I2C_MASTER_reduced:I2C_MASTER_reduced_instance|I2C_wr_reduced:I2C_wr_reduced_instance|sda_w                ; 15      ;
; i2c_slave_reduced:i2c_slave_reduced_instance|i2c_slave_op_reduced:i2c_slave_op_reduced_inst|sda_out_r      ; 2       ;
; spi_slave_b2b_reduced:spi_slave_b2b_instance_reduced|sselr                                                 ; 3       ;
; I2C_MASTER_reduced:I2C_MASTER_reduced_instance|I2C_wr_reduced:I2C_wr_reduced_instance|ack_status           ; 9       ;
; I2C_MASTER_reduced:I2C_MASTER_reduced_instance|I2C_wr_reduced:I2C_wr_reduced_instance|addr_reg[1]          ; 3       ;
; I2C_MASTER_reduced:I2C_MASTER_reduced_instance|I2C_wr_reduced:I2C_wr_reduced_instance|addr_reg[2]          ; 3       ;
; I2C_MASTER_reduced:I2C_MASTER_reduced_instance|I2C_wr_reduced:I2C_wr_reduced_instance|addr_reg[4]          ; 3       ;
; I2C_MASTER_reduced:I2C_MASTER_reduced_instance|I2C_wr_reduced:I2C_wr_reduced_instance|addr_reg[5]          ; 3       ;
; I2C_MASTER_reduced:I2C_MASTER_reduced_instance|I2C_wr_reduced:I2C_wr_reduced_instance|addr_reg[6]          ; 3       ;
; I2C_MASTER_reduced:I2C_MASTER_reduced_instance|I2C_wr_reduced:I2C_wr_reduced_instance|addr_reg[3]          ; 3       ;
; i2c_slave_reduced:i2c_slave_reduced_instance|i2c_slave_op_reduced:i2c_slave_op_reduced_inst|read_write_reg ; 3       ;
; my_uart_rx:my_uart_rx|rx_complete_reg                                                                      ; 2       ;
; Total number of inverted registers = 16                                                                    ;         ;
+------------------------------------------------------------------------------------------------------------+---------+


+----------------------------------------------------------------------------------------------------------------------------------------------------------------------------------------------------------------------------+
; Multiplexer Restructuring Statistics (Restructuring Performed)                                                                                                                                                             ;
+--------------------+-----------+---------------+----------------------+------------------------+------------+--------------------------------------------------------------------------------------------------------------+
; Multiplexer Inputs ; Bus Width ; Baseline Area ; Area if Restructured ; Saving if Restructured ; Registered ; Example Multiplexer Output                                                                                   ;
+--------------------+-----------+---------------+----------------------+------------------------+------------+--------------------------------------------------------------------------------------------------------------+
; 3:1                ; 8 bits    ; 16 LEs        ; 8 LEs                ; 8 LEs                  ; Yes        ; |top|spi_slave_b2b_reduced:spi_slave_b2b_instance_reduced|last_byte_data_sent[7]                             ;
; 3:1                ; 5 bits    ; 10 LEs        ; 5 LEs                ; 5 LEs                  ; Yes        ; |top|spi_ctrl_reduced:spi_ctrl_reduced_instance|spi_master_reduced:spi_master_reduced_instance|cnt8[3]       ;
; 3:1                ; 8 bits    ; 16 LEs        ; 8 LEs                ; 8 LEs                  ; Yes        ; |top|I2C_MASTER_reduced:I2C_MASTER_reduced_instance|I2C_wr_reduced:I2C_wr_reduced_instance|clk_div[0]        ;
; 4:1                ; 8 bits    ; 16 LEs        ; 8 LEs                ; 8 LEs                  ; Yes        ; |top|i2c_slave_reduced:i2c_slave_reduced_instance|i2c_slave_op_reduced:i2c_slave_op_reduced_inst|data_reg[6] ;
; 5:1                ; 8 bits    ; 24 LEs        ; 8 LEs                ; 16 LEs                 ; Yes        ; |top|I2C_MASTER_reduced:I2C_MASTER_reduced_instance|data_reg[6]                                              ;
; 24:1               ; 8 bits    ; 128 LEs       ; 8 LEs                ; 120 LEs                ; Yes        ; |top|I2C_MASTER_reduced:I2C_MASTER_reduced_instance|I2C_wr_reduced:I2C_wr_reduced_instance|delay_reg[3]      ;
; 19:1               ; 6 bits    ; 72 LEs        ; 12 LEs               ; 60 LEs                 ; Yes        ; |top|I2C_MASTER_reduced:I2C_MASTER_reduced_instance|I2C_wr_reduced:I2C_wr_reduced_instance|addr_reg[1]       ;
; 4:1                ; 2 bits    ; 4 LEs         ; 4 LEs                ; 0 LEs                  ; No         ; |top|i2c_slave_reduced:i2c_slave_reduced_instance|i2c_slave_op_reduced:i2c_slave_op_reduced_inst|i2c_state   ;
+--------------------+-----------+---------------+----------------------+------------------------+------------+--------------------------------------------------------------------------------------------------------------+


+---------------------------------------------------------------------+
; Parameter Settings for User Entity Instance: Top-level Entity: |top ;
+----------------+----------+-----------------------------------------+
; Parameter Name ; Value    ; Type                                    ;
+----------------+----------+-----------------------------------------+
; IDLE           ; 000      ; Unsigned Binary                         ;
; S1             ; 001      ; Unsigned Binary                         ;
; WAIT           ; 010      ; Unsigned Binary                         ;
; SAVE           ; 100      ; Unsigned Binary                         ;
; A              ; 01000001 ; Unsigned Binary                         ;
; B              ; 01000010 ; Unsigned Binary                         ;
; C              ; 01000011 ; Unsigned Binary                         ;
; D              ; 01000100 ; Unsigned Binary                         ;
; E              ; 01000101 ; Unsigned Binary                         ;
; F              ; 01000110 ; Unsigned Binary                         ;
; G              ; 01000111 ; Unsigned Binary                         ;
; H              ; 01001000 ; Unsigned Binary                         ;
; I              ; 01001001 ; Unsigned Binary                         ;
; J              ; 01001010 ; Unsigned Binary                         ;
; K              ; 01001011 ; Unsigned Binary                         ;
; L              ; 01001100 ; Unsigned Binary                         ;
; M              ; 01001101 ; Unsigned Binary                         ;
; N              ; 01001110 ; Unsigned Binary                         ;
; O              ; 01001111 ; Unsigned Binary                         ;
; P              ; 01010000 ; Unsigned Binary                         ;
; Q              ; 01010001 ; Unsigned Binary                         ;
; R              ; 01010010 ; Unsigned Binary                         ;
; S              ; 01010011 ; Unsigned Binary                         ;
; T              ; 01010100 ; Unsigned Binary                         ;
; U              ; 01010101 ; Unsigned Binary                         ;
; V              ; 01010110 ; Unsigned Binary                         ;
; W              ; 01010111 ; Unsigned Binary                         ;
; X              ; 01011000 ; Unsigned Binary                         ;
; Y              ; 01011001 ; Unsigned Binary                         ;
; Z              ; 01011010 ; Unsigned Binary                         ;
; Z0             ; 00110000 ; Unsigned Binary                         ;
; I1             ; 00110001 ; Unsigned Binary                         ;
; II             ; 00110010 ; Unsigned Binary                         ;
; III            ; 00110011 ; Unsigned Binary                         ;
; IV             ; 00110100 ; Unsigned Binary                         ;
; V5             ; 00110101 ; Unsigned Binary                         ;
; VI             ; 00110110 ; Unsigned Binary                         ;
; VII            ; 00110111 ; Unsigned Binary                         ;
; VIII           ; 00111000 ; Unsigned Binary                         ;
; VIIII          ; 00111001 ; Unsigned Binary                         ;
+----------------+----------+-----------------------------------------+
Note: In order to hide this table in the UI and the text report file, please set the "Show Parameter Settings in Synthesis Report" option in "Analysis and Synthesis Settings -> More Settings" to "Off".


+------------------------------------------------------------------------+
; Parameter Settings for User Entity Instance: speed_select:speed_select ;
+----------------+-------+-----------------------------------------------+
; Parameter Name ; Value ; Type                                          ;
+----------------+-------+-----------------------------------------------+
; bps9600        ; 5208  ; Signed Integer                                ;
; bps19200       ; 2603  ; Signed Integer                                ;
; bps38400       ; 1301  ; Signed Integer                                ;
; bps57600       ; 867   ; Signed Integer                                ;
; bps115200      ; 434   ; Signed Integer                                ;
; bps256000      ; 195   ; Signed Integer                                ;
; bps9600_2      ; 2604  ; Signed Integer                                ;
; bps19200_2     ; 1301  ; Signed Integer                                ;
; bps38400_2     ; 650   ; Signed Integer                                ;
; bps57600_2     ; 433   ; Signed Integer                                ;
; bps115200_2    ; 217   ; Signed Integer                                ;
; bps256000_2    ; 97    ; Signed Integer                                ;
+----------------+-------+-----------------------------------------------+
Note: In order to hide this table in the UI and the text report file, please set the "Show Parameter Settings in Synthesis Report" option in "Analysis and Synthesis Settings -> More Settings" to "Off".


+------------------------------------------------------------------------------------------------------------------------------------------+
; Parameter Settings for User Entity Instance: i2c_slave_reduced:i2c_slave_reduced_instance|i2c_slave_op_reduced:i2c_slave_op_reduced_inst ;
+----------------+-------+-----------------------------------------------------------------------------------------------------------------+
; Parameter Name ; Value ; Type                                                                                                            ;
+----------------+-------+-----------------------------------------------------------------------------------------------------------------+
; data_7         ; 0000  ; Unsigned Binary                                                                                                 ;
; data_6         ; 0001  ; Unsigned Binary                                                                                                 ;
; data_5         ; 0010  ; Unsigned Binary                                                                                                 ;
; data_4         ; 0011  ; Unsigned Binary                                                                                                 ;
; data_3         ; 0100  ; Unsigned Binary                                                                                                 ;
; data_2         ; 0101  ; Unsigned Binary                                                                                                 ;
; data_1         ; 0110  ; Unsigned Binary                                                                                                 ;
; data_0         ; 0111  ; Unsigned Binary                                                                                                 ;
; data_act       ; 1000  ; Unsigned Binary                                                                                                 ;
; idle_status    ; 0000  ; Unsigned Binary                                                                                                 ;
; address_status ; 0001  ; Unsigned Binary                                                                                                 ;
; read_status    ; 0010  ; Unsigned Binary                                                                                                 ;
; write_status   ; 0011  ; Unsigned Binary                                                                                                 ;
+----------------+-------+-----------------------------------------------------------------------------------------------------------------+
Note: In order to hide this table in the UI and the text report file, please set the "Show Parameter Settings in Synthesis Report" option in "Analysis and Synthesis Settings -> More Settings" to "Off".


+---------------------------------------------------------------------------------------------+
; Parameter Settings for User Entity Instance: I2C_MASTER_reduced:I2C_MASTER_reduced_instance ;
+----------------+-------+--------------------------------------------------------------------+
; Parameter Name ; Value ; Type                                                               ;
+----------------+-------+--------------------------------------------------------------------+
; data_7         ; 0000  ; Unsigned Binary                                                    ;
; data_0         ; 0111  ; Unsigned Binary                                                    ;
; data_act       ; 1000  ; Unsigned Binary                                                    ;
; idle_status    ; 0000  ; Unsigned Binary                                                    ;
; start_status   ; 0001  ; Unsigned Binary                                                    ;
; address_status ; 0010  ; Unsigned Binary                                                    ;
; read_status    ; 0011  ; Unsigned Binary                                                    ;
; write_status   ; 0100  ; Unsigned Binary                                                    ;
; stop_status    ; 0101  ; Unsigned Binary                                                    ;
+----------------+-------+--------------------------------------------------------------------+
Note: In order to hide this table in the UI and the text report file, please set the "Show Parameter Settings in Synthesis Report" option in "Analysis and Synthesis Settings -> More Settings" to "Off".


+------------------------------------------------------------------------------------------------------------------------------------+
; Parameter Settings for User Entity Instance: I2C_MASTER_reduced:I2C_MASTER_reduced_instance|I2C_wr_reduced:I2C_wr_reduced_instance ;
+----------------+-------+-----------------------------------------------------------------------------------------------------------+
; Parameter Name ; Value ; Type                                                                                                      ;
+----------------+-------+-----------------------------------------------------------------------------------------------------------+
; data_7         ; 0000  ; Unsigned Binary                                                                                           ;
; data_6         ; 0001  ; Unsigned Binary                                                                                           ;
; data_5         ; 0010  ; Unsigned Binary                                                                                           ;
; data_4         ; 0011  ; Unsigned Binary                                                                                           ;
; data_3         ; 0100  ; Unsigned Binary                                                                                           ;
; data_2         ; 0101  ; Unsigned Binary                                                                                           ;
; data_1         ; 0110  ; Unsigned Binary                                                                                           ;
; data_0         ; 0111  ; Unsigned Binary                                                                                           ;
; data_act       ; 1000  ; Unsigned Binary                                                                                           ;
; idle_status    ; 0000  ; Unsigned Binary                                                                                           ;
; start_status   ; 0001  ; Unsigned Binary                                                                                           ;
; address_status ; 0010  ; Unsigned Binary                                                                                           ;
; read_status    ; 0011  ; Unsigned Binary                                                                                           ;
; write_status   ; 0100  ; Unsigned Binary                                                                                           ;
; stop_status    ; 0101  ; Unsigned Binary                                                                                           ;
; delay_status   ; 0110  ; Unsigned Binary                                                                                           ;
+----------------+-------+-----------------------------------------------------------------------------------------------------------+
Note: In order to hide this table in the UI and the text report file, please set the "Show Parameter Settings in Synthesis Report" option in "Analysis and Synthesis Settings -> More Settings" to "Off".


+-------------------------------------------------------------------------------------------------------------------------------------------+
; Port Connectivity Checks: "I2C_MASTER_reduced:I2C_MASTER_reduced_instance|I2C_wr_reduced:I2C_wr_reduced_instance"                         ;
+------------+--------+----------+----------------------------------------------------------------------------------------------------------+
; Port       ; Type   ; Severity ; Details                                                                                                  ;
+------------+--------+----------+----------------------------------------------------------------------------------------------------------+
; ack_status ; Output ; Warning  ; Declared by entity but not connected by instance. Logic that only feeds a dangling port will be removed. ;
+------------+--------+----------+----------------------------------------------------------------------------------------------------------+


+-------------------------------------------------------------------------------------------------------------------------------------+
; Port Connectivity Checks: "i2c_slave_reduced:i2c_slave_reduced_instance"                                                            ;
+------+--------+----------+----------------------------------------------------------------------------------------------------------+
; Port ; Type   ; Severity ; Details                                                                                                  ;
+------+--------+----------+----------------------------------------------------------------------------------------------------------+
; led  ; Output ; Warning  ; Declared by entity but not connected by instance. Logic that only feeds a dangling port will be removed. ;
+------+--------+----------+----------------------------------------------------------------------------------------------------------+


+--------------------------------------------------------------------------------------------------------------------------+
; Port Connectivity Checks: "spi_ctrl_reduced:spi_ctrl_reduced_instance"                                                   ;
+----------------+--------+----------+-------------------------------------------------------------------------------------+
; Port           ; Type   ; Severity ; Details                                                                             ;
+----------------+--------+----------+-------------------------------------------------------------------------------------+
; receive_status ; Output ; Info     ; Connected to dangling logic. Logic that only feeds a dangling port will be removed. ;
+----------------+--------+----------+-------------------------------------------------------------------------------------+


+--------------------------------------------------------------------------------------------------------------------------+
; Port Connectivity Checks: "spi_slave_b2b_reduced:spi_slave_b2b_instance_reduced"                                         ;
+----------------+--------+----------+-------------------------------------------------------------------------------------+
; Port           ; Type   ; Severity ; Details                                                                             ;
+----------------+--------+----------+-------------------------------------------------------------------------------------+
; recived_status ; Output ; Info     ; Connected to dangling logic. Logic that only feeds a dangling port will be removed. ;
+----------------+--------+----------+-------------------------------------------------------------------------------------+


+-----------------------------------------------------------------------------------------------------------------------------------------------------------------------------------+
; Port Connectivity Checks: "my_uart_tx:my_uart_tx"                                                                                                                                 ;
+-------------+--------+----------+-------------------------------------------------------------------------------------------------------------------------------------------------+
; Port        ; Type   ; Severity ; Details                                                                                                                                         ;
+-------------+--------+----------+-------------------------------------------------------------------------------------------------------------------------------------------------+
; tx_data     ; Input  ; Warning  ; Input port expression (1 bits) is smaller than the input port (8 bits) it drives.  Extra input bit(s) "tx_data[7..1]" will be connected to GND. ;
; tx_complete ; Output ; Info     ; Connected to dangling logic. Logic that only feeds a dangling port will be removed.                                                             ;
; uart_tx     ; Output ; Info     ; Connected to dangling logic. Logic that only feeds a dangling port will be removed.                                                             ;
; error       ; Output ; Info     ; Connected to dangling logic. Logic that only feeds a dangling port will be removed.                                                             ;
+-------------+--------+----------+-------------------------------------------------------------------------------------------------------------------------------------------------+


+-----------------------------------------------------------------------------------------------------------------------+
; Port Connectivity Checks: "my_uart_rx:my_uart_rx"                                                                     ;
+-------------+--------+----------+-------------------------------------------------------------------------------------+
; Port        ; Type   ; Severity ; Details                                                                             ;
+-------------+--------+----------+-------------------------------------------------------------------------------------+
; rx_complete ; Output ; Info     ; Connected to dangling logic. Logic that only feeds a dangling port will be removed. ;
; rx_error    ; Output ; Info     ; Connected to dangling logic. Logic that only feeds a dangling port will be removed. ;
+-------------+--------+----------+-------------------------------------------------------------------------------------+


+-------------------------------+
; Analysis & Synthesis Messages ;
+-------------------------------+
Info: *******************************************************************
Info: Running Quartus Prime Analysis & Synthesis
    Info: Version 17.1.0 Build 590 10/25/2017 SJ Lite Edition
    Info: Processing started: Thu Aug 02 11:36:00 2018
Info: Command: quartus_map --read_settings_files=on --write_settings_files=off top -c top
Info (20032): Parallel compilation is enabled and will use up to 2 processors
Info (12021): Found 1 design units, including 1 entities, in source file top.v
    Info (12023): Found entity 1: top File: C:/github/pycpld.git/quartus-II/top_evkmimx8mm/top.v Line: 4
Info (12021): Found 1 design units, including 1 entities, in source file pwm_out.v
    Info (12023): Found entity 1: pwm_out File: C:/github/pycpld.git/quartus-II/top_evkmimx8mm/pwm_out.v Line: 8
Info (12021): Found 1 design units, including 1 entities, in source file i2c_master_reduced.v
    Info (12023): Found entity 1: I2C_MASTER_reduced File: C:/github/pycpld.git/quartus-II/top_evkmimx8mm/I2C_MASTER_reduced.v Line: 9
Info (12021): Found 1 design units, including 1 entities, in source file i2c_wr_reduced.v
    Info (12023): Found entity 1: I2C_wr_reduced File: C:/github/pycpld.git/quartus-II/top_evkmimx8mm/I2C_wr_reduced.v Line: 9
Info (12021): Found 1 design units, including 1 entities, in source file test_i2c_master.v
    Info (12023): Found entity 1: test_i2c_master File: C:/github/pycpld.git/quartus-II/top_evkmimx8mm/test_i2c_master.v Line: 6
Info (12021): Found 1 design units, including 1 entities, in source file spi_slave_b2b_reduced.v
    Info (12023): Found entity 1: spi_slave_b2b_reduced File: C:/github/pycpld.git/quartus-II/top_evkmimx8mm/spi_slave_b2b_reduced.v Line: 12
Info (12021): Found 1 design units, including 1 entities, in source file i2c_slave_reduced.v
    Info (12023): Found entity 1: i2c_slave_reduced File: C:/github/pycpld.git/quartus-II/top_evkmimx8mm/i2c_slave_reduced.v Line: 7
Info (12021): Found 1 design units, including 1 entities, in source file i2c_slave_op_reduced.v
    Info (12023): Found entity 1: i2c_slave_op_reduced File: C:/github/pycpld.git/quartus-II/top_evkmimx8mm/i2c_slave_op_reduced.v Line: 7
Info (12021): Found 1 design units, including 1 entities, in source file spi_ctrl_reduced.v
    Info (12023): Found entity 1: spi_ctrl_reduced File: C:/github/pycpld.git/quartus-II/top_evkmimx8mm/spi_ctrl_reduced.v Line: 1
Info (12021): Found 1 design units, including 1 entities, in source file spi_master_reduced.v
    Info (12023): Found entity 1: spi_master_reduced File: C:/github/pycpld.git/quartus-II/top_evkmimx8mm/spi_master_reduced.v Line: 7
Info (12021): Found 1 design units, including 1 entities, in source file speed_select.v
    Info (12023): Found entity 1: speed_select File: C:/github/pycpld.git/quartus-II/top_evkmimx8mm/speed_select.v Line: 1
Info (12021): Found 1 design units, including 1 entities, in source file uart_rx.v
    Info (12023): Found entity 1: my_uart_rx File: C:/github/pycpld.git/quartus-II/top_evkmimx8mm/uart_rx.v Line: 1
Info (12021): Found 1 design units, including 1 entities, in source file uart_tx.v
    Info (12023): Found entity 1: my_uart_tx File: C:/github/pycpld.git/quartus-II/top_evkmimx8mm/uart_tx.v Line: 1
Info (12021): Found 1 design units, including 1 entities, in source file spi_test.v
    Info (12023): Found entity 1: test_spi File: C:/github/pycpld.git/quartus-II/top_evkmimx8mm/spi_test.v Line: 3
Warning (10236): Verilog HDL Implicit Net warning at top.v(184): created implicit net for "capture_rst" File: C:/github/pycpld.git/quartus-II/top_evkmimx8mm/top.v Line: 184
Warning (10236): Verilog HDL Implicit Net warning at top.v(186): created implicit net for "tx_start" File: C:/github/pycpld.git/quartus-II/top_evkmimx8mm/top.v Line: 186
Warning (10236): Verilog HDL Implicit Net warning at top.v(187): created implicit net for "tx_data" File: C:/github/pycpld.git/quartus-II/top_evkmimx8mm/top.v Line: 187
Warning (10236): Verilog HDL Implicit Net warning at top.v(190): created implicit net for "rs232_tx" File: C:/github/pycpld.git/quartus-II/top_evkmimx8mm/top.v Line: 190
Warning (10227): Verilog HDL Port Declaration warning at I2C_wr_reduced.v(36): data type declaration for "main_state" declares packed dimensions but the port declaration declaration does not File: C:/github/pycpld.git/quartus-II/top_evkmimx8mm/I2C_wr_reduced.v Line: 36
Info (10499): HDL info at I2C_wr_reduced.v(22): see declaration for object "main_state" File: C:/github/pycpld.git/quartus-II/top_evkmimx8mm/I2C_wr_reduced.v Line: 22
Warning (10227): Verilog HDL Port Declaration warning at I2C_wr_reduced.v(37): data type declaration for "i2c_state" declares packed dimensions but the port declaration declaration does not File: C:/github/pycpld.git/quartus-II/top_evkmimx8mm/I2C_wr_reduced.v Line: 37
Info (10499): HDL info at I2C_wr_reduced.v(23): see declaration for object "i2c_state" File: C:/github/pycpld.git/quartus-II/top_evkmimx8mm/I2C_wr_reduced.v Line: 23
Info (12127): Elaborating entity "top" for the top level hierarchy
Warning (10036): Verilog HDL or VHDL warning at top.v(117): object "linkBIM" assigned a value but never read File: C:/github/pycpld.git/quartus-II/top_evkmimx8mm/top.v Line: 117
Info (10264): Verilog HDL Case Statement information at top.v(270): all case item expressions in this case statement are onehot File: C:/github/pycpld.git/quartus-II/top_evkmimx8mm/top.v Line: 270
Warning (10230): Verilog HDL assignment warning at top.v(317): truncated value with size 32 to match size of target (24) File: C:/github/pycpld.git/quartus-II/top_evkmimx8mm/top.v Line: 317
Info (12128): Elaborating entity "speed_select" for hierarchy "speed_select:speed_select" File: C:/github/pycpld.git/quartus-II/top_evkmimx8mm/top.v Line: 173
Warning (10230): Verilog HDL assignment warning at speed_select.v(40): truncated value with size 32 to match size of target (13) File: C:/github/pycpld.git/quartus-II/top_evkmimx8mm/speed_select.v Line: 40
Warning (10230): Verilog HDL assignment warning at speed_select.v(41): truncated value with size 32 to match size of target (13) File: C:/github/pycpld.git/quartus-II/top_evkmimx8mm/speed_select.v Line: 41
Warning (10230): Verilog HDL assignment warning at speed_select.v(44): truncated value with size 32 to match size of target (13) File: C:/github/pycpld.git/quartus-II/top_evkmimx8mm/speed_select.v Line: 44
Warning (10230): Verilog HDL assignment warning at speed_select.v(45): truncated value with size 32 to match size of target (13) File: C:/github/pycpld.git/quartus-II/top_evkmimx8mm/speed_select.v Line: 45
Warning (10230): Verilog HDL assignment warning at speed_select.v(48): truncated value with size 32 to match size of target (13) File: C:/github/pycpld.git/quartus-II/top_evkmimx8mm/speed_select.v Line: 48
Warning (10230): Verilog HDL assignment warning at speed_select.v(49): truncated value with size 32 to match size of target (13) File: C:/github/pycpld.git/quartus-II/top_evkmimx8mm/speed_select.v Line: 49
Warning (10230): Verilog HDL assignment warning at speed_select.v(52): truncated value with size 32 to match size of target (13) File: C:/github/pycpld.git/quartus-II/top_evkmimx8mm/speed_select.v Line: 52
Warning (10230): Verilog HDL assignment warning at speed_select.v(53): truncated value with size 32 to match size of target (13) File: C:/github/pycpld.git/quartus-II/top_evkmimx8mm/speed_select.v Line: 53
Warning (10230): Verilog HDL assignment warning at speed_select.v(56): truncated value with size 32 to match size of target (13) File: C:/github/pycpld.git/quartus-II/top_evkmimx8mm/speed_select.v Line: 56
Warning (10230): Verilog HDL assignment warning at speed_select.v(57): truncated value with size 32 to match size of target (13) File: C:/github/pycpld.git/quartus-II/top_evkmimx8mm/speed_select.v Line: 57
Warning (10230): Verilog HDL assignment warning at speed_select.v(60): truncated value with size 32 to match size of target (13) File: C:/github/pycpld.git/quartus-II/top_evkmimx8mm/speed_select.v Line: 60
Warning (10230): Verilog HDL assignment warning at speed_select.v(61): truncated value with size 32 to match size of target (13) File: C:/github/pycpld.git/quartus-II/top_evkmimx8mm/speed_select.v Line: 61
Warning (10240): Verilog HDL Always Construct warning at speed_select.v(31): inferring latch(es) for variable "uart_ctrl", which holds its previous value in one or more paths through the always construct File: C:/github/pycpld.git/quartus-II/top_evkmimx8mm/speed_select.v Line: 31
Info (10041): Inferred latch for "uart_ctrl.101" at speed_select.v(31) File: C:/github/pycpld.git/quartus-II/top_evkmimx8mm/speed_select.v Line: 31
Info (10041): Inferred latch for "uart_ctrl.100" at speed_select.v(31) File: C:/github/pycpld.git/quartus-II/top_evkmimx8mm/speed_select.v Line: 31
Info (10041): Inferred latch for "uart_ctrl.011" at speed_select.v(31) File: C:/github/pycpld.git/quartus-II/top_evkmimx8mm/speed_select.v Line: 31
Info (10041): Inferred latch for "uart_ctrl.010" at speed_select.v(31) File: C:/github/pycpld.git/quartus-II/top_evkmimx8mm/speed_select.v Line: 31
Info (10041): Inferred latch for "uart_ctrl.001" at speed_select.v(31) File: C:/github/pycpld.git/quartus-II/top_evkmimx8mm/speed_select.v Line: 31
Info (10041): Inferred latch for "uart_ctrl.000" at speed_select.v(31) File: C:/github/pycpld.git/quartus-II/top_evkmimx8mm/speed_select.v Line: 31
Info (12128): Elaborating entity "my_uart_rx" for hierarchy "my_uart_rx:my_uart_rx" File: C:/github/pycpld.git/quartus-II/top_evkmimx8mm/top.v Line: 182
Info (12128): Elaborating entity "my_uart_tx" for hierarchy "my_uart_tx:my_uart_tx" File: C:/github/pycpld.git/quartus-II/top_evkmimx8mm/top.v Line: 192
Warning (10034): Output port "error" at uart_tx.v(10) has no driver File: C:/github/pycpld.git/quartus-II/top_evkmimx8mm/uart_tx.v Line: 10
Info (12128): Elaborating entity "spi_slave_b2b_reduced" for hierarchy "spi_slave_b2b_reduced:spi_slave_b2b_instance_reduced" File: C:/github/pycpld.git/quartus-II/top_evkmimx8mm/top.v Line: 202
Warning (10230): Verilog HDL assignment warning at spi_slave_b2b_reduced.v(102): truncated value with size 32 to match size of target (8) File: C:/github/pycpld.git/quartus-II/top_evkmimx8mm/spi_slave_b2b_reduced.v Line: 102
Warning (10034): Output port "recived_status" at spi_slave_b2b_reduced.v(20) has no driver File: C:/github/pycpld.git/quartus-II/top_evkmimx8mm/spi_slave_b2b_reduced.v Line: 20
Info (12128): Elaborating entity "pwm_out" for hierarchy "pwm_out:pwm_out" File: C:/github/pycpld.git/quartus-II/top_evkmimx8mm/top.v Line: 212
Info (12128): Elaborating entity "spi_ctrl_reduced" for hierarchy "spi_ctrl_reduced:spi_ctrl_reduced_instance" File: C:/github/pycpld.git/quartus-II/top_evkmimx8mm/top.v Line: 225
Info (12128): Elaborating entity "spi_master_reduced" for hierarchy "spi_ctrl_reduced:spi_ctrl_reduced_instance|spi_master_reduced:spi_master_reduced_instance" File: C:/github/pycpld.git/quartus-II/top_evkmimx8mm/spi_ctrl_reduced.v Line: 78
Warning (10858): Verilog HDL warning at spi_master_reduced.v(57): object spi_rx_db used but never assigned File: C:/github/pycpld.git/quartus-II/top_evkmimx8mm/spi_master_reduced.v Line: 57
Warning (10034): Output port "spi_over" at spi_master_reduced.v(29) has no driver File: C:/github/pycpld.git/quartus-II/top_evkmimx8mm/spi_master_reduced.v Line: 29
Warning (10034): Output port "receive_status" at spi_master_reduced.v(31) has no driver File: C:/github/pycpld.git/quartus-II/top_evkmimx8mm/spi_master_reduced.v Line: 31
Info (12128): Elaborating entity "i2c_slave_reduced" for hierarchy "i2c_slave_reduced:i2c_slave_reduced_instance" File: C:/github/pycpld.git/quartus-II/top_evkmimx8mm/top.v Line: 232
Warning (10230): Verilog HDL assignment warning at i2c_slave_reduced.v(35): truncated value with size 8 to match size of target (4) File: C:/github/pycpld.git/quartus-II/top_evkmimx8mm/i2c_slave_reduced.v Line: 35
Warning (10230): Verilog HDL assignment warning at i2c_slave_reduced.v(42): truncated value with size 8 to match size of target (4) File: C:/github/pycpld.git/quartus-II/top_evkmimx8mm/i2c_slave_reduced.v Line: 42
Info (12128): Elaborating entity "i2c_slave_op_reduced" for hierarchy "i2c_slave_reduced:i2c_slave_reduced_instance|i2c_slave_op_reduced:i2c_slave_op_reduced_inst" File: C:/github/pycpld.git/quartus-II/top_evkmimx8mm/i2c_slave_reduced.v Line: 57
Warning (10230): Verilog HDL assignment warning at i2c_slave_op_reduced.v(232): truncated value with size 32 to match size of target (8) File: C:/github/pycpld.git/quartus-II/top_evkmimx8mm/i2c_slave_op_reduced.v Line: 232
Info (10041): Inferred latch for "stop_bus_wire" at i2c_slave_op_reduced.v(91) File: C:/github/pycpld.git/quartus-II/top_evkmimx8mm/i2c_slave_op_reduced.v Line: 91
Info (10041): Inferred latch for "start_bus_wire" at i2c_slave_op_reduced.v(90) File: C:/github/pycpld.git/quartus-II/top_evkmimx8mm/i2c_slave_op_reduced.v Line: 90
Info (12128): Elaborating entity "I2C_MASTER_reduced" for hierarchy "I2C_MASTER_reduced:I2C_MASTER_reduced_instance" File: C:/github/pycpld.git/quartus-II/top_evkmimx8mm/top.v Line: 243
Warning (10230): Verilog HDL assignment warning at I2C_MASTER_reduced.v(92): truncated value with size 32 to match size of target (8) File: C:/github/pycpld.git/quartus-II/top_evkmimx8mm/I2C_MASTER_reduced.v Line: 92
Warning (10230): Verilog HDL assignment warning at I2C_MASTER_reduced.v(127): truncated value with size 32 to match size of target (8) File: C:/github/pycpld.git/quartus-II/top_evkmimx8mm/I2C_MASTER_reduced.v Line: 127
Info (12128): Elaborating entity "I2C_wr_reduced" for hierarchy "I2C_MASTER_reduced:I2C_MASTER_reduced_instance|I2C_wr_reduced:I2C_wr_reduced_instance" File: C:/github/pycpld.git/quartus-II/top_evkmimx8mm/I2C_MASTER_reduced.v Line: 177
Warning (10230): Verilog HDL assignment warning at I2C_wr_reduced.v(278): truncated value with size 32 to match size of target (8) File: C:/github/pycpld.git/quartus-II/top_evkmimx8mm/I2C_wr_reduced.v Line: 278
Warning (10230): Verilog HDL assignment warning at I2C_wr_reduced.v(281): truncated value with size 32 to match size of target (7) File: C:/github/pycpld.git/quartus-II/top_evkmimx8mm/I2C_wr_reduced.v Line: 281
Warning (13046): Tri-state node(s) do not directly drive top-level pin(s)
    Warning (13049): Converted tri-state buffer "I2C_MASTER_reduced:I2C_MASTER_reduced_instance|data[5]" feeding internal logic into a wire File: C:/github/pycpld.git/quartus-II/top_evkmimx8mm/I2C_MASTER_reduced.v Line: 27
    Warning (13049): Converted tri-state buffer "I2C_MASTER_reduced:I2C_MASTER_reduced_instance|data[4]" feeding internal logic into a wire File: C:/github/pycpld.git/quartus-II/top_evkmimx8mm/I2C_MASTER_reduced.v Line: 27
    Warning (13049): Converted tri-state buffer "I2C_MASTER_reduced:I2C_MASTER_reduced_instance|data[3]" feeding internal logic into a wire File: C:/github/pycpld.git/quartus-II/top_evkmimx8mm/I2C_MASTER_reduced.v Line: 27
    Warning (13049): Converted tri-state buffer "I2C_MASTER_reduced:I2C_MASTER_reduced_instance|data[2]" feeding internal logic into a wire File: C:/github/pycpld.git/quartus-II/top_evkmimx8mm/I2C_MASTER_reduced.v Line: 27
    Warning (13049): Converted tri-state buffer "I2C_MASTER_reduced:I2C_MASTER_reduced_instance|data[1]" feeding internal logic into a wire File: C:/github/pycpld.git/quartus-II/top_evkmimx8mm/I2C_MASTER_reduced.v Line: 27
    Warning (13049): Converted tri-state buffer "I2C_MASTER_reduced:I2C_MASTER_reduced_instance|data[0]" feeding internal logic into a wire File: C:/github/pycpld.git/quartus-II/top_evkmimx8mm/I2C_MASTER_reduced.v Line: 27
    Warning (13049): Converted tri-state buffer "I2C_MASTER_reduced:I2C_MASTER_reduced_instance|data[6]" feeding internal logic into a wire File: C:/github/pycpld.git/quartus-II/top_evkmimx8mm/I2C_MASTER_reduced.v Line: 27
    Warning (13049): Converted tri-state buffer "I2C_MASTER_reduced:I2C_MASTER_reduced_instance|data[7]" feeding internal logic into a wire File: C:/github/pycpld.git/quartus-II/top_evkmimx8mm/I2C_MASTER_reduced.v Line: 27
Warning (12241): 3 hierarchies have connectivity warnings - see the Connectivity Checks report folder
Warning (13034): The following nodes have both tri-state and non-tri-state drivers
    Warning (13035): Inserted always-enabled tri-state buffer between "BusC[95]" and its non-tri-state driver. File: C:/github/pycpld.git/quartus-II/top_evkmimx8mm/top.v Line: 15
Warning (13039): The following bidirectional pins have no drivers
    Warning (13040): bidirectional pin "BusB[84]" has no driver File: C:/github/pycpld.git/quartus-II/top_evkmimx8mm/top.v Line: 14
    Warning (13040): bidirectional pin "BusB[86]" has no driver File: C:/github/pycpld.git/quartus-II/top_evkmimx8mm/top.v Line: 14
    Warning (13040): bidirectional pin "BusA[59]" has no driver File: C:/github/pycpld.git/quartus-II/top_evkmimx8mm/top.v Line: 13
    Warning (13040): bidirectional pin "BusA[60]" has no driver File: C:/github/pycpld.git/quartus-II/top_evkmimx8mm/top.v Line: 13
    Warning (13040): bidirectional pin "BusB[78]" has no driver File: C:/github/pycpld.git/quartus-II/top_evkmimx8mm/top.v Line: 14
    Warning (13040): bidirectional pin "BusB[79]" has no driver File: C:/github/pycpld.git/quartus-II/top_evkmimx8mm/top.v Line: 14
    Warning (13040): bidirectional pin "BusB[80]" has no driver File: C:/github/pycpld.git/quartus-II/top_evkmimx8mm/top.v Line: 14
    Warning (13040): bidirectional pin "BusB[81]" has no driver File: C:/github/pycpld.git/quartus-II/top_evkmimx8mm/top.v Line: 14
    Warning (13040): bidirectional pin "BusB[83]" has no driver File: C:/github/pycpld.git/quartus-II/top_evkmimx8mm/top.v Line: 14
    Warning (13040): bidirectional pin "BusB[85]" has no driver File: C:/github/pycpld.git/quartus-II/top_evkmimx8mm/top.v Line: 14
    Warning (13040): bidirectional pin "BusC[96]" has no driver File: C:/github/pycpld.git/quartus-II/top_evkmimx8mm/top.v Line: 15
    Warning (13040): bidirectional pin "BusC[98]" has no driver File: C:/github/pycpld.git/quartus-II/top_evkmimx8mm/top.v Line: 15
Warning (13046): Tri-state node(s) do not directly drive top-level pin(s)
    Warning (13047): Converted the fan-out from the tri-state buffer "I2C_MASTER_reduced:I2C_MASTER_reduced_instance|sda_in" to the node "I2C_MASTER_reduced:I2C_MASTER_reduced_instance|I2C_wr_reduced:I2C_wr_reduced_instance|ack_status" into an OR gate File: C:/github/pycpld.git/quartus-II/top_evkmimx8mm/I2C_MASTER_reduced.v Line: 41
    Warning (13047): Converted the fan-out from the tri-state buffer "ss_rd_sck_b2b" to the node "spi_slave_b2b_reduced:spi_slave_b2b_instance_reduced|curr" into an OR gate File: C:/github/pycpld.git/quartus-II/top_evkmimx8mm/top.v Line: 84
    Warning (13047): Converted the fan-out from the tri-state buffer "ss_rd_ssel_b2b" to the node "spi_slave_b2b_reduced:spi_slave_b2b_instance_reduced|sselr" into an OR gate File: C:/github/pycpld.git/quartus-II/top_evkmimx8mm/top.v Line: 87
    Warning (13047): Converted the fan-out from the tri-state buffer "scl_slv_rd" to the node "i2c_slave_reduced:i2c_slave_reduced_instance|i2c_slave_op_reduced:i2c_slave_op_reduced_inst|start_bus_wire" into an OR gate File: C:/github/pycpld.git/quartus-II/top_evkmimx8mm/top.v Line: 99
    Warning (13047): Converted the fan-out from the tri-state buffer "i2c_slave_reduced:i2c_slave_reduced_instance|sda_in" to the node "i2c_slave_reduced:i2c_slave_reduced_instance|i2c_slave_op_reduced:i2c_slave_op_reduced_inst|stop_bus_wire" into an OR gate File: C:/github/pycpld.git/quartus-II/top_evkmimx8mm/i2c_slave_reduced.v Line: 23
    Warning (13047): Converted the fan-out from the tri-state buffer "I2C_MASTER_reduced:I2C_MASTER_reduced_instance|I2C_wr_reduced:I2C_wr_reduced_instance|scl" to the node "I2C_MASTER_reduced:I2C_MASTER_reduced_instance|I2C_wr_reduced:I2C_wr_reduced_instance|always3" into an OR gate File: C:/github/pycpld.git/quartus-II/top_evkmimx8mm/I2C_wr_reduced.v Line: 27
    Warning (13047): Converted the fan-out from the tri-state buffer "I2C_MASTER_reduced:I2C_MASTER_reduced_instance|I2C_wr_reduced:I2C_wr_reduced_instance|scl" to the node "BusC[99]" into an OR gate File: C:/github/pycpld.git/quartus-II/top_evkmimx8mm/I2C_wr_reduced.v Line: 27
    Warning (13047): Converted the fan-out from the tri-state buffer "I2C_MASTER_reduced:I2C_MASTER_reduced_instance|I2C_wr_reduced:I2C_wr_reduced_instance|scl" to the node "BusC[99]" into an OR gate File: C:/github/pycpld.git/quartus-II/top_evkmimx8mm/I2C_wr_reduced.v Line: 27
Warning (13009): TRI or OPNDRN buffers permanently enabled
    Warning (13010): Node "BusC[95]~synth" File: C:/github/pycpld.git/quartus-II/top_evkmimx8mm/top.v Line: 15
Info (18000): Registers with preset signals will power-up high File: C:/github/pycpld.git/quartus-II/top_evkmimx8mm/spi_master_reduced.v Line: 47
Info (17049): 9 registers lost all their fanouts during netlist optimizations.
Info (21057): Implemented 615 device resources after synthesis - the final resource count might be different
    Info (21058): Implemented 3 input pins
    Info (21059): Implemented 1 output pins
    Info (21060): Implemented 22 bidirectional pins
    Info (21061): Implemented 589 logic cells
Info (144001): Generated suppressed messages file C:/github/pycpld.git/quartus-II/top_evkmimx8mm/top.map.smsg
Info: Quartus Prime Analysis & Synthesis was successful. 0 errors, 70 warnings
    Info: Peak virtual memory: 580 megabytes
    Info: Processing ended: Thu Aug 02 11:36:24 2018
    Info: Elapsed time: 00:00:24
    Info: Total CPU time (on all processors): 00:00:48


+------------------------------------------+
; Analysis & Synthesis Suppressed Messages ;
+------------------------------------------+
The suppressed messages can be found in C:/github/pycpld.git/quartus-II/top_evkmimx8mm/top.map.smsg.


