Fitter report for top
Fri Jun 29 13:35:31 2018
Quartus II 64-Bit Version 14.0.0 Build 200 06/17/2014 SJ Web Edition


---------------------
; Table of Contents ;
---------------------
  1. Legal Notice
  2. Fitter Summary
  3. Fitter Settings
  4. Parallel Compilation
  5. Pin-Out File
  6. Fitter Resource Usage Summary
  7. Input Pins
  8. Output Pins
  9. Bidir Pins
 10. I/O Bank Usage
 11. All Package Pins
 12. Output Pin Default Load For Reported TCO
 13. Fitter Resource Utilization by Entity
 14. Delay Chain Summary
 15. Control Signals
 16. Global & Other Fast Signals
 17. Non-Global High Fan-Out Signals
 18. Routing Usage Summary
 19. LAB Logic Elements
 20. LAB-wide Signals
 21. LAB Signals Sourced
 22. LAB Signals Sourced Out
 23. LAB Distinct Inputs
 24. Fitter Device Options
 25. Estimated Delay Added for Hold Timing Summary
 26. Estimated Delay Added for Hold Timing Details
 27. Fitter Messages
 28. Fitter Suppressed Messages



----------------
; Legal Notice ;
----------------
Copyright (C) 1991-2014 Altera Corporation. All rights reserved.
Your use of Altera Corporation's design tools, logic functions 
and other software and tools, and its AMPP partner logic 
functions, and any output files from any of the foregoing 
(including device programming or simulation files), and any 
associated documentation or information are expressly subject 
to the terms and conditions of the Altera Program License 
Subscription Agreement, the Altera Quartus II License Agreement,
the Altera MegaCore Function License Agreement, or other 
applicable license agreement, including, without limitation, 
that your use is for the sole purpose of programming logic 
devices manufactured by Altera and sold by Altera or its 
authorized distributors.  Please refer to the applicable 
agreement for further details.



+------------------------------------------------------------------------+
; Fitter Summary                                                         ;
+---------------------------+--------------------------------------------+
; Fitter Status             ; Successful - Fri Jun 29 13:35:31 2018      ;
; Quartus II 64-Bit Version ; 14.0.0 Build 200 06/17/2014 SJ Web Edition ;
; Revision Name             ; top                                        ;
; Top-level Entity Name     ; top                                        ;
; Family                    ; MAX II                                     ;
; Device                    ; EPM570T100C5                               ;
; Timing Models             ; Final                                      ;
; Total logic elements      ; 135 / 570 ( 24 % )                         ;
; Total pins                ; 12 / 76 ( 16 % )                           ;
; Total virtual pins        ; 0                                          ;
; UFM blocks                ; 0 / 1 ( 0 % )                              ;
+---------------------------+--------------------------------------------+


+----------------------------------------------------------------------------------------------------------------------------------------------+
; Fitter Settings                                                                                                                              ;
+----------------------------------------------------------------------------+--------------------------------+--------------------------------+
; Option                                                                     ; Setting                        ; Default Value                  ;
+----------------------------------------------------------------------------+--------------------------------+--------------------------------+
; Device                                                                     ; EPM570T100C5                   ;                                ;
; Minimum Core Junction Temperature                                          ; 0                              ;                                ;
; Maximum Core Junction Temperature                                          ; 85                             ;                                ;
; Fit Attempts to Skip                                                       ; 0                              ; 0.0                            ;
; Device I/O Standard                                                        ; 3.3-V LVTTL                    ;                                ;
; Use smart compilation                                                      ; Off                            ; Off                            ;
; Enable parallel Assembler and TimeQuest Timing Analyzer during compilation ; On                             ; On                             ;
; Enable compact report table                                                ; Off                            ; Off                            ;
; Router Timing Optimization Level                                           ; Normal                         ; Normal                         ;
; Placement Effort Multiplier                                                ; 1.0                            ; 1.0                            ;
; Router Effort Multiplier                                                   ; 1.0                            ; 1.0                            ;
; Always Enable Input Buffers                                                ; Off                            ; Off                            ;
; Optimize Hold Timing                                                       ; IO Paths and Minimum TPD Paths ; IO Paths and Minimum TPD Paths ;
; Optimize Multi-Corner Timing                                               ; Off                            ; Off                            ;
; Guarantee I/O Paths Have Zero Hold Time at Fast Corner                     ; On                             ; On                             ;
; PowerPlay Power Optimization                                               ; Normal compilation             ; Normal compilation             ;
; Optimize Timing                                                            ; Normal compilation             ; Normal compilation             ;
; Optimize Timing for ECOs                                                   ; Off                            ; Off                            ;
; Regenerate full fit report during ECO compiles                             ; Off                            ; Off                            ;
; Optimize IOC Register Placement for Timing                                 ; Normal                         ; Normal                         ;
; Limit to One Fitting Attempt                                               ; Off                            ; Off                            ;
; Final Placement Optimizations                                              ; Automatically                  ; Automatically                  ;
; Fitter Aggressive Routability Optimizations                                ; Automatically                  ; Automatically                  ;
; Fitter Initial Placement Seed                                              ; 1                              ; 1                              ;
; Slow Slew Rate                                                             ; Off                            ; Off                            ;
; PCI I/O                                                                    ; Off                            ; Off                            ;
; Weak Pull-Up Resistor                                                      ; Off                            ; Off                            ;
; Enable Bus-Hold Circuitry                                                  ; Off                            ; Off                            ;
; Auto Delay Chains                                                          ; On                             ; On                             ;
; Auto Delay Chains for High Fanout Input Pins                               ; Off                            ; Off                            ;
; Perform Physical Synthesis for Combinational Logic for Performance         ; Off                            ; Off                            ;
; Perform Register Duplication for Performance                               ; Off                            ; Off                            ;
; Perform Register Retiming for Performance                                  ; Off                            ; Off                            ;
; Perform Asynchronous Signal Pipelining                                     ; Off                            ; Off                            ;
; Fitter Effort                                                              ; Auto Fit                       ; Auto Fit                       ;
; Physical Synthesis Effort Level                                            ; Normal                         ; Normal                         ;
; Logic Cell Insertion - Logic Duplication                                   ; Auto                           ; Auto                           ;
; Auto Register Duplication                                                  ; Auto                           ; Auto                           ;
; Auto Global Clock                                                          ; On                             ; On                             ;
; Auto Global Register Control Signals                                       ; On                             ; On                             ;
; Force Fitter to Avoid Periphery Placement Warnings                         ; Off                            ; Off                            ;
+----------------------------------------------------------------------------+--------------------------------+--------------------------------+


+------------------------------------------+
; Parallel Compilation                     ;
+----------------------------+-------------+
; Processors                 ; Number      ;
+----------------------------+-------------+
; Number detected on machine ; 4           ;
; Maximum allowed            ; 4           ;
;                            ;             ;
; Average used               ; 1.00        ;
; Maximum used               ; 4           ;
;                            ;             ;
; Usage by Processor         ; % Time Used ;
;     Processor 1            ; 100.0%      ;
;     Processors 2-4         ; < 0.1%      ;
+----------------------------+-------------+


+--------------+
; Pin-Out File ;
+--------------+
The pin-out file can be found in C:/My_Work_Space_Local/CodeRepository/mcu_cpld_prd/Auto_Generator/pycpld/quartus-II/top_frdmusb_usage/top.pin.


+-------------------------------------------------------------------+
; Fitter Resource Usage Summary                                     ;
+---------------------------------------------+---------------------+
; Resource                                    ; Usage               ;
+---------------------------------------------+---------------------+
; Total logic elements                        ; 135 / 570 ( 24 % )  ;
;     -- Combinational with no register       ; 34                  ;
;     -- Register only                        ; 17                  ;
;     -- Combinational with a register        ; 84                  ;
;                                             ;                     ;
; Logic element usage by number of LUT inputs ;                     ;
;     -- 4 input functions                    ; 75                  ;
;     -- 3 input functions                    ; 14                  ;
;     -- 2 input functions                    ; 23                  ;
;     -- 1 input functions                    ; 4                   ;
;     -- 0 input functions                    ; 2                   ;
;                                             ;                     ;
; Logic elements by mode                      ;                     ;
;     -- normal mode                          ; 123                 ;
;     -- arithmetic mode                      ; 12                  ;
;     -- qfbk mode                            ; 16                  ;
;     -- register cascade mode                ; 0                   ;
;     -- synchronous clear/load mode          ; 37                  ;
;     -- asynchronous clear/load mode         ; 100                 ;
;                                             ;                     ;
; Total registers                             ; 101 / 570 ( 18 % )  ;
; Total LABs                                  ; 17 / 57 ( 30 % )    ;
; Logic elements in carry chains              ; 13                  ;
; Virtual pins                                ; 0                   ;
; I/O pins                                    ; 12 / 76 ( 16 % )    ;
;     -- Clock pins                           ; 2 / 4 ( 50 % )      ;
;                                             ;                     ;
; Global signals                              ; 3                   ;
; UFM blocks                                  ; 0 / 1 ( 0 % )       ;
; Global clocks                               ; 3 / 4 ( 75 % )      ;
; JTAGs                                       ; 0 / 1 ( 0 % )       ;
; Average interconnect usage (total/H/V)      ; 8.8% / 10.7% / 6.8% ;
; Peak interconnect usage (total/H/V)         ; 8.8% / 10.7% / 6.8% ;
; Maximum fan-out                             ; 100                 ;
; Highest non-global fan-out                  ; 27                  ;
; Total fan-out                               ; 682                 ;
; Average fan-out                             ; 4.64                ;
+---------------------------------------------+---------------------+


+-----------------------------------------------------------------------------------------------------------------------------------------------------------------------------------------------------------------+
; Input Pins                                                                                                                                                                                                      ;
+----------+-------+----------+--------------+--------------+-------------+-----------------------+--------------------+--------+-----------------+----------+--------------+--------------+----------------------+
; Name     ; Pin # ; I/O Bank ; X coordinate ; Y coordinate ; Cell number ; Combinational Fan-Out ; Registered Fan-Out ; Global ; PCI I/O Enabled ; Bus Hold ; Weak Pull Up ; I/O Standard ; Location assigned by ;
+----------+-------+----------+--------------+--------------+-------------+-----------------------+--------------------+--------+-----------------+----------+--------------+--------------+----------------------+
; clk      ; 12    ; 1        ; 0            ; 5            ; 0           ; 78                    ; 0                  ; yes    ; no              ; no       ; Off          ; 3.3-V LVTTL  ; User                 ;
; rs232_rx ; 6     ; 1        ; 0            ; 7            ; 3           ; 6                     ; 0                  ; no     ; no              ; no       ; Off          ; 3.3-V LVTTL  ; User                 ;
; rst_n    ; 44    ; 1        ; 8            ; 3            ; 2           ; 100                   ; 0                  ; yes    ; no              ; no       ; Off          ; 3.3-V LVTTL  ; User                 ;
+----------+-------+----------+--------------+--------------+-------------+-----------------------+--------------------+--------+-----------------+----------+--------------+--------------+----------------------+


+------------------------------------------------------------------------------------------------------------------------------------------------------------------------------------------------------------------------------------------------------------------------------------------------------------------------+
; Output Pins                                                                                                                                                                                                                                                                                                            ;
+------+-------+----------+--------------+--------------+-------------+-----------------+----------------+-----------------+------------+---------------+----------+--------------+--------------+------------------+------------------------+----------------------+-------+----------------------+---------------------+
; Name ; Pin # ; I/O Bank ; X coordinate ; Y coordinate ; Cell number ; Output Register ; Slow Slew Rate ; PCI I/O Enabled ; Open Drain ; TRI Primitive ; Bus Hold ; Weak Pull Up ; I/O Standard ; Current Strength ; Fast Output Connection ; Location assigned by ; Load  ; Output Enable Source ; Output Enable Group ;
+------+-------+----------+--------------+--------------+-------------+-----------------+----------------+-----------------+------------+---------------+----------+--------------+--------------+------------------+------------------------+----------------------+-------+----------------------+---------------------+
; led  ; 1     ; 2        ; 3            ; 8            ; 3           ; no              ; no             ; no              ; no         ; no            ; no       ; Off          ; 3.3-V LVTTL  ; 16mA             ; no                     ; User                 ; 10 pF ; -                    ; -                   ;
+------+-------+----------+--------------+--------------+-------------+-----------------+----------------+-----------------+------------+---------------+----------+--------------+--------------+------------------+------------------------+----------------------+-------+----------------------+---------------------+


+------------------------------------------------------------------------------------------------------------------------------------------------------------------------------------------------------------------------------------------------------------------------------------------------------------------------------------------------------------------+
; Bidir Pins                                                                                                                                                                                                                                                                                                                                                       ;
+----------+-------+----------+--------------+--------------+-------------+-----------------------+--------------------+--------+-----------------+----------------+-----------------+------------+----------+--------------+--------------+------------------+------------------------+----------------------+-------+----------------------+---------------------+
; Name     ; Pin # ; I/O Bank ; X coordinate ; Y coordinate ; Cell number ; Combinational Fan-Out ; Registered Fan-Out ; Global ; Output Register ; Slow Slew Rate ; PCI I/O Enabled ; Open Drain ; Bus Hold ; Weak Pull Up ; I/O Standard ; Current Strength ; Fast Output Connection ; Location assigned by ; Load  ; Output Enable Source ; Output Enable Group ;
+----------+-------+----------+--------------+--------------+-------------+-----------------------+--------------------+--------+-----------------+----------------+-----------------+------------+----------+--------------+--------------+------------------+------------------------+----------------------+-------+----------------------+---------------------+
; BusA[2]  ; 2     ; 1        ; 1            ; 8            ; 0           ; 0                     ; 0                  ; no     ; no              ; no             ; no              ; no         ; no       ; Off          ; 3.3-V LVTTL  ; 16mA             ; no                     ; User                 ; 10 pF ; linkBDB              ; -                   ;
; BusA[3]  ; 3     ; 1        ; 1            ; 8            ; 2           ; 0                     ; 0                  ; no     ; no              ; no             ; no              ; no         ; no       ; Off          ; 3.3-V LVTTL  ; 16mA             ; no                     ; User                 ; 10 pF ; linkBDC              ; -                   ;
; BusA[4]  ; 4     ; 1        ; 0            ; 7            ; 0           ; 0                     ; 0                  ; no     ; no              ; no             ; no              ; no         ; no       ; Off          ; 3.3-V LVTTL  ; 16mA             ; no                     ; User                 ; 10 pF ; linkBDD              ; -                   ;
; BusA[5]  ; 5     ; 1        ; 0            ; 7            ; 2           ; 0                     ; 0                  ; no     ; no              ; no             ; no              ; no         ; no       ; Off          ; 3.3-V LVTTL  ; 16mA             ; no                     ; User                 ; 10 pF ; linkBDE              ; -                   ;
; BusB[14] ; 14    ; 1        ; 0            ; 5            ; 1           ; 0                     ; 0                  ; no     ; no              ; no             ; no              ; no         ; no       ; Off          ; 3.3-V LVTTL  ; 16mA             ; no                     ; User                 ; 10 pF ; linkBDF              ; -                   ;
; BusC[52] ; 52    ; 2        ; 13           ; 1            ; 4           ; 0                     ; 0                  ; no     ; no              ; no             ; no              ; no         ; no       ; Off          ; 3.3-V LVTTL  ; 16mA             ; no                     ; User                 ; 10 pF ; linkBDG              ; -                   ;
; BusC[53] ; 53    ; 2        ; 13           ; 1            ; 3           ; 0                     ; 0                  ; no     ; no              ; no             ; no              ; no         ; no       ; Off          ; 3.3-V LVTTL  ; 16mA             ; no                     ; User                 ; 10 pF ; linkBDH              ; -                   ;
; BusC[54] ; 54    ; 2        ; 13           ; 1            ; 1           ; 0                     ; 0                  ; no     ; no              ; no             ; no              ; no         ; no       ; Off          ; 3.3-V LVTTL  ; 16mA             ; no                     ; User                 ; 10 pF ; linkBDI              ; -                   ;
+----------+-------+----------+--------------+--------------+-------------+-----------------------+--------------------+--------+-----------------+----------------+-----------------+------------+----------+--------------+--------------+------------------+------------------------+----------------------+-------+----------------------+---------------------+


+-----------------------------------------------------------+
; I/O Bank Usage                                            ;
+----------+-----------------+---------------+--------------+
; I/O Bank ; Usage           ; VCCIO Voltage ; VREF Voltage ;
+----------+-----------------+---------------+--------------+
; 1        ; 8 / 36 ( 22 % ) ; 3.3V          ; --           ;
; 2        ; 4 / 40 ( 10 % ) ; 3.3V          ; --           ;
+----------+-----------------+---------------+--------------+


+------------------------------------------------------------------------------------------------------------------------------------------------+
; All Package Pins                                                                                                                               ;
+----------+------------+----------+----------------+--------+--------------+-----------+------------+-----------------+----------+--------------+
; Location ; Pad Number ; I/O Bank ; Pin Name/Usage ; Dir.   ; I/O Standard ; Voltage   ; I/O Type   ; User Assignment ; Bus Hold ; Weak Pull Up ;
+----------+------------+----------+----------------+--------+--------------+-----------+------------+-----------------+----------+--------------+
; 1        ; 161        ; 2        ; led            ; output ; 3.3-V LVTTL  ;           ; Column I/O ; Y               ; no       ; Off          ;
; 2        ; 2          ; 1        ; BusA[2]        ; bidir  ; 3.3-V LVTTL  ;           ; Column I/O ; Y               ; no       ; Off          ;
; 3        ; 4          ; 1        ; BusA[3]        ; bidir  ; 3.3-V LVTTL  ;           ; Column I/O ; Y               ; no       ; Off          ;
; 4        ; 6          ; 1        ; BusA[4]        ; bidir  ; 3.3-V LVTTL  ;           ; Row I/O    ; Y               ; no       ; Off          ;
; 5        ; 8          ; 1        ; BusA[5]        ; bidir  ; 3.3-V LVTTL  ;           ; Row I/O    ; Y               ; no       ; Off          ;
; 6        ; 9          ; 1        ; rs232_rx       ; input  ; 3.3-V LVTTL  ;           ; Row I/O    ; Y               ; no       ; Off          ;
; 7        ; 10         ; 1        ; RESERVED_INPUT ;        ;              ;           ; Row I/O    ;                 ; no       ; Off          ;
; 8        ; 11         ; 1        ; RESERVED_INPUT ;        ;              ;           ; Row I/O    ;                 ; no       ; Off          ;
; 9        ;            ; 1        ; VCCIO1         ; power  ;              ; 3.3V      ; --         ;                 ; --       ; --           ;
; 10       ;            ;          ; GNDIO          ; gnd    ;              ;           ; --         ;                 ; --       ; --           ;
; 11       ;            ;          ; GNDINT         ; gnd    ;              ;           ; --         ;                 ; --       ; --           ;
; 12       ; 20         ; 1        ; clk            ; input  ; 3.3-V LVTTL  ;           ; Row I/O    ; Y               ; no       ; Off          ;
; 13       ;            ;          ; VCCINT         ; power  ;              ; 2.5V/3.3V ; --         ;                 ; --       ; --           ;
; 14       ; 21         ; 1        ; BusB[14]       ; bidir  ; 3.3-V LVTTL  ;           ; Row I/O    ; Y               ; no       ; Off          ;
; 15       ; 22         ; 1        ; RESERVED_INPUT ;        ;              ;           ; Row I/O    ;                 ; no       ; Off          ;
; 16       ; 23         ; 1        ; RESERVED_INPUT ;        ;              ;           ; Row I/O    ;                 ; no       ; Off          ;
; 17       ; 24         ; 1        ; RESERVED_INPUT ;        ;              ;           ; Row I/O    ;                 ; no       ; Off          ;
; 18       ; 25         ; 1        ; RESERVED_INPUT ;        ;              ;           ; Row I/O    ;                 ; no       ; Off          ;
; 19       ; 32         ; 1        ; RESERVED_INPUT ;        ;              ;           ; Row I/O    ;                 ; no       ; Off          ;
; 20       ; 34         ; 1        ; RESERVED_INPUT ;        ;              ;           ; Column I/O ;                 ; no       ; Off          ;
; 21       ; 36         ; 1        ; RESERVED_INPUT ;        ;              ;           ; Column I/O ;                 ; no       ; Off          ;
; 22       ; 38         ; 1        ; #TMS           ; input  ;              ;           ; --         ;                 ; --       ; --           ;
; 23       ; 39         ; 1        ; #TDI           ; input  ;              ;           ; --         ;                 ; --       ; --           ;
; 24       ; 40         ; 1        ; #TCK           ; input  ;              ;           ; --         ;                 ; --       ; --           ;
; 25       ; 41         ; 1        ; #TDO           ; output ;              ;           ; --         ;                 ; --       ; --           ;
; 26       ; 47         ; 1        ; RESERVED_INPUT ;        ;              ;           ; Column I/O ;                 ; no       ; Off          ;
; 27       ; 48         ; 1        ; RESERVED_INPUT ;        ;              ;           ; Column I/O ;                 ; no       ; Off          ;
; 28       ; 50         ; 1        ; RESERVED_INPUT ;        ;              ;           ; Column I/O ;                 ; no       ; Off          ;
; 29       ; 51         ; 1        ; RESERVED_INPUT ;        ;              ;           ; Column I/O ;                 ; no       ; Off          ;
; 30       ; 52         ; 1        ; RESERVED_INPUT ;        ;              ;           ; Column I/O ;                 ; no       ; Off          ;
; 31       ;            ; 1        ; VCCIO1         ; power  ;              ; 3.3V      ; --         ;                 ; --       ; --           ;
; 32       ;            ;          ; GNDIO          ; gnd    ;              ;           ; --         ;                 ; --       ; --           ;
; 33       ; 58         ; 1        ; RESERVED_INPUT ;        ;              ;           ; Column I/O ;                 ; no       ; Off          ;
; 34       ; 59         ; 1        ; RESERVED_INPUT ;        ;              ;           ; Column I/O ;                 ; no       ; Off          ;
; 35       ; 60         ; 1        ; RESERVED_INPUT ;        ;              ;           ; Column I/O ;                 ; no       ; Off          ;
; 36       ; 61         ; 1        ; RESERVED_INPUT ;        ;              ;           ; Column I/O ;                 ; no       ; Off          ;
; 37       ;            ;          ; GNDINT         ; gnd    ;              ;           ; --         ;                 ; --       ; --           ;
; 38       ; 62         ; 1        ; RESERVED_INPUT ;        ;              ;           ; Column I/O ;                 ; no       ; Off          ;
; 39       ;            ;          ; VCCINT         ; power  ;              ; 2.5V/3.3V ; --         ;                 ; --       ; --           ;
; 40       ; 63         ; 1        ; RESERVED_INPUT ;        ;              ;           ; Column I/O ;                 ; no       ; Off          ;
; 41       ; 64         ; 1        ; RESERVED_INPUT ;        ;              ;           ; Column I/O ;                 ; no       ; Off          ;
; 42       ; 65         ; 1        ; RESERVED_INPUT ;        ;              ;           ; Column I/O ;                 ; no       ; Off          ;
; 43       ; 66         ; 1        ; RESERVED_INPUT ;        ;              ;           ; Column I/O ;                 ; no       ; Off          ;
; 44       ; 67         ; 1        ; rst_n          ; input  ; 3.3-V LVTTL  ;           ; Column I/O ; Y               ; no       ; Off          ;
; 45       ;            ; 1        ; VCCIO1         ; power  ;              ; 3.3V      ; --         ;                 ; --       ; --           ;
; 46       ;            ;          ; GNDIO          ; gnd    ;              ;           ; --         ;                 ; --       ; --           ;
; 47       ; 71         ; 1        ; RESERVED_INPUT ;        ;              ;           ; Column I/O ;                 ; no       ; Off          ;
; 48       ; 72         ; 1        ; RESERVED_INPUT ;        ;              ;           ; Column I/O ;                 ; no       ; Off          ;
; 49       ; 73         ; 1        ; RESERVED_INPUT ;        ;              ;           ; Column I/O ;                 ; no       ; Off          ;
; 50       ; 75         ; 1        ; RESERVED_INPUT ;        ;              ;           ; Column I/O ;                 ; no       ; Off          ;
; 51       ; 79         ; 1        ; RESERVED_INPUT ;        ;              ;           ; Column I/O ;                 ; no       ; Off          ;
; 52       ; 83         ; 2        ; BusC[52]       ; bidir  ; 3.3-V LVTTL  ;           ; Row I/O    ; Y               ; no       ; Off          ;
; 53       ; 84         ; 2        ; BusC[53]       ; bidir  ; 3.3-V LVTTL  ;           ; Row I/O    ; Y               ; no       ; Off          ;
; 54       ; 86         ; 2        ; BusC[54]       ; bidir  ; 3.3-V LVTTL  ;           ; Row I/O    ; Y               ; no       ; Off          ;
; 55       ; 89         ; 2        ; RESERVED_INPUT ;        ;              ;           ; Row I/O    ;                 ; no       ; Off          ;
; 56       ; 91         ; 2        ; RESERVED_INPUT ;        ;              ;           ; Row I/O    ;                 ; no       ; Off          ;
; 57       ; 92         ; 2        ; RESERVED_INPUT ;        ;              ;           ; Row I/O    ;                 ; no       ; Off          ;
; 58       ; 93         ; 2        ; RESERVED_INPUT ;        ;              ;           ; Row I/O    ;                 ; no       ; Off          ;
; 59       ;            ; 2        ; VCCIO2         ; power  ;              ; 3.3V      ; --         ;                 ; --       ; --           ;
; 60       ;            ;          ; GNDIO          ; gnd    ;              ;           ; --         ;                 ; --       ; --           ;
; 61       ; 98         ; 2        ; RESERVED_INPUT ;        ;              ;           ; Row I/O    ;                 ; no       ; Off          ;
; 62       ; 101        ; 2        ; RESERVED_INPUT ;        ;              ;           ; Row I/O    ;                 ; no       ; Off          ;
; 63       ;            ;          ; VCCINT         ; power  ;              ; 2.5V/3.3V ; --         ;                 ; --       ; --           ;
; 64       ; 102        ; 2        ; RESERVED_INPUT ;        ;              ;           ; Row I/O    ;                 ; no       ; Off          ;
; 65       ;            ;          ; GNDINT         ; gnd    ;              ;           ; --         ;                 ; --       ; --           ;
; 66       ; 103        ; 2        ; RESERVED_INPUT ;        ;              ;           ; Row I/O    ;                 ; no       ; Off          ;
; 67       ; 104        ; 2        ; RESERVED_INPUT ;        ;              ;           ; Row I/O    ;                 ; no       ; Off          ;
; 68       ; 105        ; 2        ; RESERVED_INPUT ;        ;              ;           ; Row I/O    ;                 ; no       ; Off          ;
; 69       ; 111        ; 2        ; RESERVED_INPUT ;        ;              ;           ; Row I/O    ;                 ; no       ; Off          ;
; 70       ; 112        ; 2        ; RESERVED_INPUT ;        ;              ;           ; Row I/O    ;                 ; no       ; Off          ;
; 71       ; 115        ; 2        ; RESERVED_INPUT ;        ;              ;           ; Row I/O    ;                 ; no       ; Off          ;
; 72       ; 116        ; 2        ; RESERVED_INPUT ;        ;              ;           ; Row I/O    ;                 ; no       ; Off          ;
; 73       ; 118        ; 2        ; RESERVED_INPUT ;        ;              ;           ; Row I/O    ;                 ; no       ; Off          ;
; 74       ; 120        ; 2        ; RESERVED_INPUT ;        ;              ;           ; Row I/O    ;                 ; no       ; Off          ;
; 75       ; 122        ; 2        ; RESERVED_INPUT ;        ;              ;           ; Row I/O    ;                 ; no       ; Off          ;
; 76       ; 125        ; 2        ; RESERVED_INPUT ;        ;              ;           ; Column I/O ;                 ; no       ; Off          ;
; 77       ; 126        ; 2        ; RESERVED_INPUT ;        ;              ;           ; Column I/O ;                 ; no       ; Off          ;
; 78       ; 127        ; 2        ; RESERVED_INPUT ;        ;              ;           ; Column I/O ;                 ; no       ; Off          ;
; 79       ;            ;          ; GNDIO          ; gnd    ;              ;           ; --         ;                 ; --       ; --           ;
; 80       ;            ; 2        ; VCCIO2         ; power  ;              ; 3.3V      ; --         ;                 ; --       ; --           ;
; 81       ; 135        ; 2        ; RESERVED_INPUT ;        ;              ;           ; Column I/O ;                 ; no       ; Off          ;
; 82       ; 136        ; 2        ; RESERVED_INPUT ;        ;              ;           ; Column I/O ;                 ; no       ; Off          ;
; 83       ; 139        ; 2        ; RESERVED_INPUT ;        ;              ;           ; Column I/O ;                 ; no       ; Off          ;
; 84       ; 140        ; 2        ; RESERVED_INPUT ;        ;              ;           ; Column I/O ;                 ; no       ; Off          ;
; 85       ; 141        ; 2        ; RESERVED_INPUT ;        ;              ;           ; Column I/O ;                 ; no       ; Off          ;
; 86       ; 142        ; 2        ; RESERVED_INPUT ;        ;              ;           ; Column I/O ;                 ; no       ; Off          ;
; 87       ; 143        ; 2        ; RESERVED_INPUT ;        ;              ;           ; Column I/O ;                 ; no       ; Off          ;
; 88       ;            ;          ; VCCINT         ; power  ;              ; 2.5V/3.3V ; --         ;                 ; --       ; --           ;
; 89       ; 144        ; 2        ; RESERVED_INPUT ;        ;              ;           ; Column I/O ;                 ; no       ; Off          ;
; 90       ;            ;          ; GNDINT         ; gnd    ;              ;           ; --         ;                 ; --       ; --           ;
; 91       ; 149        ; 2        ; RESERVED_INPUT ;        ;              ;           ; Column I/O ;                 ; no       ; Off          ;
; 92       ; 150        ; 2        ; RESERVED_INPUT ;        ;              ;           ; Column I/O ;                 ; no       ; Off          ;
; 93       ;            ;          ; GNDIO          ; gnd    ;              ;           ; --         ;                 ; --       ; --           ;
; 94       ;            ; 2        ; VCCIO2         ; power  ;              ; 3.3V      ; --         ;                 ; --       ; --           ;
; 95       ; 151        ; 2        ; RESERVED_INPUT ;        ;              ;           ; Column I/O ;                 ; no       ; Off          ;
; 96       ; 152        ; 2        ; RESERVED_INPUT ;        ;              ;           ; Column I/O ;                 ; no       ; Off          ;
; 97       ; 153        ; 2        ; RESERVED_INPUT ;        ;              ;           ; Column I/O ;                 ; no       ; Off          ;
; 98       ; 155        ; 2        ; RESERVED_INPUT ;        ;              ;           ; Column I/O ;                 ; no       ; Off          ;
; 99       ; 156        ; 2        ; RESERVED_INPUT ;        ;              ;           ; Column I/O ;                 ; no       ; Off          ;
; 100      ; 158        ; 2        ; RESERVED_INPUT ;        ;              ;           ; Column I/O ;                 ; no       ; Off          ;
+----------+------------+----------+----------------+--------+--------------+-----------+------------+-----------------+----------+--------------+
Note: Pin directions (input, output or bidir) are based on device operating in user mode.


+-------------------------------------------------------------+
; Output Pin Default Load For Reported TCO                    ;
+----------------------------+-------+------------------------+
; I/O Standard               ; Load  ; Termination Resistance ;
+----------------------------+-------+------------------------+
; 3.3-V LVTTL                ; 10 pF ; Not Available          ;
; 3.3-V LVCMOS               ; 10 pF ; Not Available          ;
; 2.5 V                      ; 10 pF ; Not Available          ;
; 1.8 V                      ; 10 pF ; Not Available          ;
; 1.5 V                      ; 10 pF ; Not Available          ;
; 3.3V Schmitt Trigger Input ; 10 pF ; Not Available          ;
; 2.5V Schmitt Trigger Input ; 10 pF ; Not Available          ;
+----------------------------+-------+------------------------+
Note: User assignments will override these defaults. The user specified values are listed in the Output Pins and Bidir Pins tables.


+-----------------------------------------------------------------------------------------------------------------------------------------------------------------------------------------------------------------------------------------------+
; Fitter Resource Utilization by Entity                                                                                                                                                                                                         ;
+-------------------------------------+-------------+--------------+------------+------+--------------+--------------+-------------------+------------------+-----------------+------------+-------------------------------------+--------------+
; Compilation Hierarchy Node          ; Logic Cells ; LC Registers ; UFM Blocks ; Pins ; Virtual Pins ; LUT-Only LCs ; Register-Only LCs ; LUT/Register LCs ; Carry Chain LCs ; Packed LCs ; Full Hierarchy Name                 ; Library Name ;
+-------------------------------------+-------------+--------------+------------+------+--------------+--------------+-------------------+------------------+-----------------+------------+-------------------------------------+--------------+
; |top                                ; 135 (76)    ; 101          ; 0          ; 12   ; 0            ; 34 (12)      ; 17 (13)           ; 84 (51)          ; 13 (0)          ; 16 (16)    ; |top                                ; work         ;
;    |button_rst:button_rst_instance| ; 1 (1)       ; 1            ; 0          ; 0    ; 0            ; 0 (0)        ; 0 (0)             ; 1 (1)            ; 0 (0)           ; 0 (0)      ; |top|button_rst:button_rst_instance ; work         ;
;    |my_uart_rx:my_uart_rx|          ; 36 (36)     ; 22           ; 0          ; 0    ; 0            ; 14 (14)      ; 4 (4)             ; 18 (18)          ; 0 (0)           ; 0 (0)      ; |top|my_uart_rx:my_uart_rx          ; work         ;
;    |speed_select:speed_select|      ; 22 (22)     ; 14           ; 0          ; 0    ; 0            ; 8 (8)        ; 0 (0)             ; 14 (14)          ; 13 (13)         ; 0 (0)      ; |top|speed_select:speed_select      ; work         ;
+-------------------------------------+-------------+--------------+------------+------+--------------+--------------+-------------------+------------------+-----------------+------------+-------------------------------------+--------------+
Note: For table entries with two numbers listed, the numbers in parentheses indicate the number of resources of the given type used by the specific entity alone. The numbers listed outside of parentheses indicate the total resources of the given type used by the specific entity and all of its sub-entities in the hierarchy.


+-------------------------------------+
; Delay Chain Summary                 ;
+----------+----------+---------------+
; Name     ; Pin Type ; Pad to Core 0 ;
+----------+----------+---------------+
; led      ; Output   ; --            ;
; BusA[2]  ; Bidir    ; (0)           ;
; BusA[3]  ; Bidir    ; (0)           ;
; BusA[4]  ; Bidir    ; (0)           ;
; BusA[5]  ; Bidir    ; (0)           ;
; BusB[14] ; Bidir    ; (0)           ;
; BusC[52] ; Bidir    ; (0)           ;
; BusC[53] ; Bidir    ; (0)           ;
; BusC[54] ; Bidir    ; (0)           ;
; clk      ; Input    ; (0)           ;
; rst_n    ; Input    ; (1)           ;
; rs232_rx ; Input    ; (0)           ;
+----------+----------+---------------+


+----------------------------------------------------------------------------------------------------------------------------------------------------+
; Control Signals                                                                                                                                    ;
+-------------------------------------------+--------------+---------+----------------------------+--------+----------------------+------------------+
; Name                                      ; Location     ; Fan-Out ; Usage                      ; Global ; Global Resource Used ; Global Line Name ;
+-------------------------------------------+--------------+---------+----------------------------+--------+----------------------+------------------+
; Current.SAVE                              ; LC_X2_Y4_N5  ; 27      ; Clock enable               ; no     ; --                   ; --               ;
; button_rst_n                              ; LC_X3_Y6_N2  ; 1       ; Async. clear               ; no     ; --                   ; --               ;
; clk                                       ; PIN_12       ; 78      ; Clock                      ; yes    ; Global Clock         ; GCLK0            ;
; linkBDB                                   ; LC_X3_Y6_N7  ; 3       ; Output enable              ; no     ; --                   ; --               ;
; linkBDC                                   ; LC_X5_Y6_N4  ; 3       ; Output enable              ; no     ; --                   ; --               ;
; linkBDD                                   ; LC_X5_Y6_N9  ; 2       ; Output enable              ; no     ; --                   ; --               ;
; linkBDE                                   ; LC_X3_Y6_N4  ; 2       ; Output enable              ; no     ; --                   ; --               ;
; linkBDF                                   ; LC_X5_Y6_N5  ; 2       ; Output enable              ; no     ; --                   ; --               ;
; linkBDG                                   ; LC_X3_Y6_N9  ; 2       ; Output enable              ; no     ; --                   ; --               ;
; linkBDH                                   ; LC_X5_Y6_N2  ; 3       ; Output enable              ; no     ; --                   ; --               ;
; linkBDI                                   ; LC_X5_Y6_N7  ; 3       ; Output enable              ; no     ; --                   ; --               ;
; my_uart_rx:my_uart_rx|Mux2~0              ; LC_X5_Y5_N7  ; 2       ; Clock enable               ; no     ; --                   ; --               ;
; my_uart_rx:my_uart_rx|Mux7~2              ; LC_X4_Y4_N8  ; 2       ; Clock enable               ; no     ; --                   ; --               ;
; my_uart_rx:my_uart_rx|rx_complete_reg~1   ; LC_X5_Y4_N7  ; 1       ; Async. clear               ; no     ; --                   ; --               ;
; my_uart_rx:my_uart_rx|rx_data_reg[7]~1    ; LC_X4_Y4_N3  ; 8       ; Clock enable               ; no     ; --                   ; --               ;
; my_uart_rx:my_uart_rx|rx_enable_reg       ; LC_X5_Y4_N6  ; 4       ; Clock                      ; no     ; --                   ; --               ;
; my_uart_rx:my_uart_rx|rx_enable_reg~0     ; LC_X5_Y4_N8  ; 1       ; Async. clear               ; no     ; --                   ; --               ;
; rs232_rx                                  ; PIN_6        ; 6       ; Clock                      ; no     ; --                   ; --               ;
; rst_n                                     ; PIN_44       ; 100     ; Async. clear, Clock enable ; yes    ; Global Clock         ; GCLK3            ;
; speed_select:speed_select|always1~0       ; LC_X6_Y4_N2  ; 13      ; Sync. clear                ; no     ; --                   ; --               ;
; speed_select:speed_select|buad_clk_rx_reg ; LC_X10_Y3_N2 ; 21      ; Clock                      ; yes    ; Global Clock         ; GCLK2            ;
+-------------------------------------------+--------------+---------+----------------------------+--------+----------------------+------------------+


+--------------------------------------------------------------------------------------------------------------+
; Global & Other Fast Signals                                                                                  ;
+-------------------------------------------+--------------+---------+----------------------+------------------+
; Name                                      ; Location     ; Fan-Out ; Global Resource Used ; Global Line Name ;
+-------------------------------------------+--------------+---------+----------------------+------------------+
; clk                                       ; PIN_12       ; 78      ; Global Clock         ; GCLK0            ;
; rst_n                                     ; PIN_44       ; 100     ; Global Clock         ; GCLK3            ;
; speed_select:speed_select|buad_clk_rx_reg ; LC_X10_Y3_N2 ; 21      ; Global Clock         ; GCLK2            ;
+-------------------------------------------+--------------+---------+----------------------+------------------+


+----------------------------------------------------------+
; Non-Global High Fan-Out Signals                          ;
+------------------------------------------------+---------+
; Name                                           ; Fan-Out ;
+------------------------------------------------+---------+
; Current.SAVE                                   ; 27      ;
; Current.WAIT                                   ; 25      ;
; Current.S1                                     ; 25      ;
; my_uart_rx:my_uart_rx|rx_count[0]              ; 15      ;
; my_uart_rx:my_uart_rx|rx_count[1]              ; 15      ;
; speed_select:speed_select|always1~0            ; 13      ;
; Equal2~2                                       ; 12      ;
; my_uart_rx:my_uart_rx|rx_count[2]              ; 11      ;
; my_uart_rx:my_uart_rx|rx_count[3]              ; 11      ;
; my_uart_rx:my_uart_rx|rx_data_reg[7]~1         ; 8       ;
; button_rst:button_rst_instance|out_status      ; 8       ;
; Equal8~0                                       ; 8       ;
; Equal6~0                                       ; 8       ;
; Rx_cmd[0]                                      ; 7       ;
; rs232_rx                                       ; 6       ;
; Rx_cmd[1]                                      ; 6       ;
; speed_select:speed_select|cnt_rx[0]~21         ; 5       ;
; speed_select:speed_select|cnt_rx[7]            ; 5       ;
; speed_select:speed_select|cnt_rx[5]~13         ; 5       ;
; my_uart_rx:my_uart_rx|rx_data_reg[7]~0         ; 5       ;
; flag_reg                                       ; 5       ;
; my_uart_rx:my_uart_rx|rx_enable_reg            ; 4       ;
; Current.IDLE                                   ; 4       ;
; my_uart_rx:my_uart_rx|Mux2~0                   ; 3       ;
; speed_select:speed_select|cnt_rx[2]            ; 3       ;
; speed_select:speed_select|cnt_rx[1]            ; 3       ;
; speed_select:speed_select|cnt_rx[4]            ; 3       ;
; speed_select:speed_select|cnt_rx[3]            ; 3       ;
; speed_select:speed_select|cnt_rx[5]            ; 3       ;
; speed_select:speed_select|cnt_rx[6]            ; 3       ;
; speed_select:speed_select|cnt_rx[8]            ; 3       ;
; my_uart_rx:my_uart_rx|Mux7~2                   ; 3       ;
; my_uart_rx:my_uart_rx|rx_data_reg[0]           ; 3       ;
; linkBDI                                        ; 3       ;
; linkBDH                                        ; 3       ;
; linkBDC                                        ; 3       ;
; linkBDB                                        ; 3       ;
; Buff_temp[0]                                   ; 3       ;
; Buff_temp[1]                                   ; 3       ;
; Buff_temp[3]                                   ; 3       ;
; Buff_temp[4]                                   ; 3       ;
; Buff_temp[8]                                   ; 3       ;
; Buff_temp[9]                                   ; 3       ;
; Buff_temp[12]                                  ; 3       ;
; Buff_temp[10]                                  ; 3       ;
; Buff_temp[5]                                   ; 3       ;
; Buff_temp[6]                                   ; 3       ;
; Buff_temp[7]                                   ; 3       ;
; Buff_temp[11]                                  ; 3       ;
; Buff_temp[13]                                  ; 3       ;
; Buff_temp[14]                                  ; 3       ;
; Buff_temp[15]                                  ; 3       ;
; Buff_temp[2]                                   ; 3       ;
; Rx_cmd[2]                                      ; 3       ;
; Rx_cmd[3]                                      ; 3       ;
; Equal2~1                                       ; 3       ;
; my_uart_rx:my_uart_rx|rx_data_temp[1]~4        ; 2       ;
; my_uart_rx:my_uart_rx|rx_data_temp[7]~1        ; 2       ;
; my_uart_rx:my_uart_rx|rx_data_temp[7]~0        ; 2       ;
; my_uart_rx:my_uart_rx|rx_complete_reg          ; 2       ;
; speed_select:speed_select|cnt_rx[0]            ; 2       ;
; speed_select:speed_select|always2~1            ; 2       ;
; speed_select:speed_select|cnt_rx[11]           ; 2       ;
; speed_select:speed_select|cnt_rx[10]~5         ; 2       ;
; speed_select:speed_select|cnt_rx[10]           ; 2       ;
; speed_select:speed_select|cnt_rx[12]           ; 2       ;
; speed_select:speed_select|cnt_rx[9]            ; 2       ;
; my_uart_rx:my_uart_rx|Mux8~0                   ; 2       ;
; my_uart_rx:my_uart_rx|rx_data_temp[5]          ; 2       ;
; my_uart_rx:my_uart_rx|rx_data_temp[0]          ; 2       ;
; my_uart_rx:my_uart_rx|rx_data_temp[3]          ; 2       ;
; my_uart_rx:my_uart_rx|rx_data_temp[4]          ; 2       ;
; my_uart_rx:my_uart_rx|rx_data_temp[1]          ; 2       ;
; my_uart_rx:my_uart_rx|rx_data_temp[6]          ; 2       ;
; my_uart_rx:my_uart_rx|rx_data_temp[7]          ; 2       ;
; my_uart_rx:my_uart_rx|rx_data_temp[2]          ; 2       ;
; my_uart_rx:my_uart_rx|rx_data_reg[5]           ; 2       ;
; Equal0~2                                       ; 2       ;
; Flag_temp                                      ; 2       ;
; Selector29~0                                   ; 2       ;
; my_uart_rx:my_uart_rx|rx_data_reg[3]           ; 2       ;
; Equal1~0                                       ; 2       ;
; Equal0~1                                       ; 2       ;
; my_uart_rx:my_uart_rx|rx_data_reg[4]           ; 2       ;
; my_uart_rx:my_uart_rx|rx_data_reg[1]           ; 2       ;
; my_uart_rx:my_uart_rx|rx_data_reg[6]           ; 2       ;
; linkBDG                                        ; 2       ;
; linkBDF                                        ; 2       ;
; linkBDE                                        ; 2       ;
; linkBDD                                        ; 2       ;
; Buff_temp[20]                                  ; 2       ;
; Buff_temp[16]                                  ; 2       ;
; Buff_temp[18]                                  ; 2       ;
; Buff_temp[17]                                  ; 2       ;
; Buff_temp[19]                                  ; 2       ;
; Buff_temp[21]                                  ; 2       ;
; Buff_temp[23]                                  ; 2       ;
; Buff_temp[22]                                  ; 2       ;
; led~2                                          ; 2       ;
; Rx_cmd[4]                                      ; 2       ;
; Rx_cmd[12]                                     ; 2       ;
; Rx_cmd[20]                                     ; 2       ;
; Equal10~4                                      ; 2       ;
; my_uart_rx:my_uart_rx|rx_complete_reg~1        ; 1       ;
; speed_select:speed_select|LessThan0~1          ; 1       ;
; speed_select:speed_select|LessThan0~0          ; 1       ;
; my_uart_rx:my_uart_rx|Mux6~2                   ; 1       ;
; my_uart_rx:my_uart_rx|rx_data_temp[0]~6        ; 1       ;
; my_uart_rx:my_uart_rx|Mux7~3                   ; 1       ;
; my_uart_rx:my_uart_rx|Mux5~0                   ; 1       ;
; my_uart_rx:my_uart_rx|rx_enable_reg~0          ; 1       ;
; speed_select:speed_select|always2~4            ; 1       ;
; speed_select:speed_select|always2~3            ; 1       ;
; speed_select:speed_select|always2~2            ; 1       ;
; speed_select:speed_select|cnt_rx[2]~25COUT1_39 ; 1       ;
; speed_select:speed_select|cnt_rx[2]~25         ; 1       ;
; speed_select:speed_select|cnt_rx[1]~23COUT1_37 ; 1       ;
; speed_select:speed_select|cnt_rx[1]~23         ; 1       ;
; speed_select:speed_select|cnt_rx[4]~19COUT1_43 ; 1       ;
; speed_select:speed_select|cnt_rx[4]~19         ; 1       ;
; speed_select:speed_select|cnt_rx[3]~17COUT1_41 ; 1       ;
; speed_select:speed_select|cnt_rx[3]~17         ; 1       ;
; speed_select:speed_select|cnt_rx[7]~15COUT1_47 ; 1       ;
; speed_select:speed_select|cnt_rx[7]~15         ; 1       ;
; speed_select:speed_select|cnt_rx[6]~11COUT1_45 ; 1       ;
; speed_select:speed_select|cnt_rx[6]~11         ; 1       ;
; speed_select:speed_select|cnt_rx[8]~9COUT1_49  ; 1       ;
; speed_select:speed_select|cnt_rx[8]~9          ; 1       ;
; speed_select:speed_select|cnt_rx[11]~7COUT1_53 ; 1       ;
; speed_select:speed_select|cnt_rx[11]~7         ; 1       ;
; speed_select:speed_select|always2~0            ; 1       ;
; speed_select:speed_select|cnt_rx[9]~1COUT1_51  ; 1       ;
; speed_select:speed_select|cnt_rx[9]~1          ; 1       ;
; Selector1~0                                    ; 1       ;
; Selector34~0                                   ; 1       ;
; Selector35~0                                   ; 1       ;
; Selector30~0                                   ; 1       ;
; Selector28~0                                   ; 1       ;
; Selector32~0                                   ; 1       ;
; Selector33~0                                   ; 1       ;
; button_rst_n                                   ; 1       ;
; always2~0                                      ; 1       ;
; my_uart_rx:my_uart_rx|rx_data_reg[2]           ; 1       ;
; my_uart_rx:my_uart_rx|rx_data_reg[7]           ; 1       ;
; Equal0~0                                       ; 1       ;
; led~1                                          ; 1       ;
; led~0                                          ; 1       ;
; Rx_cmd[9]                                      ; 1       ;
; Equal10~6                                      ; 1       ;
; Equal10~5                                      ; 1       ;
; Rx_cmd[8]                                      ; 1       ;
; Rx_cmd[10]                                     ; 1       ;
; Equal2~0                                       ; 1       ;
; Equal10~3                                      ; 1       ;
; Rx_cmd[5]                                      ; 1       ;
; Equal10~2                                      ; 1       ;
; Rx_cmd[7]                                      ; 1       ;
; Rx_cmd[11]                                     ; 1       ;
; Rx_cmd[13]                                     ; 1       ;
; Equal10~1                                      ; 1       ;
; Rx_cmd[15]                                     ; 1       ;
; Rx_cmd[16]                                     ; 1       ;
; Rx_cmd[18]                                     ; 1       ;
; Equal10~0                                      ; 1       ;
; Rx_cmd[19]                                     ; 1       ;
; Rx_cmd[21]                                     ; 1       ;
; Rx_cmd[23]                                     ; 1       ;
; led~reg0                                       ; 1       ;
+------------------------------------------------+---------+


+----------------------------------------------+
; Routing Usage Summary                        ;
+-----------------------+----------------------+
; Routing Resource Type ; Usage                ;
+-----------------------+----------------------+
; C4s                   ; 84 / 1,624 ( 5 % )   ;
; Direct links          ; 44 / 1,930 ( 2 % )   ;
; Global clocks         ; 3 / 4 ( 75 % )       ;
; LAB clocks            ; 17 / 56 ( 30 % )     ;
; LUT chains            ; 22 / 513 ( 4 % )     ;
; Local interconnects   ; 187 / 1,930 ( 10 % ) ;
; R4s                   ; 124 / 1,472 ( 8 % )  ;
+-----------------------+----------------------+


+---------------------------------------------------------------------------+
; LAB Logic Elements                                                        ;
+--------------------------------------------+------------------------------+
; Number of Logic Elements  (Average = 7.94) ; Number of LABs  (Total = 17) ;
+--------------------------------------------+------------------------------+
; 1                                          ; 1                            ;
; 2                                          ; 0                            ;
; 3                                          ; 0                            ;
; 4                                          ; 0                            ;
; 5                                          ; 3                            ;
; 6                                          ; 1                            ;
; 7                                          ; 1                            ;
; 8                                          ; 1                            ;
; 9                                          ; 2                            ;
; 10                                         ; 8                            ;
+--------------------------------------------+------------------------------+


+-------------------------------------------------------------------+
; LAB-wide Signals                                                  ;
+------------------------------------+------------------------------+
; LAB-wide Signals  (Average = 2.35) ; Number of LABs  (Total = 17) ;
+------------------------------------+------------------------------+
; 1 Async. clear                     ; 15                           ;
; 1 Clock                            ; 13                           ;
; 1 Clock enable                     ; 6                            ;
; 1 Sync. clear                      ; 1                            ;
; 2 Async. clears                    ; 1                            ;
; 2 Clocks                           ; 4                            ;
+------------------------------------+------------------------------+


+----------------------------------------------------------------------------+
; LAB Signals Sourced                                                        ;
+---------------------------------------------+------------------------------+
; Number of Signals Sourced  (Average = 8.65) ; Number of LABs  (Total = 17) ;
+---------------------------------------------+------------------------------+
; 0                                           ; 0                            ;
; 1                                           ; 1                            ;
; 2                                           ; 0                            ;
; 3                                           ; 0                            ;
; 4                                           ; 0                            ;
; 5                                           ; 2                            ;
; 6                                           ; 2                            ;
; 7                                           ; 1                            ;
; 8                                           ; 1                            ;
; 9                                           ; 2                            ;
; 10                                          ; 5                            ;
; 11                                          ; 0                            ;
; 12                                          ; 0                            ;
; 13                                          ; 1                            ;
; 14                                          ; 2                            ;
+---------------------------------------------+------------------------------+


+--------------------------------------------------------------------------------+
; LAB Signals Sourced Out                                                        ;
+-------------------------------------------------+------------------------------+
; Number of Signals Sourced Out  (Average = 5.71) ; Number of LABs  (Total = 17) ;
+-------------------------------------------------+------------------------------+
; 0                                               ; 0                            ;
; 1                                               ; 1                            ;
; 2                                               ; 0                            ;
; 3                                               ; 2                            ;
; 4                                               ; 3                            ;
; 5                                               ; 2                            ;
; 6                                               ; 3                            ;
; 7                                               ; 2                            ;
; 8                                               ; 2                            ;
; 9                                               ; 1                            ;
; 10                                              ; 0                            ;
; 11                                              ; 1                            ;
+-------------------------------------------------+------------------------------+


+----------------------------------------------------------------------------+
; LAB Distinct Inputs                                                        ;
+---------------------------------------------+------------------------------+
; Number of Distinct Inputs  (Average = 9.35) ; Number of LABs  (Total = 17) ;
+---------------------------------------------+------------------------------+
; 0                                           ; 0                            ;
; 1                                           ; 0                            ;
; 2                                           ; 0                            ;
; 3                                           ; 0                            ;
; 4                                           ; 0                            ;
; 5                                           ; 2                            ;
; 6                                           ; 3                            ;
; 7                                           ; 2                            ;
; 8                                           ; 2                            ;
; 9                                           ; 2                            ;
; 10                                          ; 1                            ;
; 11                                          ; 1                            ;
; 12                                          ; 1                            ;
; 13                                          ; 0                            ;
; 14                                          ; 2                            ;
; 15                                          ; 0                            ;
; 16                                          ; 0                            ;
; 17                                          ; 0                            ;
; 18                                          ; 0                            ;
; 19                                          ; 0                            ;
; 20                                          ; 0                            ;
; 21                                          ; 0                            ;
; 22                                          ; 1                            ;
+---------------------------------------------+------------------------------+


+--------------------------------------------------------------------+
; Fitter Device Options                                              ;
+----------------------------------------------+---------------------+
; Option                                       ; Setting             ;
+----------------------------------------------+---------------------+
; Enable user-supplied start-up clock (CLKUSR) ; Off                 ;
; Enable device-wide reset (DEV_CLRn)          ; Off                 ;
; Enable device-wide output enable (DEV_OE)    ; Off                 ;
; Enable INIT_DONE output                      ; Off                 ;
; Configuration scheme                         ; Passive Serial      ;
; Reserve all unused pins                      ; As input tri-stated ;
+----------------------------------------------+---------------------+


+------------------------------------------------------------+
; Estimated Delay Added for Hold Timing Summary              ;
+-----------------+----------------------+-------------------+
; Source Clock(s) ; Destination Clock(s) ; Delay Added in ns ;
+-----------------+----------------------+-------------------+
Note: For more information on problematic transfers, consider running the Fitter again with the Optimize hold timing option (Settings Menu) turned off.
This will disable optimization of problematic paths and expose them for further analysis using the TimeQuest Timing Analyzer.


+-----------------------------------------------------------------------------------------------+
; Estimated Delay Added for Hold Timing Details                                                 ;
+-----------------------------------+---------------------------------------+-------------------+
; Source Register                   ; Destination Register                  ; Delay Added in ns ;
+-----------------------------------+---------------------------------------+-------------------+
; rs232_rx                          ; my_uart_rx:my_uart_rx|rx_data_temp[1] ; 0.315             ;
; my_uart_rx:my_uart_rx|rx_count[2] ; my_uart_rx:my_uart_rx|rx_data_temp[2] ; 0.172             ;
; my_uart_rx:my_uart_rx|rx_count[1] ; my_uart_rx:my_uart_rx|rx_data_temp[2] ; 0.172             ;
+-----------------------------------+---------------------------------------+-------------------+
Note: This table only shows the top 3 path(s) that have the largest delay added for hold.


+-----------------+
; Fitter Messages ;
+-----------------+
Info (20030): Parallel compilation is enabled and will use 4 of the 4 processors detected
Info (119006): Selected device EPM570T100C5 for design "top"
Info (21077): Low junction temperature is 0 degrees C
Info (21077): High junction temperature is 85 degrees C
Info (171003): Fitter is performing an Auto Fit compilation, which may decrease Fitter effort to reduce compilation time
Warning (292013): Feature LogicLock is only available with a valid subscription license. You can purchase a software subscription to gain full access to this feature.
Info (176444): Device migration not selected. If you intend to use device migration later, you may need to change the pin assignments as they may be incompatible with other devices
    Info (176445): Device EPM240T100C5 is compatible
    Info (176445): Device EPM240T100I5 is compatible
    Info (176445): Device EPM240T100A5 is compatible
    Info (176445): Device EPM570T100I5 is compatible
    Info (176445): Device EPM570T100A5 is compatible
Critical Warning (332012): Synopsys Design Constraints File file not found: 'top.sdc'. A Synopsys Design Constraints File is required by the TimeQuest Timing Analyzer to get proper timing constraints. Without it, the Compiler will not properly optimize the design.
Info (332144): No user constrained base clocks found in the design
Info (332128): Timing requirements not specified -- optimizing circuit to achieve the following default global requirements
    Info (332127): Assuming a default timing requirement
Info (332111): Found 4 clocks
    Info (332111):   Period   Clock Name
    Info (332111): ======== ============
    Info (332111):    1.000          clk
    Info (332111):    1.000 my_uart_rx:my_uart_rx|rx_enable_reg
    Info (332111):    1.000     rs232_rx
    Info (332111):    1.000 speed_select:speed_select|buad_clk_rx_reg
Info (186079): Completed User Assigned Global Signals Promotion Operation
Info (186215): Automatically promoted signal "clk" to use Global clock in PIN 12
Info (186215): Automatically promoted signal "speed_select:speed_select|buad_clk_rx_reg" to use Global clock
Info (186216): Automatically promoted some destinations of signal "rst_n" to use Global clock
    Info (186217): Destination "button_rst_n" may be non-global or may not use global clock
    Info (186217): Destination "my_uart_rx:my_uart_rx|rx_enable_reg~0" may be non-global or may not use global clock
    Info (186217): Destination "my_uart_rx:my_uart_rx|rx_complete_reg~1" may be non-global or may not use global clock
Info (186228): Pin "rst_n" drives global clock, but is not placed in a dedicated clock pin position
Info (186079): Completed Auto Global Promotion Operation
Info (176234): Starting register packing
Info (186468): Started processing fast register assignments
Info (186469): Finished processing fast register assignments
Info (176235): Finished register packing
Info (171121): Fitter preparation operations ending: elapsed time is 00:00:00
Info (14896): Fitter has disabled Advanced Physical Optimization because it is not supported for the current family.
Info (170189): Fitter placement preparation operations beginning
Info (170190): Fitter placement preparation operations ending: elapsed time is 00:00:00
Info (170191): Fitter placement operations beginning
Info (170137): Fitter placement was successful
Info (170192): Fitter placement operations ending: elapsed time is 00:00:00
Info (170193): Fitter routing operations beginning
Info (170195): Router estimated average interconnect usage is 5% of the available device resources
    Info (170196): Router estimated peak interconnect usage is 5% of the available device resources in the region that extends from location X0_Y0 to location X13_Y8
Info (170194): Fitter routing operations ending: elapsed time is 00:00:00
Info (170199): The Fitter performed an Auto Fit compilation.  Optimizations were skipped to reduce compilation time.
    Info (170201): Optimizations that may affect the design's routability were skipped
Info (11888): Total time spent on timing analysis during the Fitter is 0.20 seconds.
Info (11218): Fitter post-fit operations ending: elapsed time is 00:00:00
Info (144001): Generated suppressed messages file C:/My_Work_Space_Local/CodeRepository/mcu_cpld_prd/Auto_Generator/pycpld/quartus-II/top_frdmusb_usage/top.fit.smsg
Info: Quartus II 64-Bit Fitter was successful. 0 errors, 2 warnings
    Info: Peak virtual memory: 1075 megabytes
    Info: Processing ended: Fri Jun 29 13:35:31 2018
    Info: Elapsed time: 00:00:02
    Info: Total CPU time (on all processors): 00:00:02


+----------------------------+
; Fitter Suppressed Messages ;
+----------------------------+
The suppressed messages can be found in C:/My_Work_Space_Local/CodeRepository/mcu_cpld_prd/Auto_Generator/pycpld/quartus-II/top_frdmusb_usage/top.fit.smsg.


