Analysis & Synthesis report for top
Fri Nov 02 19:39:19 2018
Quartus Prime Version 17.1.0 Build 590 10/25/2017 SJ Lite Edition


---------------------
; Table of Contents ;
---------------------
  1. Legal Notice
  2. Analysis & Synthesis Summary
  3. Analysis & Synthesis Settings
  4. Parallel Compilation
  5. Analysis & Synthesis Source Files Read
  6. Analysis & Synthesis Resource Usage Summary
  7. Analysis & Synthesis Resource Utilization by Entity
  8. State Machine - |top|Current
  9. Registers Removed During Synthesis
 10. General Register Statistics
 11. Inverted Register Statistics
 12. Multiplexer Restructuring Statistics (Restructuring Performed)
 13. Parameter Settings for User Entity Instance: Top-level Entity: |top
 14. Parameter Settings for User Entity Instance: speed_select:speed_select
 15. Port Connectivity Checks: "pwm_out:pwm_out"
 16. Port Connectivity Checks: "spi_ctrl_reduced:spi_ctrl_reduced_instance"
 17. Port Connectivity Checks: "my_uart_tx:my_uart_tx"
 18. Port Connectivity Checks: "my_uart_rx:my_uart_rx"
 19. Analysis & Synthesis Messages
 20. Analysis & Synthesis Suppressed Messages



----------------
; Legal Notice ;
----------------
Copyright (C) 2017  Intel Corporation. All rights reserved.
Your use of Intel Corporation's design tools, logic functions 
and other software and tools, and its AMPP partner logic 
functions, and any output files from any of the foregoing 
(including device programming or simulation files), and any 
associated documentation or information are expressly subject 
to the terms and conditions of the Intel Program License 
Subscription Agreement, the Intel Quartus Prime License Agreement,
the Intel FPGA IP License Agreement, or other applicable license
agreement, including, without limitation, that your use is for
the sole purpose of programming logic devices manufactured by
Intel and sold by Intel or its authorized distributors.  Please
refer to the applicable agreement for further details.



+---------------------------------------------------------------------------+
; Analysis & Synthesis Summary                                              ;
+-----------------------------+---------------------------------------------+
; Analysis & Synthesis Status ; Successful - Fri Nov 02 19:39:19 2018       ;
; Quartus Prime Version       ; 17.1.0 Build 590 10/25/2017 SJ Lite Edition ;
; Revision Name               ; top                                         ;
; Top-level Entity Name       ; top                                         ;
; Family                      ; MAX II                                      ;
; Total logic elements        ; 261                                         ;
; Total pins                  ; 20                                          ;
; Total virtual pins          ; 0                                           ;
; UFM blocks                  ; 0 / 1 ( 0 % )                               ;
+-----------------------------+---------------------------------------------+


+----------------------------------------------------------------------------------------------------------------------+
; Analysis & Synthesis Settings                                                                                        ;
+----------------------------------------------------------------------------+--------------------+--------------------+
; Option                                                                     ; Setting            ; Default Value      ;
+----------------------------------------------------------------------------+--------------------+--------------------+
; Device                                                                     ; EPM570T100C5       ;                    ;
; Top-level entity name                                                      ; top                ; top                ;
; Family name                                                                ; MAX II             ; Cyclone V          ;
; Verilog Show LMF Mapping Messages                                          ; Off                ;                    ;
; Use smart compilation                                                      ; Off                ; Off                ;
; Enable parallel Assembler and TimeQuest Timing Analyzer during compilation ; On                 ; On                 ;
; Enable compact report table                                                ; Off                ; Off                ;
; Restructure Multiplexers                                                   ; Auto               ; Auto               ;
; Create Debugging Nodes for IP Cores                                        ; Off                ; Off                ;
; Preserve fewer node names                                                  ; On                 ; On                 ;
; Intel FPGA IP Evaluation Mode                                              ; Enable             ; Enable             ;
; Verilog Version                                                            ; Verilog_2001       ; Verilog_2001       ;
; VHDL Version                                                               ; VHDL_1993          ; VHDL_1993          ;
; State Machine Processing                                                   ; Auto               ; Auto               ;
; Safe State Machine                                                         ; Off                ; Off                ;
; Extract Verilog State Machines                                             ; On                 ; On                 ;
; Extract VHDL State Machines                                                ; On                 ; On                 ;
; Ignore Verilog initial constructs                                          ; Off                ; Off                ;
; Iteration limit for constant Verilog loops                                 ; 5000               ; 5000               ;
; Iteration limit for non-constant Verilog loops                             ; 250                ; 250                ;
; Add Pass-Through Logic to Inferred RAMs                                    ; On                 ; On                 ;
; Infer RAMs from Raw Logic                                                  ; On                 ; On                 ;
; Parallel Synthesis                                                         ; On                 ; On                 ;
; NOT Gate Push-Back                                                         ; On                 ; On                 ;
; Power-Up Don't Care                                                        ; On                 ; On                 ;
; Remove Redundant Logic Cells                                               ; Off                ; Off                ;
; Remove Duplicate Registers                                                 ; On                 ; On                 ;
; Ignore CARRY Buffers                                                       ; Off                ; Off                ;
; Ignore CASCADE Buffers                                                     ; Off                ; Off                ;
; Ignore GLOBAL Buffers                                                      ; Off                ; Off                ;
; Ignore ROW GLOBAL Buffers                                                  ; Off                ; Off                ;
; Ignore LCELL Buffers                                                       ; Off                ; Off                ;
; Ignore SOFT Buffers                                                        ; On                 ; On                 ;
; Limit AHDL Integers to 32 Bits                                             ; Off                ; Off                ;
; Optimization Technique                                                     ; Balanced           ; Balanced           ;
; Carry Chain Length                                                         ; 70                 ; 70                 ;
; Auto Carry Chains                                                          ; On                 ; On                 ;
; Auto Open-Drain Pins                                                       ; On                 ; On                 ;
; Perform WYSIWYG Primitive Resynthesis                                      ; Off                ; Off                ;
; Auto Shift Register Replacement                                            ; Auto               ; Auto               ;
; Allow Shift Register Merging across Hierarchies                            ; Auto               ; Auto               ;
; Auto Clock Enable Replacement                                              ; On                 ; On                 ;
; Allow Synchronous Control Signals                                          ; On                 ; On                 ;
; Force Use of Synchronous Clear Signals                                     ; Off                ; Off                ;
; Auto Resource Sharing                                                      ; Off                ; Off                ;
; Use LogicLock Constraints during Resource Balancing                        ; On                 ; On                 ;
; Ignore translate_off and synthesis_off directives                          ; Off                ; Off                ;
; Report Parameter Settings                                                  ; On                 ; On                 ;
; Report Source Assignments                                                  ; On                 ; On                 ;
; Report Connectivity Checks                                                 ; On                 ; On                 ;
; Ignore Maximum Fan-Out Assignments                                         ; Off                ; Off                ;
; Synchronization Register Chain Length                                      ; 2                  ; 2                  ;
; Power Optimization During Synthesis                                        ; Normal compilation ; Normal compilation ;
; HDL message level                                                          ; Level2             ; Level2             ;
; Suppress Register Optimization Related Messages                            ; Off                ; Off                ;
; Number of Removed Registers Reported in Synthesis Report                   ; 5000               ; 5000               ;
; Number of Swept Nodes Reported in Synthesis Report                         ; 5000               ; 5000               ;
; Number of Inverted Registers Reported in Synthesis Report                  ; 100                ; 100                ;
; Clock MUX Protection                                                       ; On                 ; On                 ;
; Block Design Naming                                                        ; Auto               ; Auto               ;
; Synthesis Effort                                                           ; Auto               ; Auto               ;
; Shift Register Replacement - Allow Asynchronous Clear Signal               ; On                 ; On                 ;
; Analysis & Synthesis Message Level                                         ; Medium             ; Medium             ;
; Disable Register Merging Across Hierarchies                                ; Auto               ; Auto               ;
+----------------------------------------------------------------------------+--------------------+--------------------+


+------------------------------------------+
; Parallel Compilation                     ;
+----------------------------+-------------+
; Processors                 ; Number      ;
+----------------------------+-------------+
; Number detected on machine ; 4           ;
; Maximum allowed            ; 2           ;
;                            ;             ;
; Average used               ; 1.00        ;
; Maximum used               ; 1           ;
;                            ;             ;
; Usage by Processor         ; % Time Used ;
;     Processor 1            ; 100.0%      ;
+----------------------------+-------------+


+---------------------------------------------------------------------------------------------------------------------------------------------------------------+
; Analysis & Synthesis Source Files Read                                                                                                                        ;
+----------------------------------+-----------------+------------------------+-----------------------------------------------------------------------+---------+
; File Name with User-Entered Path ; Used in Netlist ; File Type              ; File Name with Absolute Path                                          ; Library ;
+----------------------------------+-----------------+------------------------+-----------------------------------------------------------------------+---------+
; top.v                            ; yes             ; User Verilog HDL File  ; C:/github/pycpld.git/quartus-II/top_frdmkw38_ksv/top.v                ;         ;
; pwm_out.v                        ; yes             ; User Verilog HDL File  ; C:/github/pycpld.git/quartus-II/top_frdmkw38_ksv/pwm_out.v            ;         ;
; spi_ctrl_reduced.v               ; yes             ; User Verilog HDL File  ; C:/github/pycpld.git/quartus-II/top_frdmkw38_ksv/spi_ctrl_reduced.v   ;         ;
; spi_master_reduced.v             ; yes             ; User Verilog HDL File  ; C:/github/pycpld.git/quartus-II/top_frdmkw38_ksv/spi_master_reduced.v ;         ;
; speed_select.v                   ; yes             ; User Verilog HDL File  ; C:/github/pycpld.git/quartus-II/top_frdmkw38_ksv/speed_select.v       ;         ;
; uart_rx.v                        ; yes             ; User Verilog HDL File  ; C:/github/pycpld.git/quartus-II/top_frdmkw38_ksv/uart_rx.v            ;         ;
; uart_tx.v                        ; yes             ; User Verilog HDL File  ; C:/github/pycpld.git/quartus-II/top_frdmkw38_ksv/uart_tx.v            ;         ;
+----------------------------------+-----------------+------------------------+-----------------------------------------------------------------------+---------+


+-----------------------------------------------------+
; Analysis & Synthesis Resource Usage Summary         ;
+---------------------------------------------+-------+
; Resource                                    ; Usage ;
+---------------------------------------------+-------+
; Total logic elements                        ; 261   ;
;     -- Combinational with no register       ; 88    ;
;     -- Register only                        ; 33    ;
;     -- Combinational with a register        ; 140   ;
;                                             ;       ;
; Logic element usage by number of LUT inputs ;       ;
;     -- 4 input functions                    ; 106   ;
;     -- 3 input functions                    ; 23    ;
;     -- 2 input functions                    ; 93    ;
;     -- 1 input functions                    ; 5     ;
;     -- 0 input functions                    ; 1     ;
;                                             ;       ;
; Logic elements by mode                      ;       ;
;     -- normal mode                          ; 188   ;
;     -- arithmetic mode                      ; 73    ;
;     -- qfbk mode                            ; 0     ;
;     -- register cascade mode                ; 0     ;
;     -- synchronous clear/load mode          ; 58    ;
;     -- asynchronous clear/load mode         ; 171   ;
;                                             ;       ;
; Total registers                             ; 173   ;
; Total logic cells in carry chains           ; 80    ;
; I/O pins                                    ; 20    ;
; Maximum fan-out node                        ; rst_n ;
; Maximum fan-out                             ; 132   ;
; Total fan-out                               ; 1220  ;
; Average fan-out                             ; 4.34  ;
+---------------------------------------------+-------+


+--------------------------------------------------------------------------------------------------------------------------------------------------------------------------------------------------------------------------------------------------------------------------------------------------------------------------------------------------+
; Analysis & Synthesis Resource Utilization by Entity                                                                                                                                                                                                                                                                                              ;
+--------------------------------------------------------+-------------+--------------+------------+------+--------------+--------------+-------------------+------------------+-----------------+------------+------------------------------------------------------------------------------------------------+--------------------+--------------+
; Compilation Hierarchy Node                             ; Logic Cells ; LC Registers ; UFM Blocks ; Pins ; Virtual Pins ; LUT-Only LCs ; Register-Only LCs ; LUT/Register LCs ; Carry Chain LCs ; Packed LCs ; Full Hierarchy Name                                                                            ; Entity Name        ; Library Name ;
+--------------------------------------------------------+-------------+--------------+------------+------+--------------+--------------+-------------------+------------------+-----------------+------------+------------------------------------------------------------------------------------------------+--------------------+--------------+
; |top                                                   ; 261 (103)   ; 173          ; 0          ; 20   ; 0            ; 88 (40)      ; 33 (25)           ; 140 (38)         ; 80 (0)          ; 0 (0)      ; |top                                                                                           ; top                ; work         ;
;    |my_uart_rx:my_uart_rx|                             ; 36 (36)     ; 22           ; 0          ; 0    ; 0            ; 14 (14)      ; 8 (8)             ; 14 (14)          ; 0 (0)           ; 0 (0)      ; |top|my_uart_rx:my_uart_rx                                                                     ; my_uart_rx         ; work         ;
;    |pwm_out:pwm_out|                                   ; 46 (46)     ; 33           ; 0          ; 0    ; 0            ; 13 (13)      ; 0 (0)             ; 33 (33)          ; 32 (32)         ; 0 (0)      ; |top|pwm_out:pwm_out                                                                           ; pwm_out            ; work         ;
;    |speed_select:speed_select|                         ; 22 (22)     ; 14           ; 0          ; 0    ; 0            ; 8 (8)        ; 0 (0)             ; 14 (14)          ; 13 (13)         ; 0 (0)      ; |top|speed_select:speed_select                                                                 ; speed_select       ; work         ;
;    |spi_ctrl_reduced:spi_ctrl_reduced_instance|        ; 54 (22)     ; 41           ; 0          ; 0    ; 0            ; 13 (4)       ; 0 (0)             ; 41 (18)          ; 35 (15)         ; 0 (0)      ; |top|spi_ctrl_reduced:spi_ctrl_reduced_instance                                                ; spi_ctrl_reduced   ; work         ;
;       |spi_master_reduced:spi_master_reduced_instance| ; 32 (32)     ; 23           ; 0          ; 0    ; 0            ; 9 (9)        ; 0 (0)             ; 23 (23)          ; 20 (20)         ; 0 (0)      ; |top|spi_ctrl_reduced:spi_ctrl_reduced_instance|spi_master_reduced:spi_master_reduced_instance ; spi_master_reduced ; work         ;
+--------------------------------------------------------+-------------+--------------+------------+------+--------------+--------------+-------------------+------------------+-----------------+------------+------------------------------------------------------------------------------------------------+--------------------+--------------+
Note: For table entries with two numbers listed, the numbers in parentheses indicate the number of resources of the given type used by the specific entity alone. The numbers listed outside of parentheses indicate the total resources of the given type used by the specific entity and all of its sub-entities in the hierarchy.


Encoding Type:  One-Hot
+------------------------------------------------------------------------+
; State Machine - |top|Current                                           ;
+--------------+--------------+--------------+--------------+------------+
; Name         ; Current.IDLE ; Current.SAVE ; Current.WAIT ; Current.S1 ;
+--------------+--------------+--------------+--------------+------------+
; Current.IDLE ; 0            ; 0            ; 0            ; 0          ;
; Current.S1   ; 1            ; 0            ; 0            ; 1          ;
; Current.WAIT ; 1            ; 0            ; 1            ; 0          ;
; Current.SAVE ; 1            ; 1            ; 0            ; 0          ;
+--------------+--------------+--------------+--------------+------------+


+--------------------------------------------------------------------------------------+
; Registers Removed During Synthesis                                                   ;
+---------------------------------------------+----------------------------------------+
; Register name                               ; Reason for Removal                     ;
+---------------------------------------------+----------------------------------------+
; speed_select:speed_select|bps_para[9..12]   ; Stuck at GND due to stuck port data_in ;
; speed_select:speed_select|bps_para[7,8]     ; Stuck at VCC due to stuck port data_in ;
; speed_select:speed_select|bps_para[6]       ; Stuck at GND due to stuck port data_in ;
; speed_select:speed_select|bps_para[4,5]     ; Stuck at VCC due to stuck port data_in ;
; speed_select:speed_select|bps_para[2,3]     ; Stuck at GND due to stuck port data_in ;
; speed_select:speed_select|bps_para[1]       ; Stuck at VCC due to stuck port data_in ;
; speed_select:speed_select|bps_para[0]       ; Stuck at GND due to stuck port data_in ;
; speed_select:speed_select|bps_para_2[8..12] ; Stuck at GND due to stuck port data_in ;
; speed_select:speed_select|bps_para_2[6,7]   ; Stuck at VCC due to stuck port data_in ;
; speed_select:speed_select|bps_para_2[5]     ; Stuck at GND due to stuck port data_in ;
; speed_select:speed_select|bps_para_2[3,4]   ; Stuck at VCC due to stuck port data_in ;
; speed_select:speed_select|bps_para_2[1,2]   ; Stuck at GND due to stuck port data_in ;
; speed_select:speed_select|bps_para_2[0]     ; Stuck at VCC due to stuck port data_in ;
; dutyratio[4]                                ; Merged with pwmfreq[0]                 ;
; pwmfreq[20]                                 ; Merged with pwmfreq[0]                 ;
; dutyratio[0,8,12]                           ; Merged with pwmfreq[0]                 ;
; pwmfreq[8,24]                               ; Merged with pwmfreq[0]                 ;
; dutyratio[20]                               ; Merged with pwmfreq[0]                 ;
; pwmfreq[5,30]                               ; Merged with pwmfreq[0]                 ;
; dutyratio[2,3,6,10]                         ; Merged with pwmfreq[0]                 ;
; pwmfreq[2,22]                               ; Merged with pwmfreq[0]                 ;
; dutyratio[18]                               ; Merged with pwmfreq[0]                 ;
; pwmfreq[10]                                 ; Merged with pwmfreq[0]                 ;
; dutyratio[22,30]                            ; Merged with pwmfreq[0]                 ;
; pwmfreq[31]                                 ; Merged with pwmfreq[0]                 ;
; dutyratio[1]                                ; Merged with pwmfreq[0]                 ;
; pwmfreq[1]                                  ; Merged with pwmfreq[0]                 ;
; dutyratio[5]                                ; Merged with pwmfreq[0]                 ;
; pwmfreq[17]                                 ; Merged with pwmfreq[0]                 ;
; dutyratio[7]                                ; Merged with pwmfreq[0]                 ;
; pwmfreq[7]                                  ; Merged with pwmfreq[0]                 ;
; dutyratio[9]                                ; Merged with pwmfreq[0]                 ;
; pwmfreq[19]                                 ; Merged with pwmfreq[0]                 ;
; dutyratio[11,13]                            ; Merged with pwmfreq[0]                 ;
; pwmfreq[3,9,21]                             ; Merged with pwmfreq[0]                 ;
; dutyratio[21]                               ; Merged with pwmfreq[0]                 ;
; pwmfreq[25]                                 ; Merged with pwmfreq[0]                 ;
; dutyratio[23]                               ; Merged with pwmfreq[0]                 ;
; pwmfreq[11,27]                              ; Merged with pwmfreq[0]                 ;
; dutyratio[25,26,29]                         ; Merged with pwmfreq[0]                 ;
; pwmfreq[29]                                 ; Merged with pwmfreq[0]                 ;
; dutyratio[31]                               ; Merged with pwmfreq[0]                 ;
; pwmfreq[4,6,12,28]                          ; Merged with pwmfreq[0]                 ;
; dutyratio[28]                               ; Merged with pwmfreq[0]                 ;
; pwmfreq[16]                                 ; Merged with pwmfreq[13]                ;
; dutyratio[16]                               ; Merged with pwmfreq[13]                ;
; pwmfreq[18]                                 ; Merged with pwmfreq[13]                ;
; dutyratio[14]                               ; Merged with pwmfreq[13]                ;
; pwmfreq[26]                                 ; Merged with pwmfreq[13]                ;
; dutyratio[24]                               ; Merged with pwmfreq[13]                ;
; pwmfreq[14,15]                              ; Merged with pwmfreq[13]                ;
; dutyratio[15,17]                            ; Merged with pwmfreq[13]                ;
; pwmfreq[23]                                 ; Merged with pwmfreq[13]                ;
; dutyratio[19,27]                            ; Merged with pwmfreq[13]                ;
; spi_rx_rd_en                                ; Merged with spi_rd_rst                 ;
; spi_tx_rd_en                                ; Merged with spi_rd_rst                 ;
; mode_rd_select                              ; Stuck at GND due to stuck port data_in ;
; pwmfreq[0]                                  ; Stuck at GND due to stuck port data_in ;
; pwmfreq[13]                                 ; Stuck at VCC due to stuck port data_in ;
; Total Number of Removed Registers = 93      ;                                        ;
+---------------------------------------------+----------------------------------------+


+------------------------------------------------------+
; General Register Statistics                          ;
+----------------------------------------------+-------+
; Statistic                                    ; Value ;
+----------------------------------------------+-------+
; Total registers                              ; 173   ;
; Number of registers using Synchronous Clear  ; 58    ;
; Number of registers using Synchronous Load   ; 0     ;
; Number of registers using Asynchronous Clear ; 171   ;
; Number of registers using Asynchronous Load  ; 0     ;
; Number of registers using Clock Enable       ; 93    ;
; Number of registers using Preset             ; 0     ;
+----------------------------------------------+-------+


+---------------------------------------------------------------------------------------------------------------+
; Inverted Register Statistics                                                                                  ;
+-----------------------------------------------------------------------------------------------------+---------+
; Inverted Register                                                                                   ; Fan out ;
+-----------------------------------------------------------------------------------------------------+---------+
; spi_ctrl_reduced:spi_ctrl_reduced_instance|spi_master_reduced:spi_master_reduced_instance|spi_mosir ; 1       ;
; my_uart_rx:my_uart_rx|rx_complete_reg                                                               ; 2       ;
; Total number of inverted registers = 2                                                              ;         ;
+-----------------------------------------------------------------------------------------------------+---------+


+----------------------------------------------------------------------------------------------------------------------------------------------------------------------------------------------------------------------+
; Multiplexer Restructuring Statistics (Restructuring Performed)                                                                                                                                                       ;
+--------------------+-----------+---------------+----------------------+------------------------+------------+--------------------------------------------------------------------------------------------------------+
; Multiplexer Inputs ; Bus Width ; Baseline Area ; Area if Restructured ; Saving if Restructured ; Registered ; Example Multiplexer Output                                                                             ;
+--------------------+-----------+---------------+----------------------+------------------------+------------+--------------------------------------------------------------------------------------------------------+
; 3:1                ; 5 bits    ; 10 LEs        ; 5 LEs                ; 5 LEs                  ; Yes        ; |top|spi_ctrl_reduced:spi_ctrl_reduced_instance|spi_master_reduced:spi_master_reduced_instance|cnt8[4] ;
+--------------------+-----------+---------------+----------------------+------------------------+------------+--------------------------------------------------------------------------------------------------------+


+---------------------------------------------------------------------+
; Parameter Settings for User Entity Instance: Top-level Entity: |top ;
+----------------+----------+-----------------------------------------+
; Parameter Name ; Value    ; Type                                    ;
+----------------+----------+-----------------------------------------+
; IDLE           ; 000      ; Unsigned Binary                         ;
; S1             ; 001      ; Unsigned Binary                         ;
; WAIT           ; 010      ; Unsigned Binary                         ;
; SAVE           ; 100      ; Unsigned Binary                         ;
; A              ; 01000001 ; Unsigned Binary                         ;
; B              ; 01000010 ; Unsigned Binary                         ;
; C              ; 01000011 ; Unsigned Binary                         ;
; D              ; 01000100 ; Unsigned Binary                         ;
; E              ; 01000101 ; Unsigned Binary                         ;
; F              ; 01000110 ; Unsigned Binary                         ;
; G              ; 01000111 ; Unsigned Binary                         ;
; H              ; 01001000 ; Unsigned Binary                         ;
; I              ; 01001001 ; Unsigned Binary                         ;
; J              ; 01001010 ; Unsigned Binary                         ;
; K              ; 01001011 ; Unsigned Binary                         ;
; L              ; 01001100 ; Unsigned Binary                         ;
; M              ; 01001101 ; Unsigned Binary                         ;
; N              ; 01001110 ; Unsigned Binary                         ;
; O              ; 01001111 ; Unsigned Binary                         ;
; P              ; 01010000 ; Unsigned Binary                         ;
; Q              ; 01010001 ; Unsigned Binary                         ;
; R              ; 01010010 ; Unsigned Binary                         ;
; S              ; 01010011 ; Unsigned Binary                         ;
; T              ; 01010100 ; Unsigned Binary                         ;
; U              ; 01010101 ; Unsigned Binary                         ;
; V              ; 01010110 ; Unsigned Binary                         ;
; W              ; 01010111 ; Unsigned Binary                         ;
; X              ; 01011000 ; Unsigned Binary                         ;
; Y              ; 01011001 ; Unsigned Binary                         ;
; Z              ; 01011010 ; Unsigned Binary                         ;
; Z0             ; 00110000 ; Unsigned Binary                         ;
; I1             ; 00110001 ; Unsigned Binary                         ;
; II             ; 00110010 ; Unsigned Binary                         ;
; III            ; 00110011 ; Unsigned Binary                         ;
; IV             ; 00110100 ; Unsigned Binary                         ;
; V5             ; 00110101 ; Unsigned Binary                         ;
; VI             ; 00110110 ; Unsigned Binary                         ;
; VII            ; 00110111 ; Unsigned Binary                         ;
; VIII           ; 00111000 ; Unsigned Binary                         ;
; VIIII          ; 00111001 ; Unsigned Binary                         ;
+----------------+----------+-----------------------------------------+
Note: In order to hide this table in the UI and the text report file, please set the "Show Parameter Settings in Synthesis Report" option in "Analysis and Synthesis Settings -> More Settings" to "Off".


+------------------------------------------------------------------------+
; Parameter Settings for User Entity Instance: speed_select:speed_select ;
+----------------+-------+-----------------------------------------------+
; Parameter Name ; Value ; Type                                          ;
+----------------+-------+-----------------------------------------------+
; bps9600        ; 5208  ; Signed Integer                                ;
; bps19200       ; 2603  ; Signed Integer                                ;
; bps38400       ; 1301  ; Signed Integer                                ;
; bps57600       ; 867   ; Signed Integer                                ;
; bps115200      ; 434   ; Signed Integer                                ;
; bps256000      ; 195   ; Signed Integer                                ;
; bps9600_2      ; 2604  ; Signed Integer                                ;
; bps19200_2     ; 1301  ; Signed Integer                                ;
; bps38400_2     ; 650   ; Signed Integer                                ;
; bps57600_2     ; 433   ; Signed Integer                                ;
; bps115200_2    ; 217   ; Signed Integer                                ;
; bps256000_2    ; 97    ; Signed Integer                                ;
+----------------+-------+-----------------------------------------------+
Note: In order to hide this table in the UI and the text report file, please set the "Show Parameter Settings in Synthesis Report" option in "Analysis and Synthesis Settings -> More Settings" to "Off".


+----------------------------------------------------------------------------------------------------------------+
; Port Connectivity Checks: "pwm_out:pwm_out"                                                                    ;
+------+--------+----------+-------------------------------------------------------------------------------------+
; Port ; Type   ; Severity ; Details                                                                             ;
+------+--------+----------+-------------------------------------------------------------------------------------+
; phb  ; Output ; Info     ; Connected to dangling logic. Logic that only feeds a dangling port will be removed. ;
+------+--------+----------+-------------------------------------------------------------------------------------+


+--------------------------------------------------------------------------------------------------------------------------+
; Port Connectivity Checks: "spi_ctrl_reduced:spi_ctrl_reduced_instance"                                                   ;
+----------------+--------+----------+-------------------------------------------------------------------------------------+
; Port           ; Type   ; Severity ; Details                                                                             ;
+----------------+--------+----------+-------------------------------------------------------------------------------------+
; receive_status ; Output ; Info     ; Connected to dangling logic. Logic that only feeds a dangling port will be removed. ;
+----------------+--------+----------+-------------------------------------------------------------------------------------+


+-----------------------------------------------------------------------------------------------------------------------+
; Port Connectivity Checks: "my_uart_tx:my_uart_tx"                                                                     ;
+-------------+--------+----------+-------------------------------------------------------------------------------------+
; Port        ; Type   ; Severity ; Details                                                                             ;
+-------------+--------+----------+-------------------------------------------------------------------------------------+
; tx_start    ; Input  ; Info     ; Stuck at GND                                                                        ;
; tx_complete ; Output ; Info     ; Connected to dangling logic. Logic that only feeds a dangling port will be removed. ;
; uart_tx     ; Output ; Info     ; Connected to dangling logic. Logic that only feeds a dangling port will be removed. ;
+-------------+--------+----------+-------------------------------------------------------------------------------------+


+-----------------------------------------------------------------------------------------------------------------------+
; Port Connectivity Checks: "my_uart_rx:my_uart_rx"                                                                     ;
+-------------+--------+----------+-------------------------------------------------------------------------------------+
; Port        ; Type   ; Severity ; Details                                                                             ;
+-------------+--------+----------+-------------------------------------------------------------------------------------+
; rx_complete ; Output ; Info     ; Connected to dangling logic. Logic that only feeds a dangling port will be removed. ;
; rx_error    ; Output ; Info     ; Connected to dangling logic. Logic that only feeds a dangling port will be removed. ;
+-------------+--------+----------+-------------------------------------------------------------------------------------+


+-------------------------------+
; Analysis & Synthesis Messages ;
+-------------------------------+
Info: *******************************************************************
Info: Running Quartus Prime Analysis & Synthesis
    Info: Version 17.1.0 Build 590 10/25/2017 SJ Lite Edition
    Info: Processing started: Fri Nov 02 19:39:00 2018
Info: Command: quartus_map --read_settings_files=on --write_settings_files=off top -c top
Warning (18236): Number of processors has not been specified which may cause overloading on shared machines.  Set the global assignment NUM_PARALLEL_PROCESSORS in your QSF to an appropriate value for best performance.
Info (20030): Parallel compilation is enabled and will use 2 of the 2 processors detected
Info (12021): Found 1 design units, including 1 entities, in source file top.v
    Info (12023): Found entity 1: top File: C:/github/pycpld.git/quartus-II/top_frdmkw38_ksv/top.v Line: 4
Info (12021): Found 1 design units, including 1 entities, in source file pwm_out.v
    Info (12023): Found entity 1: pwm_out File: C:/github/pycpld.git/quartus-II/top_frdmkw38_ksv/pwm_out.v Line: 8
Info (12021): Found 1 design units, including 1 entities, in source file spi_ctrl_reduced.v
    Info (12023): Found entity 1: spi_ctrl_reduced File: C:/github/pycpld.git/quartus-II/top_frdmkw38_ksv/spi_ctrl_reduced.v Line: 1
Info (12021): Found 1 design units, including 1 entities, in source file spi_master_reduced.v
    Info (12023): Found entity 1: spi_master_reduced File: C:/github/pycpld.git/quartus-II/top_frdmkw38_ksv/spi_master_reduced.v Line: 7
Info (12021): Found 1 design units, including 1 entities, in source file speed_select.v
    Info (12023): Found entity 1: speed_select File: C:/github/pycpld.git/quartus-II/top_frdmkw38_ksv/speed_select.v Line: 1
Info (12021): Found 1 design units, including 1 entities, in source file uart_rx.v
    Info (12023): Found entity 1: my_uart_rx File: C:/github/pycpld.git/quartus-II/top_frdmkw38_ksv/uart_rx.v Line: 1
Info (12021): Found 1 design units, including 1 entities, in source file uart_tx.v
    Info (12023): Found entity 1: my_uart_tx File: C:/github/pycpld.git/quartus-II/top_frdmkw38_ksv/uart_tx.v Line: 1
Warning (10236): Verilog HDL Implicit Net warning at top.v(157): created implicit net for "led_tx_start" File: C:/github/pycpld.git/quartus-II/top_frdmkw38_ksv/top.v Line: 157
Warning (10236): Verilog HDL Implicit Net warning at top.v(157): created implicit net for "button_tx_start" File: C:/github/pycpld.git/quartus-II/top_frdmkw38_ksv/top.v Line: 157
Info (12127): Elaborating entity "top" for the top level hierarchy
Warning (10036): Verilog HDL or VHDL warning at top.v(108): object "linkBIM" assigned a value but never read File: C:/github/pycpld.git/quartus-II/top_frdmkw38_ksv/top.v Line: 108
Info (10264): Verilog HDL Case Statement information at top.v(211): all case item expressions in this case statement are onehot File: C:/github/pycpld.git/quartus-II/top_frdmkw38_ksv/top.v Line: 211
Warning (10230): Verilog HDL assignment warning at top.v(258): truncated value with size 32 to match size of target (24) File: C:/github/pycpld.git/quartus-II/top_frdmkw38_ksv/top.v Line: 258
Warning (10030): Net "led_tx_start" at top.v(157) has no driver or initial value, using a default initial value '0' File: C:/github/pycpld.git/quartus-II/top_frdmkw38_ksv/top.v Line: 157
Warning (10030): Net "button_tx_start" at top.v(157) has no driver or initial value, using a default initial value '0' File: C:/github/pycpld.git/quartus-II/top_frdmkw38_ksv/top.v Line: 157
Info (12128): Elaborating entity "speed_select" for hierarchy "speed_select:speed_select" File: C:/github/pycpld.git/quartus-II/top_frdmkw38_ksv/top.v Line: 144
Warning (10230): Verilog HDL assignment warning at speed_select.v(40): truncated value with size 32 to match size of target (13) File: C:/github/pycpld.git/quartus-II/top_frdmkw38_ksv/speed_select.v Line: 40
Warning (10230): Verilog HDL assignment warning at speed_select.v(41): truncated value with size 32 to match size of target (13) File: C:/github/pycpld.git/quartus-II/top_frdmkw38_ksv/speed_select.v Line: 41
Warning (10230): Verilog HDL assignment warning at speed_select.v(44): truncated value with size 32 to match size of target (13) File: C:/github/pycpld.git/quartus-II/top_frdmkw38_ksv/speed_select.v Line: 44
Warning (10230): Verilog HDL assignment warning at speed_select.v(45): truncated value with size 32 to match size of target (13) File: C:/github/pycpld.git/quartus-II/top_frdmkw38_ksv/speed_select.v Line: 45
Warning (10230): Verilog HDL assignment warning at speed_select.v(48): truncated value with size 32 to match size of target (13) File: C:/github/pycpld.git/quartus-II/top_frdmkw38_ksv/speed_select.v Line: 48
Warning (10230): Verilog HDL assignment warning at speed_select.v(49): truncated value with size 32 to match size of target (13) File: C:/github/pycpld.git/quartus-II/top_frdmkw38_ksv/speed_select.v Line: 49
Warning (10230): Verilog HDL assignment warning at speed_select.v(52): truncated value with size 32 to match size of target (13) File: C:/github/pycpld.git/quartus-II/top_frdmkw38_ksv/speed_select.v Line: 52
Warning (10230): Verilog HDL assignment warning at speed_select.v(53): truncated value with size 32 to match size of target (13) File: C:/github/pycpld.git/quartus-II/top_frdmkw38_ksv/speed_select.v Line: 53
Warning (10230): Verilog HDL assignment warning at speed_select.v(56): truncated value with size 32 to match size of target (13) File: C:/github/pycpld.git/quartus-II/top_frdmkw38_ksv/speed_select.v Line: 56
Warning (10230): Verilog HDL assignment warning at speed_select.v(57): truncated value with size 32 to match size of target (13) File: C:/github/pycpld.git/quartus-II/top_frdmkw38_ksv/speed_select.v Line: 57
Warning (10230): Verilog HDL assignment warning at speed_select.v(60): truncated value with size 32 to match size of target (13) File: C:/github/pycpld.git/quartus-II/top_frdmkw38_ksv/speed_select.v Line: 60
Warning (10230): Verilog HDL assignment warning at speed_select.v(61): truncated value with size 32 to match size of target (13) File: C:/github/pycpld.git/quartus-II/top_frdmkw38_ksv/speed_select.v Line: 61
Warning (10240): Verilog HDL Always Construct warning at speed_select.v(31): inferring latch(es) for variable "uart_ctrl", which holds its previous value in one or more paths through the always construct File: C:/github/pycpld.git/quartus-II/top_frdmkw38_ksv/speed_select.v Line: 31
Info (10041): Inferred latch for "uart_ctrl.101" at speed_select.v(31) File: C:/github/pycpld.git/quartus-II/top_frdmkw38_ksv/speed_select.v Line: 31
Info (10041): Inferred latch for "uart_ctrl.100" at speed_select.v(31) File: C:/github/pycpld.git/quartus-II/top_frdmkw38_ksv/speed_select.v Line: 31
Info (10041): Inferred latch for "uart_ctrl.011" at speed_select.v(31) File: C:/github/pycpld.git/quartus-II/top_frdmkw38_ksv/speed_select.v Line: 31
Info (10041): Inferred latch for "uart_ctrl.010" at speed_select.v(31) File: C:/github/pycpld.git/quartus-II/top_frdmkw38_ksv/speed_select.v Line: 31
Info (10041): Inferred latch for "uart_ctrl.001" at speed_select.v(31) File: C:/github/pycpld.git/quartus-II/top_frdmkw38_ksv/speed_select.v Line: 31
Info (10041): Inferred latch for "uart_ctrl.000" at speed_select.v(31) File: C:/github/pycpld.git/quartus-II/top_frdmkw38_ksv/speed_select.v Line: 31
Info (12128): Elaborating entity "my_uart_rx" for hierarchy "my_uart_rx:my_uart_rx" File: C:/github/pycpld.git/quartus-II/top_frdmkw38_ksv/top.v Line: 153
Info (12128): Elaborating entity "my_uart_tx" for hierarchy "my_uart_tx:my_uart_tx" File: C:/github/pycpld.git/quartus-II/top_frdmkw38_ksv/top.v Line: 162
Info (12128): Elaborating entity "spi_ctrl_reduced" for hierarchy "spi_ctrl_reduced:spi_ctrl_reduced_instance" File: C:/github/pycpld.git/quartus-II/top_frdmkw38_ksv/top.v Line: 175
Info (12128): Elaborating entity "spi_master_reduced" for hierarchy "spi_ctrl_reduced:spi_ctrl_reduced_instance|spi_master_reduced:spi_master_reduced_instance" File: C:/github/pycpld.git/quartus-II/top_frdmkw38_ksv/spi_ctrl_reduced.v Line: 66
Warning (10858): Verilog HDL warning at spi_master_reduced.v(55): object spi_rx_db used but never assigned File: C:/github/pycpld.git/quartus-II/top_frdmkw38_ksv/spi_master_reduced.v Line: 55
Warning (10034): Output port "receive_status" at spi_master_reduced.v(29) has no driver File: C:/github/pycpld.git/quartus-II/top_frdmkw38_ksv/spi_master_reduced.v Line: 29
Info (12128): Elaborating entity "pwm_out" for hierarchy "pwm_out:pwm_out" File: C:/github/pycpld.git/quartus-II/top_frdmkw38_ksv/top.v Line: 184
Warning (13039): The following bidirectional pins have no drivers
    Warning (13040): bidirectional pin "BusB[77]" has no driver File: C:/github/pycpld.git/quartus-II/top_frdmkw38_ksv/top.v Line: 14
    Warning (13040): bidirectional pin "BusB[81]" has no driver File: C:/github/pycpld.git/quartus-II/top_frdmkw38_ksv/top.v Line: 14
    Warning (13040): bidirectional pin "BusB[70]" has no driver File: C:/github/pycpld.git/quartus-II/top_frdmkw38_ksv/top.v Line: 14
    Warning (13040): bidirectional pin "BusB[71]" has no driver File: C:/github/pycpld.git/quartus-II/top_frdmkw38_ksv/top.v Line: 14
    Warning (13040): bidirectional pin "BusB[72]" has no driver File: C:/github/pycpld.git/quartus-II/top_frdmkw38_ksv/top.v Line: 14
    Warning (13040): bidirectional pin "BusB[74]" has no driver File: C:/github/pycpld.git/quartus-II/top_frdmkw38_ksv/top.v Line: 14
    Warning (13040): bidirectional pin "BusB[76]" has no driver File: C:/github/pycpld.git/quartus-II/top_frdmkw38_ksv/top.v Line: 14
    Warning (13040): bidirectional pin "BusB[78]" has no driver File: C:/github/pycpld.git/quartus-II/top_frdmkw38_ksv/top.v Line: 14
    Warning (13040): bidirectional pin "BusB[79]" has no driver File: C:/github/pycpld.git/quartus-II/top_frdmkw38_ksv/top.v Line: 14
    Warning (13040): bidirectional pin "BusB[80]" has no driver File: C:/github/pycpld.git/quartus-II/top_frdmkw38_ksv/top.v Line: 14
    Warning (13040): bidirectional pin "BusB[82]" has no driver File: C:/github/pycpld.git/quartus-II/top_frdmkw38_ksv/top.v Line: 14
Info (18000): Registers with preset signals will power-up high File: C:/github/pycpld.git/quartus-II/top_frdmkw38_ksv/spi_master_reduced.v Line: 45
Info (21057): Implemented 281 device resources after synthesis - the final resource count might be different
    Info (21058): Implemented 3 input pins
    Info (21059): Implemented 1 output pins
    Info (21060): Implemented 16 bidirectional pins
    Info (21061): Implemented 261 logic cells
Info (144001): Generated suppressed messages file C:/github/pycpld.git/quartus-II/top_frdmkw38_ksv/top.map.smsg
Info: Quartus Prime Analysis & Synthesis was successful. 0 errors, 34 warnings
    Info: Peak virtual memory: 578 megabytes
    Info: Processing ended: Fri Nov 02 19:39:19 2018
    Info: Elapsed time: 00:00:19
    Info: Total CPU time (on all processors): 00:00:39


+------------------------------------------+
; Analysis & Synthesis Suppressed Messages ;
+------------------------------------------+
The suppressed messages can be found in C:/github/pycpld.git/quartus-II/top_frdmkw38_ksv/top.map.smsg.


