Analysis & Synthesis report for top
Fri Aug 19 11:08:05 2016
Quartus II 64-Bit Version 14.0.0 Build 200 06/17/2014 SJ Web Edition


---------------------
; Table of Contents ;
---------------------
  1. Legal Notice
  2. Analysis & Synthesis Summary
  3. Analysis & Synthesis Settings
  4. Parallel Compilation
  5. Analysis & Synthesis Source Files Read
  6. Analysis & Synthesis Resource Usage Summary
  7. Analysis & Synthesis Resource Utilization by Entity
  8. State Machine - |top|Current
  9. Registers Removed During Synthesis
 10. Removed Registers Triggering Further Register Optimizations
 11. General Register Statistics
 12. Inverted Register Statistics
 13. Parameter Settings for User Entity Instance: Top-level Entity: |top
 14. Parameter Settings for User Entity Instance: speed_select:speed_select
 15. Port Connectivity Checks: "my_uart_tx:my_uart_tx"
 16. Port Connectivity Checks: "my_uart_rx:my_uart_rx"
 17. Port Connectivity Checks: "enc:enc"
 18. Analysis & Synthesis Messages



----------------
; Legal Notice ;
----------------
Copyright (C) 1991-2014 Altera Corporation. All rights reserved.
Your use of Altera Corporation's design tools, logic functions 
and other software and tools, and its AMPP partner logic 
functions, and any output files from any of the foregoing 
(including device programming or simulation files), and any 
associated documentation or information are expressly subject 
to the terms and conditions of the Altera Program License 
Subscription Agreement, the Altera Quartus II License Agreement,
the Altera MegaCore Function License Agreement, or other 
applicable license agreement, including, without limitation, 
that your use is for the sole purpose of programming logic 
devices manufactured by Altera and sold by Altera or its 
authorized distributors.  Please refer to the applicable 
agreement for further details.



+--------------------------------------------------------------------------+
; Analysis & Synthesis Summary                                             ;
+-----------------------------+--------------------------------------------+
; Analysis & Synthesis Status ; Successful - Fri Aug 19 11:08:05 2016      ;
; Quartus II 64-Bit Version   ; 14.0.0 Build 200 06/17/2014 SJ Web Edition ;
; Revision Name               ; top                                        ;
; Top-level Entity Name       ; top                                        ;
; Family                      ; MAX II                                     ;
; Total logic elements        ; 291                                        ;
; Total pins                  ; 45                                         ;
; Total virtual pins          ; 0                                          ;
; UFM blocks                  ; 0 / 1 ( 0 % )                              ;
+-----------------------------+--------------------------------------------+


+----------------------------------------------------------------------------------------------------------------------+
; Analysis & Synthesis Settings                                                                                        ;
+----------------------------------------------------------------------------+--------------------+--------------------+
; Option                                                                     ; Setting            ; Default Value      ;
+----------------------------------------------------------------------------+--------------------+--------------------+
; Device                                                                     ; EPM570T100C5       ;                    ;
; Top-level entity name                                                      ; top                ; top                ;
; Family name                                                                ; MAX II             ; Cyclone IV GX      ;
; Verilog Show LMF Mapping Messages                                          ; Off                ;                    ;
; Use smart compilation                                                      ; Off                ; Off                ;
; Enable parallel Assembler and TimeQuest Timing Analyzer during compilation ; On                 ; On                 ;
; Enable compact report table                                                ; Off                ; Off                ;
; Restructure Multiplexers                                                   ; Auto               ; Auto               ;
; Create Debugging Nodes for IP Cores                                        ; Off                ; Off                ;
; Preserve fewer node names                                                  ; On                 ; On                 ;
; Disable OpenCore Plus hardware evaluation                                  ; Off                ; Off                ;
; Verilog Version                                                            ; Verilog_2001       ; Verilog_2001       ;
; VHDL Version                                                               ; VHDL_1993          ; VHDL_1993          ;
; State Machine Processing                                                   ; Auto               ; Auto               ;
; Safe State Machine                                                         ; Off                ; Off                ;
; Extract Verilog State Machines                                             ; On                 ; On                 ;
; Extract VHDL State Machines                                                ; On                 ; On                 ;
; Ignore Verilog initial constructs                                          ; Off                ; Off                ;
; Iteration limit for constant Verilog loops                                 ; 5000               ; 5000               ;
; Iteration limit for non-constant Verilog loops                             ; 250                ; 250                ;
; Add Pass-Through Logic to Inferred RAMs                                    ; On                 ; On                 ;
; Infer RAMs from Raw Logic                                                  ; On                 ; On                 ;
; Parallel Synthesis                                                         ; On                 ; On                 ;
; NOT Gate Push-Back                                                         ; On                 ; On                 ;
; Power-Up Don't Care                                                        ; On                 ; On                 ;
; Remove Redundant Logic Cells                                               ; Off                ; Off                ;
; Remove Duplicate Registers                                                 ; On                 ; On                 ;
; Ignore CARRY Buffers                                                       ; Off                ; Off                ;
; Ignore CASCADE Buffers                                                     ; Off                ; Off                ;
; Ignore GLOBAL Buffers                                                      ; Off                ; Off                ;
; Ignore ROW GLOBAL Buffers                                                  ; Off                ; Off                ;
; Ignore LCELL Buffers                                                       ; Off                ; Off                ;
; Ignore SOFT Buffers                                                        ; On                 ; On                 ;
; Limit AHDL Integers to 32 Bits                                             ; Off                ; Off                ;
; Optimization Technique                                                     ; Balanced           ; Balanced           ;
; Carry Chain Length                                                         ; 70                 ; 70                 ;
; Auto Carry Chains                                                          ; On                 ; On                 ;
; Auto Open-Drain Pins                                                       ; On                 ; On                 ;
; Perform WYSIWYG Primitive Resynthesis                                      ; Off                ; Off                ;
; Auto Shift Register Replacement                                            ; Auto               ; Auto               ;
; Allow Shift Register Merging across Hierarchies                            ; Auto               ; Auto               ;
; Auto Clock Enable Replacement                                              ; On                 ; On                 ;
; Allow Synchronous Control Signals                                          ; On                 ; On                 ;
; Force Use of Synchronous Clear Signals                                     ; Off                ; Off                ;
; Auto Resource Sharing                                                      ; Off                ; Off                ;
; Use LogicLock Constraints during Resource Balancing                        ; On                 ; On                 ;
; Ignore translate_off and synthesis_off directives                          ; Off                ; Off                ;
; Report Parameter Settings                                                  ; On                 ; On                 ;
; Report Source Assignments                                                  ; On                 ; On                 ;
; Report Connectivity Checks                                                 ; On                 ; On                 ;
; Ignore Maximum Fan-Out Assignments                                         ; Off                ; Off                ;
; Synchronization Register Chain Length                                      ; 2                  ; 2                  ;
; PowerPlay Power Optimization                                               ; Normal compilation ; Normal compilation ;
; HDL message level                                                          ; Level2             ; Level2             ;
; Suppress Register Optimization Related Messages                            ; Off                ; Off                ;
; Number of Removed Registers Reported in Synthesis Report                   ; 5000               ; 5000               ;
; Number of Swept Nodes Reported in Synthesis Report                         ; 5000               ; 5000               ;
; Number of Inverted Registers Reported in Synthesis Report                  ; 100                ; 100                ;
; Clock MUX Protection                                                       ; On                 ; On                 ;
; Block Design Naming                                                        ; Auto               ; Auto               ;
; Synthesis Effort                                                           ; Auto               ; Auto               ;
; Shift Register Replacement - Allow Asynchronous Clear Signal               ; On                 ; On                 ;
; Pre-Mapping Resynthesis Optimization                                       ; Off                ; Off                ;
; Analysis & Synthesis Message Level                                         ; Medium             ; Medium             ;
; Disable Register Merging Across Hierarchies                                ; Auto               ; Auto               ;
; Synthesis Seed                                                             ; 1                  ; 1                  ;
+----------------------------------------------------------------------------+--------------------+--------------------+


+------------------------------------------+
; Parallel Compilation                     ;
+----------------------------+-------------+
; Processors                 ; Number      ;
+----------------------------+-------------+
; Number detected on machine ; 4           ;
; Maximum allowed            ; 2           ;
;                            ;             ;
; Average used               ; 1.00        ;
; Maximum used               ; 1           ;
;                            ;             ;
; Usage by Processor         ; % Time Used ;
;     Processor 1            ; 100.0%      ;
;     Processors 2-4         ;   0.0%      ;
+----------------------------+-------------+


+-------------------------------------------------------------------------------------------------------------------------------------------------------------------------+
; Analysis & Synthesis Source Files Read                                                                                                                                  ;
+----------------------------------+-----------------+------------------------+---------------------------------------------------------------------------------+---------+
; File Name with User-Entered Path ; Used in Netlist ; File Type              ; File Name with Absolute Path                                                    ; Library ;
+----------------------------------+-----------------+------------------------+---------------------------------------------------------------------------------+---------+
; top.v                            ; yes             ; User Verilog HDL File  ; D:/mcu_cpld_prd/Auto_Generator/pycpld/quartus-II/top_twrk65f180m/top.v          ;         ;
; enc.v                            ; yes             ; User Verilog HDL File  ; D:/mcu_cpld_prd/Auto_Generator/pycpld/quartus-II/top_twrk65f180m/enc.v          ;         ;
; speed_select.v                   ; yes             ; User Verilog HDL File  ; D:/mcu_cpld_prd/Auto_Generator/pycpld/quartus-II/top_twrk65f180m/speed_select.v ;         ;
; uart_rx.v                        ; yes             ; User Verilog HDL File  ; D:/mcu_cpld_prd/Auto_Generator/pycpld/quartus-II/top_twrk65f180m/uart_rx.v      ;         ;
; uart_tx.v                        ; yes             ; User Verilog HDL File  ; D:/mcu_cpld_prd/Auto_Generator/pycpld/quartus-II/top_twrk65f180m/uart_tx.v      ;         ;
+----------------------------------+-----------------+------------------------+---------------------------------------------------------------------------------+---------+


+-----------------------------------------------------+
; Analysis & Synthesis Resource Usage Summary         ;
+---------------------------------------------+-------+
; Resource                                    ; Usage ;
+---------------------------------------------+-------+
; Total logic elements                        ; 291   ;
;     -- Combinational with no register       ; 140   ;
;     -- Register only                        ; 33    ;
;     -- Combinational with a register        ; 118   ;
;                                             ;       ;
; Logic element usage by number of LUT inputs ;       ;
;     -- 4 input functions                    ; 157   ;
;     -- 3 input functions                    ; 25    ;
;     -- 2 input functions                    ; 71    ;
;     -- 1 input functions                    ; 4     ;
;     -- 0 input functions                    ; 1     ;
;                                             ;       ;
; Logic elements by mode                      ;       ;
;     -- normal mode                          ; 248   ;
;     -- arithmetic mode                      ; 43    ;
;     -- qfbk mode                            ; 0     ;
;     -- register cascade mode                ; 0     ;
;     -- synchronous clear/load mode          ; 45    ;
;     -- asynchronous clear/load mode         ; 148   ;
;                                             ;       ;
; Total registers                             ; 151   ;
; Total logic cells in carry chains           ; 45    ;
; I/O pins                                    ; 45    ;
; Maximum fan-out node                        ; rst_n ;
; Maximum fan-out                             ; 151   ;
; Total fan-out                               ; 1318  ;
; Average fan-out                             ; 3.92  ;
+---------------------------------------------+-------+


+-------------------------------------------------------------------------------------------------------------------------------------------------------------------------------------------------------------------------------------+
; Analysis & Synthesis Resource Utilization by Entity                                                                                                                                                                                 ;
+--------------------------------+-------------+--------------+------------+------+--------------+--------------+-------------------+------------------+-----------------+------------+--------------------------------+--------------+
; Compilation Hierarchy Node     ; Logic Cells ; LC Registers ; UFM Blocks ; Pins ; Virtual Pins ; LUT-Only LCs ; Register-Only LCs ; LUT/Register LCs ; Carry Chain LCs ; Packed LCs ; Full Hierarchy Name            ; Library Name ;
+--------------------------------+-------------+--------------+------------+------+--------------+--------------+-------------------+------------------+-----------------+------------+--------------------------------+--------------+
; |top                           ; 291 (185)   ; 151          ; 0          ; 45   ; 0            ; 140 (107)    ; 33 (25)           ; 118 (53)         ; 45 (0)          ; 0 (0)      ; |top                           ; work         ;
;    |enc:enc|                   ; 48 (48)     ; 37           ; 0          ; 0    ; 0            ; 11 (11)      ; 0 (0)             ; 37 (37)          ; 32 (32)         ; 0 (0)      ; |top|enc:enc                   ; work         ;
;    |my_uart_rx:my_uart_rx|     ; 36 (36)     ; 22           ; 0          ; 0    ; 0            ; 14 (14)      ; 8 (8)             ; 14 (14)          ; 0 (0)           ; 0 (0)      ; |top|my_uart_rx:my_uart_rx     ; work         ;
;    |speed_select:speed_select| ; 22 (22)     ; 14           ; 0          ; 0    ; 0            ; 8 (8)        ; 0 (0)             ; 14 (14)          ; 13 (13)         ; 0 (0)      ; |top|speed_select:speed_select ; work         ;
+--------------------------------+-------------+--------------+------------+------+--------------+--------------+-------------------+------------------+-----------------+------------+--------------------------------+--------------+
Note: For table entries with two numbers listed, the numbers in parentheses indicate the number of resources of the given type used by the specific entity alone. The numbers listed outside of parentheses indicate the total resources of the given type used by the specific entity and all of its sub-entities in the hierarchy.


Encoding Type:  One-Hot
+------------------------------------------------------------------------+
; State Machine - |top|Current                                           ;
+--------------+--------------+--------------+--------------+------------+
; Name         ; Current.IDLE ; Current.SAVE ; Current.WAIT ; Current.S1 ;
+--------------+--------------+--------------+--------------+------------+
; Current.IDLE ; 0            ; 0            ; 0            ; 0          ;
; Current.S1   ; 1            ; 0            ; 0            ; 1          ;
; Current.WAIT ; 1            ; 0            ; 1            ; 0          ;
; Current.SAVE ; 1            ; 1            ; 0            ; 0          ;
+--------------+--------------+--------------+--------------+------------+


+--------------------------------------------------------------------------------------+
; Registers Removed During Synthesis                                                   ;
+---------------------------------------------+----------------------------------------+
; Register name                               ; Reason for Removal                     ;
+---------------------------------------------+----------------------------------------+
; my_uart_tx:my_uart_tx|tx_enable_reg         ; Stuck at GND due to stuck port clock   ;
; my_uart_tx:my_uart_tx|tx_complete_reg       ; Lost fanout                            ;
; my_uart_tx:my_uart_tx|tx_data_reg[0..7]     ; Stuck at GND due to stuck port data_in ;
; speed_select:speed_select|bps_para[9..12]   ; Stuck at GND due to stuck port data_in ;
; speed_select:speed_select|bps_para[7,8]     ; Stuck at VCC due to stuck port data_in ;
; speed_select:speed_select|bps_para[6]       ; Stuck at GND due to stuck port data_in ;
; speed_select:speed_select|bps_para[4,5]     ; Stuck at VCC due to stuck port data_in ;
; speed_select:speed_select|bps_para[2,3]     ; Stuck at GND due to stuck port data_in ;
; speed_select:speed_select|bps_para[1]       ; Stuck at VCC due to stuck port data_in ;
; speed_select:speed_select|bps_para[0]       ; Stuck at GND due to stuck port data_in ;
; speed_select:speed_select|bps_para_2[8..12] ; Stuck at GND due to stuck port data_in ;
; speed_select:speed_select|bps_para_2[6,7]   ; Stuck at VCC due to stuck port data_in ;
; speed_select:speed_select|bps_para_2[5]     ; Stuck at GND due to stuck port data_in ;
; speed_select:speed_select|bps_para_2[3,4]   ; Stuck at VCC due to stuck port data_in ;
; speed_select:speed_select|bps_para_2[1,2]   ; Stuck at GND due to stuck port data_in ;
; speed_select:speed_select|bps_para_2[0]     ; Stuck at VCC due to stuck port data_in ;
; speed_select:speed_select|cnt_tx[1..12]     ; Stuck at GND due to stuck port data_in ;
; speed_select:speed_select|cnt_tx[0]         ; Lost fanout                            ;
; speed_select:speed_select|buad_clk_tx_reg   ; Stuck at GND due to stuck port data_in ;
; my_uart_tx:my_uart_tx|tx_count[0..3]        ; Stuck at GND due to stuck port clock   ;
; my_uart_tx:my_uart_tx|uart_tx_reg           ; Stuck at VCC due to stuck port clock   ;
; Total Number of Removed Registers = 55      ;                                        ;
+---------------------------------------------+----------------------------------------+


+----------------------------------------------------------------------------------------------------------------------------------------------------+
; Removed Registers Triggering Further Register Optimizations                                                                                        ;
+--------------------------------------+---------------------------+---------------------------------------------------------------------------------+
; Register name                        ; Reason for Removal        ; Registers Removed due to This Register                                          ;
+--------------------------------------+---------------------------+---------------------------------------------------------------------------------+
; my_uart_tx:my_uart_tx|tx_enable_reg  ; Stuck at GND              ; my_uart_tx:my_uart_tx|tx_complete_reg, speed_select:speed_select|cnt_tx[12],    ;
;                                      ; due to stuck port clock   ; speed_select:speed_select|cnt_tx[11], speed_select:speed_select|cnt_tx[10],     ;
;                                      ;                           ; speed_select:speed_select|cnt_tx[9], speed_select:speed_select|cnt_tx[8],       ;
;                                      ;                           ; speed_select:speed_select|cnt_tx[7], speed_select:speed_select|cnt_tx[6],       ;
;                                      ;                           ; speed_select:speed_select|cnt_tx[5], speed_select:speed_select|cnt_tx[4],       ;
;                                      ;                           ; speed_select:speed_select|cnt_tx[3], speed_select:speed_select|cnt_tx[2],       ;
;                                      ;                           ; speed_select:speed_select|cnt_tx[1], speed_select:speed_select|buad_clk_tx_reg, ;
;                                      ;                           ; my_uart_tx:my_uart_tx|tx_count[3], my_uart_tx:my_uart_tx|tx_count[2],           ;
;                                      ;                           ; my_uart_tx:my_uart_tx|tx_count[1], my_uart_tx:my_uart_tx|tx_count[0]            ;
; my_uart_tx:my_uart_tx|tx_data_reg[0] ; Stuck at GND              ; my_uart_tx:my_uart_tx|uart_tx_reg                                               ;
;                                      ; due to stuck port data_in ;                                                                                 ;
+--------------------------------------+---------------------------+---------------------------------------------------------------------------------+


+------------------------------------------------------+
; General Register Statistics                          ;
+----------------------------------------------+-------+
; Statistic                                    ; Value ;
+----------------------------------------------+-------+
; Total registers                              ; 151   ;
; Number of registers using Synchronous Clear  ; 45    ;
; Number of registers using Synchronous Load   ; 0     ;
; Number of registers using Asynchronous Clear ; 148   ;
; Number of registers using Asynchronous Load  ; 0     ;
; Number of registers using Clock Enable       ; 69    ;
; Number of registers using Preset             ; 0     ;
+----------------------------------------------+-------+


+--------------------------------------------------+
; Inverted Register Statistics                     ;
+----------------------------------------+---------+
; Inverted Register                      ; Fan out ;
+----------------------------------------+---------+
; my_uart_rx:my_uart_rx|rx_complete_reg  ; 2       ;
; Total number of inverted registers = 1 ;         ;
+----------------------------------------+---------+


+---------------------------------------------------------------------+
; Parameter Settings for User Entity Instance: Top-level Entity: |top ;
+----------------+----------+-----------------------------------------+
; Parameter Name ; Value    ; Type                                    ;
+----------------+----------+-----------------------------------------+
; IDLE           ; 000      ; Unsigned Binary                         ;
; S1             ; 001      ; Unsigned Binary                         ;
; WAIT           ; 010      ; Unsigned Binary                         ;
; SAVE           ; 100      ; Unsigned Binary                         ;
; A              ; 01000001 ; Unsigned Binary                         ;
; B              ; 01000010 ; Unsigned Binary                         ;
; C              ; 01000011 ; Unsigned Binary                         ;
; D              ; 01000100 ; Unsigned Binary                         ;
; E              ; 01000101 ; Unsigned Binary                         ;
; F              ; 01000110 ; Unsigned Binary                         ;
; G              ; 01000111 ; Unsigned Binary                         ;
; H              ; 01001000 ; Unsigned Binary                         ;
; I              ; 01001001 ; Unsigned Binary                         ;
; J              ; 01001010 ; Unsigned Binary                         ;
; K              ; 01001011 ; Unsigned Binary                         ;
; L              ; 01001100 ; Unsigned Binary                         ;
; M              ; 01001101 ; Unsigned Binary                         ;
; N              ; 01001110 ; Unsigned Binary                         ;
; O              ; 01001111 ; Unsigned Binary                         ;
; P              ; 01010000 ; Unsigned Binary                         ;
; Q              ; 01010001 ; Unsigned Binary                         ;
; R              ; 01010010 ; Unsigned Binary                         ;
; S              ; 01010011 ; Unsigned Binary                         ;
; T              ; 01010100 ; Unsigned Binary                         ;
; U              ; 01010101 ; Unsigned Binary                         ;
; V              ; 01010110 ; Unsigned Binary                         ;
; W              ; 01010111 ; Unsigned Binary                         ;
; X              ; 01011000 ; Unsigned Binary                         ;
; Y              ; 01011001 ; Unsigned Binary                         ;
; Z              ; 01011010 ; Unsigned Binary                         ;
; Z0             ; 00110000 ; Unsigned Binary                         ;
; I1             ; 00110001 ; Unsigned Binary                         ;
; II             ; 00110010 ; Unsigned Binary                         ;
; III            ; 00110011 ; Unsigned Binary                         ;
; IV             ; 00110100 ; Unsigned Binary                         ;
; V5             ; 00110101 ; Unsigned Binary                         ;
; VI             ; 00110110 ; Unsigned Binary                         ;
; VII            ; 00110111 ; Unsigned Binary                         ;
; VIII           ; 00111000 ; Unsigned Binary                         ;
; VIIII          ; 00111001 ; Unsigned Binary                         ;
+----------------+----------+-----------------------------------------+
Note: In order to hide this table in the UI and the text report file, please set the "Show Parameter Settings in Synthesis Report" option in "Analysis and Synthesis Settings -> More Settings" to "Off".


+------------------------------------------------------------------------+
; Parameter Settings for User Entity Instance: speed_select:speed_select ;
+----------------+-------+-----------------------------------------------+
; Parameter Name ; Value ; Type                                          ;
+----------------+-------+-----------------------------------------------+
; bps9600        ; 5208  ; Signed Integer                                ;
; bps19200       ; 2603  ; Signed Integer                                ;
; bps38400       ; 1301  ; Signed Integer                                ;
; bps57600       ; 867   ; Signed Integer                                ;
; bps115200      ; 434   ; Signed Integer                                ;
; bps256000      ; 195   ; Signed Integer                                ;
; bps9600_2      ; 2604  ; Signed Integer                                ;
; bps19200_2     ; 1301  ; Signed Integer                                ;
; bps38400_2     ; 650   ; Signed Integer                                ;
; bps57600_2     ; 433   ; Signed Integer                                ;
; bps115200_2    ; 217   ; Signed Integer                                ;
; bps256000_2    ; 97    ; Signed Integer                                ;
+----------------+-------+-----------------------------------------------+
Note: In order to hide this table in the UI and the text report file, please set the "Show Parameter Settings in Synthesis Report" option in "Analysis and Synthesis Settings -> More Settings" to "Off".


+-----------------------------------------------------------------------------------------------------------------------------------------------------------------------------------+
; Port Connectivity Checks: "my_uart_tx:my_uart_tx"                                                                                                                                 ;
+-------------+--------+----------+-------------------------------------------------------------------------------------------------------------------------------------------------+
; Port        ; Type   ; Severity ; Details                                                                                                                                         ;
+-------------+--------+----------+-------------------------------------------------------------------------------------------------------------------------------------------------+
; tx_data     ; Input  ; Warning  ; Input port expression (1 bits) is smaller than the input port (8 bits) it drives.  Extra input bit(s) "tx_data[7..1]" will be connected to GND. ;
; tx_complete ; Output ; Info     ; Connected to dangling logic. Logic that only feeds a dangling port will be removed.                                                             ;
; error       ; Output ; Info     ; Connected to dangling logic. Logic that only feeds a dangling port will be removed.                                                             ;
+-------------+--------+----------+-------------------------------------------------------------------------------------------------------------------------------------------------+


+-----------------------------------------------------------------------------------------------------------------------+
; Port Connectivity Checks: "my_uart_rx:my_uart_rx"                                                                     ;
+-------------+--------+----------+-------------------------------------------------------------------------------------+
; Port        ; Type   ; Severity ; Details                                                                             ;
+-------------+--------+----------+-------------------------------------------------------------------------------------+
; rx_complete ; Output ; Info     ; Connected to dangling logic. Logic that only feeds a dangling port will be removed. ;
; rx_error    ; Output ; Info     ; Connected to dangling logic. Logic that only feeds a dangling port will be removed. ;
+-------------+--------+----------+-------------------------------------------------------------------------------------+


+--------------------------------------------------------------------------------------------------------------------------------------+
; Port Connectivity Checks: "enc:enc"                                                                                                  ;
+-------+--------+----------+----------------------------------------------------------------------------------------------------------+
; Port  ; Type   ; Severity ; Details                                                                                                  ;
+-------+--------+----------+----------------------------------------------------------------------------------------------------------+
; home  ; Output ; Info     ; Connected to dangling logic. Logic that only feeds a dangling port will be removed.                      ;
; index ; Output ; Info     ; Connected to dangling logic. Logic that only feeds a dangling port will be removed.                      ;
; led   ; Output ; Warning  ; Declared by entity but not connected by instance. Logic that only feeds a dangling port will be removed. ;
+-------+--------+----------+----------------------------------------------------------------------------------------------------------+


+-------------------------------+
; Analysis & Synthesis Messages ;
+-------------------------------+
Info: *******************************************************************
Info: Running Quartus II 64-Bit Analysis & Synthesis
    Info: Version 14.0.0 Build 200 06/17/2014 SJ Web Edition
    Info: Processing started: Fri Aug 19 11:08:03 2016
Info: Command: quartus_map --read_settings_files=on --write_settings_files=off top -c top
Info (11104): Parallel Compilation has detected 4 hyper-threaded processors. However, the extra hyper-threaded processors will not be used by default. Parallel Compilation will use 2 of the 2 physical processors detected instead.
Info (12021): Found 1 design units, including 1 entities, in source file top.v
    Info (12023): Found entity 1: top
Info (12021): Found 1 design units, including 1 entities, in source file enc.v
    Info (12023): Found entity 1: enc
Info (12021): Found 1 design units, including 1 entities, in source file speed_select.v
    Info (12023): Found entity 1: speed_select
Info (12021): Found 1 design units, including 1 entities, in source file uart_rx.v
    Info (12023): Found entity 1: my_uart_rx
Info (12021): Found 1 design units, including 1 entities, in source file uart_tx.v
    Info (12023): Found entity 1: my_uart_tx
Warning (10236): Verilog HDL Implicit Net warning at top.v(202): created implicit net for "tx_start"
Warning (10236): Verilog HDL Implicit Net warning at top.v(203): created implicit net for "tx_data"
Info (12127): Elaborating entity "top" for the top level hierarchy
Warning (10036): Verilog HDL or VHDL warning at top.v(104): object "linkBIM" assigned a value but never read
Info (10264): Verilog HDL Case Statement information at top.v(235): all case item expressions in this case statement are onehot
Warning (10230): Verilog HDL assignment warning at top.v(282): truncated value with size 32 to match size of target (24)
Info (12128): Elaborating entity "enc" for hierarchy "enc:enc"
Info (12128): Elaborating entity "speed_select" for hierarchy "speed_select:speed_select"
Warning (10230): Verilog HDL assignment warning at speed_select.v(40): truncated value with size 32 to match size of target (13)
Warning (10230): Verilog HDL assignment warning at speed_select.v(41): truncated value with size 32 to match size of target (13)
Warning (10230): Verilog HDL assignment warning at speed_select.v(44): truncated value with size 32 to match size of target (13)
Warning (10230): Verilog HDL assignment warning at speed_select.v(45): truncated value with size 32 to match size of target (13)
Warning (10230): Verilog HDL assignment warning at speed_select.v(48): truncated value with size 32 to match size of target (13)
Warning (10230): Verilog HDL assignment warning at speed_select.v(49): truncated value with size 32 to match size of target (13)
Warning (10230): Verilog HDL assignment warning at speed_select.v(52): truncated value with size 32 to match size of target (13)
Warning (10230): Verilog HDL assignment warning at speed_select.v(53): truncated value with size 32 to match size of target (13)
Warning (10230): Verilog HDL assignment warning at speed_select.v(56): truncated value with size 32 to match size of target (13)
Warning (10230): Verilog HDL assignment warning at speed_select.v(57): truncated value with size 32 to match size of target (13)
Warning (10230): Verilog HDL assignment warning at speed_select.v(60): truncated value with size 32 to match size of target (13)
Warning (10230): Verilog HDL assignment warning at speed_select.v(61): truncated value with size 32 to match size of target (13)
Warning (10240): Verilog HDL Always Construct warning at speed_select.v(31): inferring latch(es) for variable "uart_ctrl", which holds its previous value in one or more paths through the always construct
Info (10041): Inferred latch for "uart_ctrl.101" at speed_select.v(31)
Info (10041): Inferred latch for "uart_ctrl.100" at speed_select.v(31)
Info (10041): Inferred latch for "uart_ctrl.011" at speed_select.v(31)
Info (10041): Inferred latch for "uart_ctrl.010" at speed_select.v(31)
Info (10041): Inferred latch for "uart_ctrl.001" at speed_select.v(31)
Info (10041): Inferred latch for "uart_ctrl.000" at speed_select.v(31)
Info (12128): Elaborating entity "my_uart_rx" for hierarchy "my_uart_rx:my_uart_rx"
Info (12128): Elaborating entity "my_uart_tx" for hierarchy "my_uart_tx:my_uart_tx"
Warning (10034): Output port "error" at uart_tx.v(10) has no driver
Warning (12241): 2 hierarchies have connectivity warnings - see the Connectivity Checks report folder
Warning (13039): The following bidir pins have no drivers
    Warning (13040): Bidir "BusA[5]" has no driver
    Warning (13040): Bidir "BusA[16]" has no driver
    Warning (13040): Bidir "BusB[30]" has no driver
    Warning (13040): Bidir "BusC[55]" has no driver
    Warning (13040): Bidir "BusD[64]" has no driver
    Warning (13040): Bidir "BusE[77]" has no driver
    Warning (13040): Bidir "BusE[78]" has no driver
    Warning (13040): Bidir "BusE[82]" has no driver
    Warning (13040): Bidir "BusA[6]" has no driver
    Warning (13040): Bidir "BusA[7]" has no driver
    Warning (13040): Bidir "BusA[9]" has no driver
    Warning (13040): Bidir "BusA[10]" has no driver
    Warning (13040): Bidir "BusA[11]" has no driver
    Warning (13040): Bidir "BusA[12]" has no driver
    Warning (13040): Bidir "BusA[13]" has no driver
    Warning (13040): Bidir "BusA[14]" has no driver
    Warning (13040): Bidir "BusB[27]" has no driver
    Warning (13040): Bidir "BusC[51]" has no driver
    Warning (13040): Bidir "BusC[52]" has no driver
    Warning (13040): Bidir "BusC[53]" has no driver
    Warning (13040): Bidir "BusC[54]" has no driver
    Warning (13040): Bidir "BusE[79]" has no driver
    Warning (13040): Bidir "BusE[80]" has no driver
    Warning (13040): Bidir "BusE[81]" has no driver
    Warning (13040): Bidir "BusE[83]" has no driver
    Warning (13040): Bidir "BusE[84]" has no driver
    Warning (13040): Bidir "BusE[85]" has no driver
    Warning (13040): Bidir "BusE[86]" has no driver
Warning (13024): Output pins are stuck at VCC or GND
    Warning (13410): Pin "rs232_tx" is stuck at VCC
Info (18000): Registers with preset signals will power-up high
Info (17049): 2 registers lost all their fanouts during netlist optimizations.
Info (21057): Implemented 336 device resources after synthesis - the final resource count might be different
    Info (21058): Implemented 3 input pins
    Info (21059): Implemented 2 output pins
    Info (21060): Implemented 40 bidirectional pins
    Info (21061): Implemented 291 logic cells
Info: Quartus II 64-Bit Analysis & Synthesis was successful. 0 errors, 50 warnings
    Info: Peak virtual memory: 500 megabytes
    Info: Processing ended: Fri Aug 19 11:08:05 2016
    Info: Elapsed time: 00:00:02
    Info: Total CPU time (on all processors): 00:00:02


