Flow report for top
Fri Aug 12 14:11:34 2016
Quartus II 64-Bit Version 14.0.0 Build 200 06/17/2014 SJ Web Edition


---------------------
; Table of Contents ;
---------------------
  1. Legal Notice
  2. Flow Summary
  3. Flow Settings
  4. Flow Non-Default Global Settings
  5. Flow Elapsed Time
  6. Flow OS Summary
  7. Flow Log
  8. Flow Messages
  9. Flow Suppressed Messages



----------------
; Legal Notice ;
----------------
Copyright (C) 1991-2014 Altera Corporation. All rights reserved.
Your use of Altera Corporation's design tools, logic functions 
and other software and tools, and its AMPP partner logic 
functions, and any output files from any of the foregoing 
(including device programming or simulation files), and any 
associated documentation or information are expressly subject 
to the terms and conditions of the Altera Program License 
Subscription Agreement, the Altera Quartus II License Agreement,
the Altera MegaCore Function License Agreement, or other 
applicable license agreement, including, without limitation, 
that your use is for the sole purpose of programming logic 
devices manufactured by Altera and sold by Altera or its 
authorized distributors.  Please refer to the applicable 
agreement for further details.



+------------------------------------------------------------------------+
; Flow Summary                                                           ;
+---------------------------+--------------------------------------------+
; Flow Status               ; Successful - Fri Aug 12 14:11:34 2016      ;
; Quartus II 64-Bit Version ; 14.0.0 Build 200 06/17/2014 SJ Web Edition ;
; Revision Name             ; top                                        ;
; Top-level Entity Name     ; top                                        ;
; Family                    ; MAX II                                     ;
; Device                    ; EPM570T100C5                               ;
; Timing Models             ; Final                                      ;
; Total logic elements      ; 180 / 570 ( 32 % )                         ;
; Total pins                ; 10 / 76 ( 13 % )                           ;
; Total virtual pins        ; 0                                          ;
; UFM blocks                ; 0 / 1 ( 0 % )                              ;
+---------------------------+--------------------------------------------+


+-----------------------------------------+
; Flow Settings                           ;
+-------------------+---------------------+
; Option            ; Setting             ;
+-------------------+---------------------+
; Start date & time ; 08/12/2016 14:11:11 ;
; Main task         ; Compilation         ;
; Revision Name     ; top                 ;
+-------------------+---------------------+


+------------------------------------------------------------------------------------------------------------------------+
; Flow Non-Default Global Settings                                                                                       ;
+---------------------------------------+---------------------------------+---------------+-------------+----------------+
; Assignment Name                       ; Value                           ; Default Value ; Entity Name ; Section Id     ;
+---------------------------------------+---------------------------------+---------------+-------------+----------------+
; COMPILER_SIGNATURE_ID                 ; 154414182475408.147098227106448 ; --            ; --          ; --             ;
; EDA_OUTPUT_DATA_FORMAT                ; Verilog Hdl                     ; --            ; --          ; eda_simulation ;
; EDA_SIMULATION_TOOL                   ; ModelSim-Altera (Verilog)       ; <None>        ; --          ; --             ;
; EDA_TIME_SCALE                        ; 1 ps                            ; --            ; --          ; eda_simulation ;
; MAX_CORE_JUNCTION_TEMP                ; 85                              ; --            ; --          ; --             ;
; MIN_CORE_JUNCTION_TEMP                ; 0                               ; --            ; --          ; --             ;
; PARTITION_COLOR                       ; 16764057                        ; --            ; --          ; Top            ;
; PARTITION_FITTER_PRESERVATION_LEVEL   ; PLACEMENT_AND_ROUTING           ; --            ; --          ; Top            ;
; PARTITION_NETLIST_TYPE                ; SOURCE                          ; --            ; --          ; Top            ;
; POWER_EXT_SUPPLY_VOLTAGE_TO_REGULATOR ; 3.3V                            ; --            ; --          ; --             ;
; POWER_PRESET_COOLING_SOLUTION         ; No Heat Sink With Still Air     ; --            ; --          ; --             ;
; USE_GENERATED_PHYSICAL_CONSTRAINTS    ; Off                             ; --            ; --          ; eda_blast_fpga ;
; VERILOG_SHOW_LMF_MAPPING_MESSAGES     ; Off                             ; --            ; --          ; --             ;
+---------------------------------------+---------------------------------+---------------+-------------+----------------+


+-------------------------------------------------------------------------------------------------------------------------------+
; Flow Elapsed Time                                                                                                             ;
+---------------------------+--------------+-------------------------+---------------------+------------------------------------+
; Module Name               ; Elapsed Time ; Average Processors Used ; Peak Virtual Memory ; Total CPU Time (on all processors) ;
+---------------------------+--------------+-------------------------+---------------------+------------------------------------+
; Analysis & Synthesis      ; 00:00:02     ; 1.0                     ; 501 MB              ; 00:00:02                           ;
; Fitter                    ; 00:00:04     ; 1.0                     ; 686 MB              ; 00:00:03                           ;
; Assembler                 ; 00:00:02     ; 1.0                     ; 458 MB              ; 00:00:01                           ;
; TimeQuest Timing Analyzer ; 00:00:02     ; 1.0                     ; 441 MB              ; 00:00:02                           ;
; EDA Netlist Writer        ; 00:00:01     ; 1.0                     ; 413 MB              ; 00:00:01                           ;
; Total                     ; 00:00:11     ; --                      ; --                  ; 00:00:09                           ;
+---------------------------+--------------+-------------------------+---------------------+------------------------------------+


+----------------------------------------------------------------------------------------+
; Flow OS Summary                                                                        ;
+---------------------------+------------------+-----------+------------+----------------+
; Module Name               ; Machine Hostname ; OS Name   ; OS Version ; Processor type ;
+---------------------------+------------------+-----------+------------+----------------+
; Analysis & Synthesis      ; B58796-11        ; Windows 7 ; 6.1        ; x86_64         ;
; Fitter                    ; B58796-11        ; Windows 7 ; 6.1        ; x86_64         ;
; Assembler                 ; B58796-11        ; Windows 7 ; 6.1        ; x86_64         ;
; TimeQuest Timing Analyzer ; B58796-11        ; Windows 7 ; 6.1        ; x86_64         ;
; EDA Netlist Writer        ; B58796-11        ; Windows 7 ; 6.1        ; x86_64         ;
+---------------------------+------------------+-----------+------------+----------------+


------------
; Flow Log ;
------------
quartus_map --read_settings_files=on --write_settings_files=off top -c top
quartus_fit --read_settings_files=off --write_settings_files=off top -c top
quartus_asm --read_settings_files=off --write_settings_files=off top -c top
quartus_sta top -c top
quartus_eda --read_settings_files=off --write_settings_files=off top -c top



