Analysis & Synthesis report for top
Thu Jul 27 19:14:43 2017
Quartus Prime Version 15.1.0 Build 185 10/21/2015 SJ Lite Edition


---------------------
; Table of Contents ;
---------------------
  1. Legal Notice
  2. Analysis & Synthesis Summary
  3. Analysis & Synthesis Settings
  4. Parallel Compilation
  5. Analysis & Synthesis Source Files Read
  6. Analysis & Synthesis Resource Usage Summary
  7. Analysis & Synthesis Resource Utilization by Entity
  8. State Machine - |top|Current
  9. State Machine - |top|i2c_slave_subad:i2c_slave_subad_instance|i2c_slave_op_subad:i2c_slave_op_subad_inst|data_out_state
 10. State Machine - |top|i2c_slave_subad:i2c_slave_subad_instance|i2c_slave_op_subad:i2c_slave_op_subad_inst|data_in_state
 11. State Machine - |top|i2c_slave_subad:i2c_slave_subad_instance|i2c_slave_op_subad:i2c_slave_op_subad_inst|addr_in_state
 12. State Machine - |top|i2c_slave_subad:i2c_slave_subad_instance|i2c_slave_op_subad:i2c_slave_op_subad_inst|ack_state
 13. State Machine - |top|i2c_slave_subad:i2c_slave_subad_instance|i2c_slave_op_subad:i2c_slave_op_subad_inst|main_state
 14. Registers Removed During Synthesis
 15. General Register Statistics
 16. Inverted Register Statistics
 17. Multiplexer Restructuring Statistics (Restructuring Performed)
 18. Parameter Settings for User Entity Instance: Top-level Entity: |top
 19. Parameter Settings for User Entity Instance: i2c_slave_subad:i2c_slave_subad_instance|i2c_slave_op_subad:i2c_slave_op_subad_inst
 20. Parameter Settings for User Entity Instance: speed_select:speed_select
 21. Port Connectivity Checks: "my_uart_tx:my_uart_tx"
 22. Port Connectivity Checks: "my_uart_rx:my_uart_rx"
 23. Analysis & Synthesis Messages
 24. Analysis & Synthesis Suppressed Messages



----------------
; Legal Notice ;
----------------
Copyright (C) 1991-2015 Altera Corporation. All rights reserved.
Your use of Altera Corporation's design tools, logic functions 
and other software and tools, and its AMPP partner logic 
functions, and any output files from any of the foregoing 
(including device programming or simulation files), and any 
associated documentation or information are expressly subject 
to the terms and conditions of the Altera Program License 
Subscription Agreement, the Altera Quartus Prime License Agreement,
the Altera MegaCore Function License Agreement, or other 
applicable license agreement, including, without limitation, 
that your use is for the sole purpose of programming logic 
devices manufactured by Altera and sold by Altera or its 
authorized distributors.  Please refer to the applicable 
agreement for further details.



+---------------------------------------------------------------------------+
; Analysis & Synthesis Summary                                              ;
+-----------------------------+---------------------------------------------+
; Analysis & Synthesis Status ; Successful - Thu Jul 27 19:14:43 2017       ;
; Quartus Prime Version       ; 15.1.0 Build 185 10/21/2015 SJ Lite Edition ;
; Revision Name               ; top                                         ;
; Top-level Entity Name       ; top                                         ;
; Family                      ; MAX II                                      ;
; Total logic elements        ; 295                                         ;
; Total pins                  ; 8                                           ;
; Total virtual pins          ; 0                                           ;
; UFM blocks                  ; 0 / 1 ( 0 % )                               ;
+-----------------------------+---------------------------------------------+


+----------------------------------------------------------------------------------------------------------------------+
; Analysis & Synthesis Settings                                                                                        ;
+----------------------------------------------------------------------------+--------------------+--------------------+
; Option                                                                     ; Setting            ; Default Value      ;
+----------------------------------------------------------------------------+--------------------+--------------------+
; Device                                                                     ; EPM570T100C5       ;                    ;
; Top-level entity name                                                      ; top                ; top                ;
; Family name                                                                ; MAX II             ; Cyclone V          ;
; Verilog Show LMF Mapping Messages                                          ; Off                ;                    ;
; Use smart compilation                                                      ; Off                ; Off                ;
; Enable parallel Assembler and TimeQuest Timing Analyzer during compilation ; On                 ; On                 ;
; Enable compact report table                                                ; Off                ; Off                ;
; Restructure Multiplexers                                                   ; Auto               ; Auto               ;
; Create Debugging Nodes for IP Cores                                        ; Off                ; Off                ;
; Preserve fewer node names                                                  ; On                 ; On                 ;
; Disable OpenCore Plus hardware evaluation                                  ; Off                ; Off                ;
; Verilog Version                                                            ; Verilog_2001       ; Verilog_2001       ;
; VHDL Version                                                               ; VHDL_1993          ; VHDL_1993          ;
; State Machine Processing                                                   ; Auto               ; Auto               ;
; Safe State Machine                                                         ; Off                ; Off                ;
; Extract Verilog State Machines                                             ; On                 ; On                 ;
; Extract VHDL State Machines                                                ; On                 ; On                 ;
; Ignore Verilog initial constructs                                          ; Off                ; Off                ;
; Iteration limit for constant Verilog loops                                 ; 5000               ; 5000               ;
; Iteration limit for non-constant Verilog loops                             ; 250                ; 250                ;
; Add Pass-Through Logic to Inferred RAMs                                    ; On                 ; On                 ;
; Infer RAMs from Raw Logic                                                  ; On                 ; On                 ;
; Parallel Synthesis                                                         ; On                 ; On                 ;
; NOT Gate Push-Back                                                         ; On                 ; On                 ;
; Power-Up Don't Care                                                        ; On                 ; On                 ;
; Remove Redundant Logic Cells                                               ; Off                ; Off                ;
; Remove Duplicate Registers                                                 ; On                 ; On                 ;
; Ignore CARRY Buffers                                                       ; Off                ; Off                ;
; Ignore CASCADE Buffers                                                     ; Off                ; Off                ;
; Ignore GLOBAL Buffers                                                      ; Off                ; Off                ;
; Ignore ROW GLOBAL Buffers                                                  ; Off                ; Off                ;
; Ignore LCELL Buffers                                                       ; Off                ; Off                ;
; Ignore SOFT Buffers                                                        ; On                 ; On                 ;
; Limit AHDL Integers to 32 Bits                                             ; Off                ; Off                ;
; Optimization Technique                                                     ; Balanced           ; Balanced           ;
; Carry Chain Length                                                         ; 70                 ; 70                 ;
; Auto Carry Chains                                                          ; On                 ; On                 ;
; Auto Open-Drain Pins                                                       ; On                 ; On                 ;
; Perform WYSIWYG Primitive Resynthesis                                      ; Off                ; Off                ;
; Auto Shift Register Replacement                                            ; Auto               ; Auto               ;
; Allow Shift Register Merging across Hierarchies                            ; Auto               ; Auto               ;
; Auto Clock Enable Replacement                                              ; On                 ; On                 ;
; Allow Synchronous Control Signals                                          ; On                 ; On                 ;
; Force Use of Synchronous Clear Signals                                     ; Off                ; Off                ;
; Auto Resource Sharing                                                      ; Off                ; Off                ;
; Use LogicLock Constraints during Resource Balancing                        ; On                 ; On                 ;
; Ignore translate_off and synthesis_off directives                          ; Off                ; Off                ;
; Report Parameter Settings                                                  ; On                 ; On                 ;
; Report Source Assignments                                                  ; On                 ; On                 ;
; Report Connectivity Checks                                                 ; On                 ; On                 ;
; Ignore Maximum Fan-Out Assignments                                         ; Off                ; Off                ;
; Synchronization Register Chain Length                                      ; 2                  ; 2                  ;
; PowerPlay Power Optimization During Synthesis                              ; Normal compilation ; Normal compilation ;
; HDL message level                                                          ; Level2             ; Level2             ;
; Suppress Register Optimization Related Messages                            ; Off                ; Off                ;
; Number of Removed Registers Reported in Synthesis Report                   ; 5000               ; 5000               ;
; Number of Swept Nodes Reported in Synthesis Report                         ; 5000               ; 5000               ;
; Number of Inverted Registers Reported in Synthesis Report                  ; 100                ; 100                ;
; Clock MUX Protection                                                       ; On                 ; On                 ;
; Block Design Naming                                                        ; Auto               ; Auto               ;
; Synthesis Effort                                                           ; Auto               ; Auto               ;
; Shift Register Replacement - Allow Asynchronous Clear Signal               ; On                 ; On                 ;
; Analysis & Synthesis Message Level                                         ; Medium             ; Medium             ;
; Disable Register Merging Across Hierarchies                                ; Auto               ; Auto               ;
; Synthesis Seed                                                             ; 1                  ; 1                  ;
+----------------------------------------------------------------------------+--------------------+--------------------+


+------------------------------------------+
; Parallel Compilation                     ;
+----------------------------+-------------+
; Processors                 ; Number      ;
+----------------------------+-------------+
; Number detected on machine ; 4           ;
; Maximum allowed            ; 2           ;
;                            ;             ;
; Average used               ; 1.00        ;
; Maximum used               ; 1           ;
;                            ;             ;
; Usage by Processor         ; % Time Used ;
;     Processor 1            ; 100.0%      ;
+----------------------------+-------------+


+--------------------------------------------------------------------------------------------------------------------------------------------------------------------------------------------------------------------------------------+
; Analysis & Synthesis Source Files Read                                                                                                                                                                                               ;
+----------------------------------+-----------------+------------------------+----------------------------------------------------------------------------------------------------------------------------------------------+---------+
; File Name with User-Entered Path ; Used in Netlist ; File Type              ; File Name with Absolute Path                                                                                                                 ; Library ;
+----------------------------------+-----------------+------------------------+----------------------------------------------------------------------------------------------------------------------------------------------+---------+
; top.v                            ; yes             ; User Verilog HDL File  ; D:/projects/07_source_code/auto_tools/mcu_cpld_prd/Auto_Generator/pycpld/quartus-II/top_frdmkw41z_sdk_2.2_i2c_b2b_slave/top.v                ;         ;
; i2c_slave_subad.v                ; yes             ; User Verilog HDL File  ; D:/projects/07_source_code/auto_tools/mcu_cpld_prd/Auto_Generator/pycpld/quartus-II/top_frdmkw41z_sdk_2.2_i2c_b2b_slave/i2c_slave_subad.v    ;         ;
; i2c_slave_op_subad.v             ; yes             ; User Verilog HDL File  ; D:/projects/07_source_code/auto_tools/mcu_cpld_prd/Auto_Generator/pycpld/quartus-II/top_frdmkw41z_sdk_2.2_i2c_b2b_slave/i2c_slave_op_subad.v ;         ;
; speed_select.v                   ; yes             ; User Verilog HDL File  ; D:/projects/07_source_code/auto_tools/mcu_cpld_prd/Auto_Generator/pycpld/quartus-II/top_frdmkw41z_sdk_2.2_i2c_b2b_slave/speed_select.v       ;         ;
; uart_rx.v                        ; yes             ; User Verilog HDL File  ; D:/projects/07_source_code/auto_tools/mcu_cpld_prd/Auto_Generator/pycpld/quartus-II/top_frdmkw41z_sdk_2.2_i2c_b2b_slave/uart_rx.v            ;         ;
; uart_tx.v                        ; yes             ; User Verilog HDL File  ; D:/projects/07_source_code/auto_tools/mcu_cpld_prd/Auto_Generator/pycpld/quartus-II/top_frdmkw41z_sdk_2.2_i2c_b2b_slave/uart_tx.v            ;         ;
+----------------------------------+-----------------+------------------------+----------------------------------------------------------------------------------------------------------------------------------------------+---------+


+-----------------------------------------------------+
; Analysis & Synthesis Resource Usage Summary         ;
+---------------------------------------------+-------+
; Resource                                    ; Usage ;
+---------------------------------------------+-------+
; Total logic elements                        ; 295   ;
;     -- Combinational with no register       ; 103   ;
;     -- Register only                        ; 56    ;
;     -- Combinational with a register        ; 136   ;
;                                             ;       ;
; Logic element usage by number of LUT inputs ;       ;
;     -- 4 input functions                    ; 147   ;
;     -- 3 input functions                    ; 22    ;
;     -- 2 input functions                    ; 65    ;
;     -- 1 input functions                    ; 4     ;
;     -- 0 input functions                    ; 1     ;
;                                             ;       ;
; Logic elements by mode                      ;       ;
;     -- normal mode                          ; 258   ;
;     -- arithmetic mode                      ; 37    ;
;     -- qfbk mode                            ; 0     ;
;     -- register cascade mode                ; 0     ;
;     -- synchronous clear/load mode          ; 13    ;
;     -- asynchronous clear/load mode         ; 189   ;
;                                             ;       ;
; Total registers                             ; 192   ;
; Total logic cells in carry chains           ; 42    ;
; I/O pins                                    ; 8     ;
; Maximum fan-out node                        ; clk   ;
; Maximum fan-out                             ; 169   ;
; Total fan-out                               ; 1313  ;
; Average fan-out                             ; 4.33  ;
+---------------------------------------------+-------+


+-------------------------------------------------------------------------------------------------------------------------------------------------------------------------------------------------------------------------------------------------------------------------------------------------------------------+
; Analysis & Synthesis Resource Utilization by Entity                                                                                                                                                                                                                                                               ;
+----------------------------------------------------+-------------+--------------+------------+------+--------------+--------------+-------------------+------------------+-----------------+------------+------------------------------------------------------------------------------------------+--------------+
; Compilation Hierarchy Node                         ; Logic Cells ; LC Registers ; UFM Blocks ; Pins ; Virtual Pins ; LUT-Only LCs ; Register-Only LCs ; LUT/Register LCs ; Carry Chain LCs ; Packed LCs ; Full Hierarchy Name                                                                      ; Library Name ;
+----------------------------------------------------+-------------+--------------+------------+------+--------------+--------------+-------------------+------------------+-----------------+------------+------------------------------------------------------------------------------------------+--------------+
; |top                                               ; 295 (71)    ; 192          ; 0          ; 8    ; 0            ; 103 (14)     ; 56 (28)           ; 136 (29)         ; 42 (0)          ; 0 (0)      ; |top                                                                                     ; work         ;
;    |i2c_slave_subad:i2c_slave_subad_instance|      ; 166 (1)     ; 99           ; 0          ; 0    ; 0            ; 67 (1)       ; 20 (0)            ; 79 (0)           ; 29 (0)          ; 0 (0)      ; |top|i2c_slave_subad:i2c_slave_subad_instance                                            ; work         ;
;       |i2c_slave_op_subad:i2c_slave_op_subad_inst| ; 165 (165)   ; 99           ; 0          ; 0    ; 0            ; 66 (66)      ; 20 (20)           ; 79 (79)          ; 29 (29)         ; 0 (0)      ; |top|i2c_slave_subad:i2c_slave_subad_instance|i2c_slave_op_subad:i2c_slave_op_subad_inst ; work         ;
;    |my_uart_rx:my_uart_rx|                         ; 36 (36)     ; 22           ; 0          ; 0    ; 0            ; 14 (14)      ; 8 (8)             ; 14 (14)          ; 0 (0)           ; 0 (0)      ; |top|my_uart_rx:my_uart_rx                                                               ; work         ;
;    |speed_select:speed_select|                     ; 22 (22)     ; 14           ; 0          ; 0    ; 0            ; 8 (8)        ; 0 (0)             ; 14 (14)          ; 13 (13)         ; 0 (0)      ; |top|speed_select:speed_select                                                           ; work         ;
+----------------------------------------------------+-------------+--------------+------------+------+--------------+--------------+-------------------+------------------+-----------------+------------+------------------------------------------------------------------------------------------+--------------+
Note: For table entries with two numbers listed, the numbers in parentheses indicate the number of resources of the given type used by the specific entity alone. The numbers listed outside of parentheses indicate the total resources of the given type used by the specific entity and all of its sub-entities in the hierarchy.


Encoding Type:  One-Hot
+------------------------------------------------------------------------+
; State Machine - |top|Current                                           ;
+--------------+--------------+--------------+--------------+------------+
; Name         ; Current.IDLE ; Current.SAVE ; Current.WAIT ; Current.S1 ;
+--------------+--------------+--------------+--------------+------------+
; Current.IDLE ; 0            ; 0            ; 0            ; 0          ;
; Current.S1   ; 1            ; 0            ; 0            ; 1          ;
; Current.WAIT ; 1            ; 0            ; 1            ; 0          ;
; Current.SAVE ; 1            ; 1            ; 0            ; 0          ;
+--------------+--------------+--------------+--------------+------------+


Encoding Type:  One-Hot
+-----------------------------------------------------------------------------------------------------------------------------------------------------------------------------------------------------------------------------------------------------------------------------------+
; State Machine - |top|i2c_slave_subad:i2c_slave_subad_instance|i2c_slave_op_subad:i2c_slave_op_subad_inst|data_out_state                                                                                                                                                           ;
+-----------------------------+--------------------------+--------------------------+--------------------------+--------------------------+--------------------------+--------------------------+--------------------------+--------------------------+-----------------------------+
; Name                        ; data_out_state.data_out0 ; data_out_state.data_out1 ; data_out_state.data_out2 ; data_out_state.data_out3 ; data_out_state.data_out4 ; data_out_state.data_out5 ; data_out_state.data_out6 ; data_out_state.data_out7 ; data_out_state.data_out_end ;
+-----------------------------+--------------------------+--------------------------+--------------------------+--------------------------+--------------------------+--------------------------+--------------------------+--------------------------+-----------------------------+
; data_out_state.data_out7    ; 0                        ; 0                        ; 0                        ; 0                        ; 0                        ; 0                        ; 0                        ; 0                        ; 0                           ;
; data_out_state.data_out6    ; 0                        ; 0                        ; 0                        ; 0                        ; 0                        ; 0                        ; 1                        ; 1                        ; 0                           ;
; data_out_state.data_out5    ; 0                        ; 0                        ; 0                        ; 0                        ; 0                        ; 1                        ; 0                        ; 1                        ; 0                           ;
; data_out_state.data_out4    ; 0                        ; 0                        ; 0                        ; 0                        ; 1                        ; 0                        ; 0                        ; 1                        ; 0                           ;
; data_out_state.data_out3    ; 0                        ; 0                        ; 0                        ; 1                        ; 0                        ; 0                        ; 0                        ; 1                        ; 0                           ;
; data_out_state.data_out2    ; 0                        ; 0                        ; 1                        ; 0                        ; 0                        ; 0                        ; 0                        ; 1                        ; 0                           ;
; data_out_state.data_out1    ; 0                        ; 1                        ; 0                        ; 0                        ; 0                        ; 0                        ; 0                        ; 1                        ; 0                           ;
; data_out_state.data_out0    ; 1                        ; 0                        ; 0                        ; 0                        ; 0                        ; 0                        ; 0                        ; 1                        ; 0                           ;
; data_out_state.data_out_end ; 0                        ; 0                        ; 0                        ; 0                        ; 0                        ; 0                        ; 0                        ; 1                        ; 1                           ;
+-----------------------------+--------------------------+--------------------------+--------------------------+--------------------------+--------------------------+--------------------------+--------------------------+--------------------------+-----------------------------+


Encoding Type:  One-Hot
+---------------------------------------------------------------------------------------------------------------------------------------------------------------------------------------------------------------------------------------------------------+
; State Machine - |top|i2c_slave_subad:i2c_slave_subad_instance|i2c_slave_op_subad:i2c_slave_op_subad_inst|data_in_state                                                                                                                                  ;
+------------------------+------------------------+------------------------+------------------------+------------------------+------------------------+------------------------+------------------------+------------------------+------------------------+
; Name                   ; data_in_state.data_in0 ; data_in_state.data_in1 ; data_in_state.data_in2 ; data_in_state.data_in3 ; data_in_state.data_in4 ; data_in_state.data_in5 ; data_in_state.data_in6 ; data_in_state.data_in7 ; data_in_state.data_end ;
+------------------------+------------------------+------------------------+------------------------+------------------------+------------------------+------------------------+------------------------+------------------------+------------------------+
; data_in_state.data_in7 ; 0                      ; 0                      ; 0                      ; 0                      ; 0                      ; 0                      ; 0                      ; 0                      ; 0                      ;
; data_in_state.data_in6 ; 0                      ; 0                      ; 0                      ; 0                      ; 0                      ; 0                      ; 1                      ; 1                      ; 0                      ;
; data_in_state.data_in5 ; 0                      ; 0                      ; 0                      ; 0                      ; 0                      ; 1                      ; 0                      ; 1                      ; 0                      ;
; data_in_state.data_in4 ; 0                      ; 0                      ; 0                      ; 0                      ; 1                      ; 0                      ; 0                      ; 1                      ; 0                      ;
; data_in_state.data_in3 ; 0                      ; 0                      ; 0                      ; 1                      ; 0                      ; 0                      ; 0                      ; 1                      ; 0                      ;
; data_in_state.data_in2 ; 0                      ; 0                      ; 1                      ; 0                      ; 0                      ; 0                      ; 0                      ; 1                      ; 0                      ;
; data_in_state.data_in1 ; 0                      ; 1                      ; 0                      ; 0                      ; 0                      ; 0                      ; 0                      ; 1                      ; 0                      ;
; data_in_state.data_in0 ; 1                      ; 0                      ; 0                      ; 0                      ; 0                      ; 0                      ; 0                      ; 1                      ; 0                      ;
; data_in_state.data_end ; 0                      ; 0                      ; 0                      ; 0                      ; 0                      ; 0                      ; 0                      ; 1                      ; 1                      ;
+------------------------+------------------------+------------------------+------------------------+------------------------+------------------------+------------------------+------------------------+------------------------+------------------------+


Encoding Type:  One-Hot
+--------------------------------------------------------------------------------------------------------------------------------------------------------------------------------------------------------------------------------+
; State Machine - |top|i2c_slave_subad:i2c_slave_subad_instance|i2c_slave_op_subad:i2c_slave_op_subad_inst|addr_in_state                                                                                                         ;
+------------------------+------------------------+------------------------+------------------------+------------------------+------------------------+------------------------+------------------------+------------------------+
; Name                   ; addr_in_state.addr_end ; addr_in_state.addr_in0 ; addr_in_state.addr_in1 ; addr_in_state.addr_in2 ; addr_in_state.addr_in3 ; addr_in_state.addr_in4 ; addr_in_state.addr_in5 ; addr_in_state.addr_in6 ;
+------------------------+------------------------+------------------------+------------------------+------------------------+------------------------+------------------------+------------------------+------------------------+
; addr_in_state.addr_in6 ; 0                      ; 0                      ; 0                      ; 0                      ; 0                      ; 0                      ; 0                      ; 0                      ;
; addr_in_state.addr_in5 ; 0                      ; 0                      ; 0                      ; 0                      ; 0                      ; 0                      ; 1                      ; 1                      ;
; addr_in_state.addr_in4 ; 0                      ; 0                      ; 0                      ; 0                      ; 0                      ; 1                      ; 0                      ; 1                      ;
; addr_in_state.addr_in3 ; 0                      ; 0                      ; 0                      ; 0                      ; 1                      ; 0                      ; 0                      ; 1                      ;
; addr_in_state.addr_in2 ; 0                      ; 0                      ; 0                      ; 1                      ; 0                      ; 0                      ; 0                      ; 1                      ;
; addr_in_state.addr_in1 ; 0                      ; 0                      ; 1                      ; 0                      ; 0                      ; 0                      ; 0                      ; 1                      ;
; addr_in_state.addr_in0 ; 0                      ; 1                      ; 0                      ; 0                      ; 0                      ; 0                      ; 0                      ; 1                      ;
; addr_in_state.addr_end ; 1                      ; 0                      ; 0                      ; 0                      ; 0                      ; 0                      ; 0                      ; 1                      ;
+------------------------+------------------------+------------------------+------------------------+------------------------+------------------------+------------------------+------------------------+------------------------+


Encoding Type:  One-Hot
+--------------------------------------------------------------------------------------------------------------------+
; State Machine - |top|i2c_slave_subad:i2c_slave_subad_instance|i2c_slave_op_subad:i2c_slave_op_subad_inst|ack_state ;
+--------------+--------------+--------------+--------------+--------------------------------------------------------+
; Name         ; ack_state.11 ; ack_state.10 ; ack_state.01 ; ack_state.00                                           ;
+--------------+--------------+--------------+--------------+--------------------------------------------------------+
; ack_state.00 ; 0            ; 0            ; 0            ; 0                                                      ;
; ack_state.01 ; 0            ; 0            ; 1            ; 1                                                      ;
; ack_state.10 ; 0            ; 1            ; 0            ; 1                                                      ;
; ack_state.11 ; 1            ; 0            ; 0            ; 1                                                      ;
+--------------+--------------+--------------+--------------+--------------------------------------------------------+


Encoding Type:  One-Hot
+----------------------------------------------------------------------------------------------------------------------------------------------------------------------------------------------------------------------------------------------------+
; State Machine - |top|i2c_slave_subad:i2c_slave_subad_instance|i2c_slave_op_subad:i2c_slave_op_subad_inst|main_state                                                                                                                                ;
+----------------------------+-------------------------+----------------------+------------------------+-----------------------+---------------------+----------------------------+----------------------+-----------------+-------------------------+
; Name                       ; main_state.data_out_ack ; main_state.data_read ; main_state.data_in_ack ; main_state.data_write ; main_state.addr_ack ; main_state.write_read_flag ; main_state.addr_read ; main_state.idle ; main_state.if_rep_start ;
+----------------------------+-------------------------+----------------------+------------------------+-----------------------+---------------------+----------------------------+----------------------+-----------------+-------------------------+
; main_state.idle            ; 0                       ; 0                    ; 0                      ; 0                     ; 0                   ; 0                          ; 0                    ; 0               ; 0                       ;
; main_state.addr_read       ; 0                       ; 0                    ; 0                      ; 0                     ; 0                   ; 0                          ; 1                    ; 1               ; 0                       ;
; main_state.write_read_flag ; 0                       ; 0                    ; 0                      ; 0                     ; 0                   ; 1                          ; 0                    ; 1               ; 0                       ;
; main_state.addr_ack        ; 0                       ; 0                    ; 0                      ; 0                     ; 1                   ; 0                          ; 0                    ; 1               ; 0                       ;
; main_state.data_write      ; 0                       ; 0                    ; 0                      ; 1                     ; 0                   ; 0                          ; 0                    ; 1               ; 0                       ;
; main_state.data_in_ack     ; 0                       ; 0                    ; 1                      ; 0                     ; 0                   ; 0                          ; 0                    ; 1               ; 0                       ;
; main_state.data_read       ; 0                       ; 1                    ; 0                      ; 0                     ; 0                   ; 0                          ; 0                    ; 1               ; 0                       ;
; main_state.data_out_ack    ; 1                       ; 0                    ; 0                      ; 0                     ; 0                   ; 0                          ; 0                    ; 1               ; 0                       ;
; main_state.if_rep_start    ; 0                       ; 0                    ; 0                      ; 0                     ; 0                   ; 0                          ; 0                    ; 1               ; 1                       ;
+----------------------------+-------------------------+----------------------+------------------------+-----------------------+---------------------+----------------------------+----------------------+-----------------+-------------------------+


+-----------------------------------------------------------------------------------------------------------------------------------------------+
; Registers Removed During Synthesis                                                                                                            ;
+------------------------------------------------------------------------------------------------------+----------------------------------------+
; Register name                                                                                        ; Reason for Removal                     ;
+------------------------------------------------------------------------------------------------------+----------------------------------------+
; speed_select:speed_select|bps_para[9..12]                                                            ; Stuck at GND due to stuck port data_in ;
; speed_select:speed_select|bps_para[7,8]                                                              ; Stuck at VCC due to stuck port data_in ;
; speed_select:speed_select|bps_para[6]                                                                ; Stuck at GND due to stuck port data_in ;
; speed_select:speed_select|bps_para[4,5]                                                              ; Stuck at VCC due to stuck port data_in ;
; speed_select:speed_select|bps_para[2,3]                                                              ; Stuck at GND due to stuck port data_in ;
; speed_select:speed_select|bps_para[1]                                                                ; Stuck at VCC due to stuck port data_in ;
; speed_select:speed_select|bps_para[0]                                                                ; Stuck at GND due to stuck port data_in ;
; speed_select:speed_select|bps_para_2[8..12]                                                          ; Stuck at GND due to stuck port data_in ;
; speed_select:speed_select|bps_para_2[6,7]                                                            ; Stuck at VCC due to stuck port data_in ;
; speed_select:speed_select|bps_para_2[5]                                                              ; Stuck at GND due to stuck port data_in ;
; speed_select:speed_select|bps_para_2[3,4]                                                            ; Stuck at VCC due to stuck port data_in ;
; speed_select:speed_select|bps_para_2[1,2]                                                            ; Stuck at GND due to stuck port data_in ;
; speed_select:speed_select|bps_para_2[0]                                                              ; Stuck at VCC due to stuck port data_in ;
; i2c_slave_subad:i2c_slave_subad_instance|i2c_slave_op_subad:i2c_slave_op_subad_inst|data_out_state~4 ; Lost fanout                            ;
; i2c_slave_subad:i2c_slave_subad_instance|i2c_slave_op_subad:i2c_slave_op_subad_inst|data_out_state~5 ; Lost fanout                            ;
; i2c_slave_subad:i2c_slave_subad_instance|i2c_slave_op_subad:i2c_slave_op_subad_inst|data_out_state~6 ; Lost fanout                            ;
; i2c_slave_subad:i2c_slave_subad_instance|i2c_slave_op_subad:i2c_slave_op_subad_inst|data_in_state~4  ; Lost fanout                            ;
; i2c_slave_subad:i2c_slave_subad_instance|i2c_slave_op_subad:i2c_slave_op_subad_inst|data_in_state~5  ; Lost fanout                            ;
; i2c_slave_subad:i2c_slave_subad_instance|i2c_slave_op_subad:i2c_slave_op_subad_inst|data_in_state~6  ; Lost fanout                            ;
; i2c_slave_subad:i2c_slave_subad_instance|i2c_slave_op_subad:i2c_slave_op_subad_inst|addr_in_state~4  ; Lost fanout                            ;
; i2c_slave_subad:i2c_slave_subad_instance|i2c_slave_op_subad:i2c_slave_op_subad_inst|addr_in_state~5  ; Lost fanout                            ;
; i2c_slave_subad:i2c_slave_subad_instance|i2c_slave_op_subad:i2c_slave_op_subad_inst|addr_in_state~6  ; Lost fanout                            ;
; i2c_slave_subad:i2c_slave_subad_instance|i2c_slave_op_subad:i2c_slave_op_subad_inst|ack_state~8      ; Lost fanout                            ;
; i2c_slave_subad:i2c_slave_subad_instance|i2c_slave_op_subad:i2c_slave_op_subad_inst|ack_state~9      ; Lost fanout                            ;
; i2c_slave_subad:i2c_slave_subad_instance|i2c_slave_op_subad:i2c_slave_op_subad_inst|main_state~4     ; Lost fanout                            ;
; i2c_slave_subad:i2c_slave_subad_instance|i2c_slave_op_subad:i2c_slave_op_subad_inst|main_state~5     ; Lost fanout                            ;
; i2c_slave_subad:i2c_slave_subad_instance|i2c_slave_op_subad:i2c_slave_op_subad_inst|main_state~6     ; Lost fanout                            ;
; Total Number of Removed Registers = 40                                                               ;                                        ;
+------------------------------------------------------------------------------------------------------+----------------------------------------+


+------------------------------------------------------+
; General Register Statistics                          ;
+----------------------------------------------+-------+
; Statistic                                    ; Value ;
+----------------------------------------------+-------+
; Total registers                              ; 192   ;
; Number of registers using Synchronous Clear  ; 13    ;
; Number of registers using Synchronous Load   ; 0     ;
; Number of registers using Asynchronous Clear ; 189   ;
; Number of registers using Asynchronous Load  ; 0     ;
; Number of registers using Clock Enable       ; 74    ;
; Number of registers using Preset             ; 0     ;
+----------------------------------------------+-------+


+--------------------------------------------------+
; Inverted Register Statistics                     ;
+----------------------------------------+---------+
; Inverted Register                      ; Fan out ;
+----------------------------------------+---------+
; my_uart_rx:my_uart_rx|rx_complete_reg  ; 2       ;
; Total number of inverted registers = 1 ;         ;
+----------------------------------------+---------+


+----------------------------------------------------------------------------------------------------------------------------------------------------------------------------------------------------------------------+
; Multiplexer Restructuring Statistics (Restructuring Performed)                                                                                                                                                       ;
+--------------------+-----------+---------------+----------------------+------------------------+------------+--------------------------------------------------------------------------------------------------------+
; Multiplexer Inputs ; Bus Width ; Baseline Area ; Area if Restructured ; Saving if Restructured ; Registered ; Example Multiplexer Output                                                                             ;
+--------------------+-----------+---------------+----------------------+------------------------+------------+--------------------------------------------------------------------------------------------------------+
; 3:1                ; 6 bits    ; 12 LEs        ; 12 LEs               ; 0 LEs                  ; No         ; |top|i2c_slave_subad:i2c_slave_subad_instance|i2c_slave_op_subad:i2c_slave_op_subad_inst|addr_in_state ;
; 3:1                ; 7 bits    ; 14 LEs        ; 14 LEs               ; 0 LEs                  ; No         ; |top|i2c_slave_subad:i2c_slave_subad_instance|i2c_slave_op_subad:i2c_slave_op_subad_inst|data_in_state ;
; 4:1                ; 2 bits    ; 4 LEs         ; 4 LEs                ; 0 LEs                  ; No         ; |top|i2c_slave_subad:i2c_slave_subad_instance|i2c_slave_op_subad:i2c_slave_op_subad_inst|ack_state     ;
+--------------------+-----------+---------------+----------------------+------------------------+------------+--------------------------------------------------------------------------------------------------------+


+---------------------------------------------------------------------+
; Parameter Settings for User Entity Instance: Top-level Entity: |top ;
+----------------+----------+-----------------------------------------+
; Parameter Name ; Value    ; Type                                    ;
+----------------+----------+-----------------------------------------+
; IDLE           ; 000      ; Unsigned Binary                         ;
; S1             ; 001      ; Unsigned Binary                         ;
; WAIT           ; 010      ; Unsigned Binary                         ;
; SAVE           ; 100      ; Unsigned Binary                         ;
; A              ; 01000001 ; Unsigned Binary                         ;
; B              ; 01000010 ; Unsigned Binary                         ;
; C              ; 01000011 ; Unsigned Binary                         ;
; D              ; 01000100 ; Unsigned Binary                         ;
; E              ; 01000101 ; Unsigned Binary                         ;
; F              ; 01000110 ; Unsigned Binary                         ;
; G              ; 01000111 ; Unsigned Binary                         ;
; H              ; 01001000 ; Unsigned Binary                         ;
; I              ; 01001001 ; Unsigned Binary                         ;
; J              ; 01001010 ; Unsigned Binary                         ;
; K              ; 01001011 ; Unsigned Binary                         ;
; L              ; 01001100 ; Unsigned Binary                         ;
; M              ; 01001101 ; Unsigned Binary                         ;
; N              ; 01001110 ; Unsigned Binary                         ;
; O              ; 01001111 ; Unsigned Binary                         ;
; P              ; 01010000 ; Unsigned Binary                         ;
; Q              ; 01010001 ; Unsigned Binary                         ;
; R              ; 01010010 ; Unsigned Binary                         ;
; S              ; 01010011 ; Unsigned Binary                         ;
; T              ; 01010100 ; Unsigned Binary                         ;
; U              ; 01010101 ; Unsigned Binary                         ;
; V              ; 01010110 ; Unsigned Binary                         ;
; W              ; 01010111 ; Unsigned Binary                         ;
; X              ; 01011000 ; Unsigned Binary                         ;
; Y              ; 01011001 ; Unsigned Binary                         ;
; Z              ; 01011010 ; Unsigned Binary                         ;
; Z0             ; 00110000 ; Unsigned Binary                         ;
; I1             ; 00110001 ; Unsigned Binary                         ;
; II             ; 00110010 ; Unsigned Binary                         ;
; III            ; 00110011 ; Unsigned Binary                         ;
; IV             ; 00110100 ; Unsigned Binary                         ;
; V5             ; 00110101 ; Unsigned Binary                         ;
; VI             ; 00110110 ; Unsigned Binary                         ;
; VII            ; 00110111 ; Unsigned Binary                         ;
; VIII           ; 00111000 ; Unsigned Binary                         ;
; VIIII          ; 00111001 ; Unsigned Binary                         ;
+----------------+----------+-----------------------------------------+
Note: In order to hide this table in the UI and the text report file, please set the "Show Parameter Settings in Synthesis Report" option in "Analysis and Synthesis Settings -> More Settings" to "Off".


+----------------------------------------------------------------------------------------------------------------------------------+
; Parameter Settings for User Entity Instance: i2c_slave_subad:i2c_slave_subad_instance|i2c_slave_op_subad:i2c_slave_op_subad_inst ;
+-----------------+-------+--------------------------------------------------------------------------------------------------------+
; Parameter Name  ; Value ; Type                                                                                                   ;
+-----------------+-------+--------------------------------------------------------------------------------------------------------+
; addr_in6        ; 000   ; Unsigned Binary                                                                                        ;
; addr_in5        ; 001   ; Unsigned Binary                                                                                        ;
; addr_in4        ; 010   ; Unsigned Binary                                                                                        ;
; addr_in3        ; 011   ; Unsigned Binary                                                                                        ;
; addr_in2        ; 100   ; Unsigned Binary                                                                                        ;
; addr_in1        ; 101   ; Unsigned Binary                                                                                        ;
; addr_in0        ; 110   ; Unsigned Binary                                                                                        ;
; addr_end        ; 111   ; Unsigned Binary                                                                                        ;
; data_in7        ; 0000  ; Unsigned Binary                                                                                        ;
; data_in6        ; 0001  ; Unsigned Binary                                                                                        ;
; data_in5        ; 0010  ; Unsigned Binary                                                                                        ;
; data_in4        ; 0011  ; Unsigned Binary                                                                                        ;
; data_in3        ; 0100  ; Unsigned Binary                                                                                        ;
; data_in2        ; 0101  ; Unsigned Binary                                                                                        ;
; data_in1        ; 0110  ; Unsigned Binary                                                                                        ;
; data_in0        ; 0111  ; Unsigned Binary                                                                                        ;
; data_end        ; 1000  ; Unsigned Binary                                                                                        ;
; data_out7       ; 0000  ; Unsigned Binary                                                                                        ;
; data_out6       ; 0001  ; Unsigned Binary                                                                                        ;
; data_out5       ; 0010  ; Unsigned Binary                                                                                        ;
; data_out4       ; 0011  ; Unsigned Binary                                                                                        ;
; data_out3       ; 0100  ; Unsigned Binary                                                                                        ;
; data_out2       ; 0101  ; Unsigned Binary                                                                                        ;
; data_out1       ; 0110  ; Unsigned Binary                                                                                        ;
; data_out0       ; 0111  ; Unsigned Binary                                                                                        ;
; data_out_end    ; 1000  ; Unsigned Binary                                                                                        ;
; idle            ; 0000  ; Unsigned Binary                                                                                        ;
; addr_read       ; 0001  ; Unsigned Binary                                                                                        ;
; write_read_flag ; 0010  ; Unsigned Binary                                                                                        ;
; addr_ack        ; 0011  ; Unsigned Binary                                                                                        ;
; data_write      ; 0100  ; Unsigned Binary                                                                                        ;
; data_in_ack     ; 0101  ; Unsigned Binary                                                                                        ;
; data_read       ; 0110  ; Unsigned Binary                                                                                        ;
; data_out_ack    ; 0111  ; Unsigned Binary                                                                                        ;
; if_rep_start    ; 1000  ; Unsigned Binary                                                                                        ;
+-----------------+-------+--------------------------------------------------------------------------------------------------------+
Note: In order to hide this table in the UI and the text report file, please set the "Show Parameter Settings in Synthesis Report" option in "Analysis and Synthesis Settings -> More Settings" to "Off".


+------------------------------------------------------------------------+
; Parameter Settings for User Entity Instance: speed_select:speed_select ;
+----------------+-------+-----------------------------------------------+
; Parameter Name ; Value ; Type                                          ;
+----------------+-------+-----------------------------------------------+
; bps9600        ; 5208  ; Signed Integer                                ;
; bps19200       ; 2603  ; Signed Integer                                ;
; bps38400       ; 1301  ; Signed Integer                                ;
; bps57600       ; 867   ; Signed Integer                                ;
; bps115200      ; 434   ; Signed Integer                                ;
; bps256000      ; 195   ; Signed Integer                                ;
; bps9600_2      ; 2604  ; Signed Integer                                ;
; bps19200_2     ; 1301  ; Signed Integer                                ;
; bps38400_2     ; 650   ; Signed Integer                                ;
; bps57600_2     ; 433   ; Signed Integer                                ;
; bps115200_2    ; 217   ; Signed Integer                                ;
; bps256000_2    ; 97    ; Signed Integer                                ;
+----------------+-------+-----------------------------------------------+
Note: In order to hide this table in the UI and the text report file, please set the "Show Parameter Settings in Synthesis Report" option in "Analysis and Synthesis Settings -> More Settings" to "Off".


+-----------------------------------------------------------------------------------------------------------------------------------------------------------------------------------+
; Port Connectivity Checks: "my_uart_tx:my_uart_tx"                                                                                                                                 ;
+-------------+--------+----------+-------------------------------------------------------------------------------------------------------------------------------------------------+
; Port        ; Type   ; Severity ; Details                                                                                                                                         ;
+-------------+--------+----------+-------------------------------------------------------------------------------------------------------------------------------------------------+
; tx_data     ; Input  ; Warning  ; Input port expression (1 bits) is smaller than the input port (8 bits) it drives.  Extra input bit(s) "tx_data[7..1]" will be connected to GND. ;
; tx_complete ; Output ; Info     ; Connected to dangling logic. Logic that only feeds a dangling port will be removed.                                                             ;
; uart_tx     ; Output ; Info     ; Connected to dangling logic. Logic that only feeds a dangling port will be removed.                                                             ;
; error       ; Output ; Info     ; Connected to dangling logic. Logic that only feeds a dangling port will be removed.                                                             ;
+-------------+--------+----------+-------------------------------------------------------------------------------------------------------------------------------------------------+


+-----------------------------------------------------------------------------------------------------------------------+
; Port Connectivity Checks: "my_uart_rx:my_uart_rx"                                                                     ;
+-------------+--------+----------+-------------------------------------------------------------------------------------+
; Port        ; Type   ; Severity ; Details                                                                             ;
+-------------+--------+----------+-------------------------------------------------------------------------------------+
; rx_complete ; Output ; Info     ; Connected to dangling logic. Logic that only feeds a dangling port will be removed. ;
; rx_error    ; Output ; Info     ; Connected to dangling logic. Logic that only feeds a dangling port will be removed. ;
+-------------+--------+----------+-------------------------------------------------------------------------------------+


+-------------------------------+
; Analysis & Synthesis Messages ;
+-------------------------------+
Info: *******************************************************************
Info: Running Quartus Prime Analysis & Synthesis
    Info: Version 15.1.0 Build 185 10/21/2015 SJ Lite Edition
    Info: Processing started: Thu Jul 27 19:14:29 2017
Info: Command: quartus_map --read_settings_files=on --write_settings_files=off top -c top
Info (20030): Parallel compilation is enabled and will use 2 of the 2 processors detected
Info (12021): Found 1 design units, including 1 entities, in source file top.v
    Info (12023): Found entity 1: top File: D:/projects/07_source_code/auto_tools/mcu_cpld_prd/Auto_Generator/pycpld/quartus-II/top_frdmkw41z_sdk_2.2_i2c_b2b_slave/top.v Line: 4
Info (12021): Found 1 design units, including 1 entities, in source file i2c_slave_subad.v
    Info (12023): Found entity 1: i2c_slave_subad File: D:/projects/07_source_code/auto_tools/mcu_cpld_prd/Auto_Generator/pycpld/quartus-II/top_frdmkw41z_sdk_2.2_i2c_b2b_slave/i2c_slave_subad.v Line: 7
Warning (10238): Verilog Module Declaration warning at i2c_slave_op_subad.v(14): ignored anonymous port(s) indicated by duplicate or dangling comma(s) in the port list for module "i2c_slave_op_subad" File: D:/projects/07_source_code/auto_tools/mcu_cpld_prd/Auto_Generator/pycpld/quartus-II/top_frdmkw41z_sdk_2.2_i2c_b2b_slave/i2c_slave_op_subad.v Line: 14
Info (12021): Found 1 design units, including 1 entities, in source file i2c_slave_op_subad.v
    Info (12023): Found entity 1: i2c_slave_op_subad File: D:/projects/07_source_code/auto_tools/mcu_cpld_prd/Auto_Generator/pycpld/quartus-II/top_frdmkw41z_sdk_2.2_i2c_b2b_slave/i2c_slave_op_subad.v Line: 7
Info (12021): Found 1 design units, including 1 entities, in source file speed_select.v
    Info (12023): Found entity 1: speed_select File: D:/projects/07_source_code/auto_tools/mcu_cpld_prd/Auto_Generator/pycpld/quartus-II/top_frdmkw41z_sdk_2.2_i2c_b2b_slave/speed_select.v Line: 1
Info (12021): Found 1 design units, including 1 entities, in source file uart_rx.v
    Info (12023): Found entity 1: my_uart_rx File: D:/projects/07_source_code/auto_tools/mcu_cpld_prd/Auto_Generator/pycpld/quartus-II/top_frdmkw41z_sdk_2.2_i2c_b2b_slave/uart_rx.v Line: 1
Info (12021): Found 1 design units, including 1 entities, in source file uart_tx.v
    Info (12023): Found entity 1: my_uart_tx File: D:/projects/07_source_code/auto_tools/mcu_cpld_prd/Auto_Generator/pycpld/quartus-II/top_frdmkw41z_sdk_2.2_i2c_b2b_slave/uart_tx.v Line: 1
Warning (10236): Verilog HDL Implicit Net warning at top.v(134): created implicit net for "capture_rst" File: D:/projects/07_source_code/auto_tools/mcu_cpld_prd/Auto_Generator/pycpld/quartus-II/top_frdmkw41z_sdk_2.2_i2c_b2b_slave/top.v Line: 134
Warning (10236): Verilog HDL Implicit Net warning at top.v(136): created implicit net for "tx_start" File: D:/projects/07_source_code/auto_tools/mcu_cpld_prd/Auto_Generator/pycpld/quartus-II/top_frdmkw41z_sdk_2.2_i2c_b2b_slave/top.v Line: 136
Warning (10236): Verilog HDL Implicit Net warning at top.v(137): created implicit net for "tx_data" File: D:/projects/07_source_code/auto_tools/mcu_cpld_prd/Auto_Generator/pycpld/quartus-II/top_frdmkw41z_sdk_2.2_i2c_b2b_slave/top.v Line: 137
Warning (10236): Verilog HDL Implicit Net warning at top.v(140): created implicit net for "rs232_tx" File: D:/projects/07_source_code/auto_tools/mcu_cpld_prd/Auto_Generator/pycpld/quartus-II/top_frdmkw41z_sdk_2.2_i2c_b2b_slave/top.v Line: 140
Info (12127): Elaborating entity "top" for the top level hierarchy
Warning (10036): Verilog HDL or VHDL warning at top.v(97): object "linkBIM" assigned a value but never read File: D:/projects/07_source_code/auto_tools/mcu_cpld_prd/Auto_Generator/pycpld/quartus-II/top_frdmkw41z_sdk_2.2_i2c_b2b_slave/top.v Line: 97
Info (10264): Verilog HDL Case Statement information at top.v(169): all case item expressions in this case statement are onehot File: D:/projects/07_source_code/auto_tools/mcu_cpld_prd/Auto_Generator/pycpld/quartus-II/top_frdmkw41z_sdk_2.2_i2c_b2b_slave/top.v Line: 169
Warning (10230): Verilog HDL assignment warning at top.v(216): truncated value with size 32 to match size of target (24) File: D:/projects/07_source_code/auto_tools/mcu_cpld_prd/Auto_Generator/pycpld/quartus-II/top_frdmkw41z_sdk_2.2_i2c_b2b_slave/top.v Line: 216
Info (12128): Elaborating entity "i2c_slave_subad" for hierarchy "i2c_slave_subad:i2c_slave_subad_instance" File: D:/projects/07_source_code/auto_tools/mcu_cpld_prd/Auto_Generator/pycpld/quartus-II/top_frdmkw41z_sdk_2.2_i2c_b2b_slave/top.v Line: 115
Info (12128): Elaborating entity "i2c_slave_op_subad" for hierarchy "i2c_slave_subad:i2c_slave_subad_instance|i2c_slave_op_subad:i2c_slave_op_subad_inst" File: D:/projects/07_source_code/auto_tools/mcu_cpld_prd/Auto_Generator/pycpld/quartus-II/top_frdmkw41z_sdk_2.2_i2c_b2b_slave/i2c_slave_subad.v Line: 34
Info (12128): Elaborating entity "speed_select" for hierarchy "speed_select:speed_select" File: D:/projects/07_source_code/auto_tools/mcu_cpld_prd/Auto_Generator/pycpld/quartus-II/top_frdmkw41z_sdk_2.2_i2c_b2b_slave/top.v Line: 123
Warning (10230): Verilog HDL assignment warning at speed_select.v(40): truncated value with size 32 to match size of target (13) File: D:/projects/07_source_code/auto_tools/mcu_cpld_prd/Auto_Generator/pycpld/quartus-II/top_frdmkw41z_sdk_2.2_i2c_b2b_slave/speed_select.v Line: 40
Warning (10230): Verilog HDL assignment warning at speed_select.v(41): truncated value with size 32 to match size of target (13) File: D:/projects/07_source_code/auto_tools/mcu_cpld_prd/Auto_Generator/pycpld/quartus-II/top_frdmkw41z_sdk_2.2_i2c_b2b_slave/speed_select.v Line: 41
Warning (10230): Verilog HDL assignment warning at speed_select.v(44): truncated value with size 32 to match size of target (13) File: D:/projects/07_source_code/auto_tools/mcu_cpld_prd/Auto_Generator/pycpld/quartus-II/top_frdmkw41z_sdk_2.2_i2c_b2b_slave/speed_select.v Line: 44
Warning (10230): Verilog HDL assignment warning at speed_select.v(45): truncated value with size 32 to match size of target (13) File: D:/projects/07_source_code/auto_tools/mcu_cpld_prd/Auto_Generator/pycpld/quartus-II/top_frdmkw41z_sdk_2.2_i2c_b2b_slave/speed_select.v Line: 45
Warning (10230): Verilog HDL assignment warning at speed_select.v(48): truncated value with size 32 to match size of target (13) File: D:/projects/07_source_code/auto_tools/mcu_cpld_prd/Auto_Generator/pycpld/quartus-II/top_frdmkw41z_sdk_2.2_i2c_b2b_slave/speed_select.v Line: 48
Warning (10230): Verilog HDL assignment warning at speed_select.v(49): truncated value with size 32 to match size of target (13) File: D:/projects/07_source_code/auto_tools/mcu_cpld_prd/Auto_Generator/pycpld/quartus-II/top_frdmkw41z_sdk_2.2_i2c_b2b_slave/speed_select.v Line: 49
Warning (10230): Verilog HDL assignment warning at speed_select.v(52): truncated value with size 32 to match size of target (13) File: D:/projects/07_source_code/auto_tools/mcu_cpld_prd/Auto_Generator/pycpld/quartus-II/top_frdmkw41z_sdk_2.2_i2c_b2b_slave/speed_select.v Line: 52
Warning (10230): Verilog HDL assignment warning at speed_select.v(53): truncated value with size 32 to match size of target (13) File: D:/projects/07_source_code/auto_tools/mcu_cpld_prd/Auto_Generator/pycpld/quartus-II/top_frdmkw41z_sdk_2.2_i2c_b2b_slave/speed_select.v Line: 53
Warning (10230): Verilog HDL assignment warning at speed_select.v(56): truncated value with size 32 to match size of target (13) File: D:/projects/07_source_code/auto_tools/mcu_cpld_prd/Auto_Generator/pycpld/quartus-II/top_frdmkw41z_sdk_2.2_i2c_b2b_slave/speed_select.v Line: 56
Warning (10230): Verilog HDL assignment warning at speed_select.v(57): truncated value with size 32 to match size of target (13) File: D:/projects/07_source_code/auto_tools/mcu_cpld_prd/Auto_Generator/pycpld/quartus-II/top_frdmkw41z_sdk_2.2_i2c_b2b_slave/speed_select.v Line: 57
Warning (10230): Verilog HDL assignment warning at speed_select.v(60): truncated value with size 32 to match size of target (13) File: D:/projects/07_source_code/auto_tools/mcu_cpld_prd/Auto_Generator/pycpld/quartus-II/top_frdmkw41z_sdk_2.2_i2c_b2b_slave/speed_select.v Line: 60
Warning (10230): Verilog HDL assignment warning at speed_select.v(61): truncated value with size 32 to match size of target (13) File: D:/projects/07_source_code/auto_tools/mcu_cpld_prd/Auto_Generator/pycpld/quartus-II/top_frdmkw41z_sdk_2.2_i2c_b2b_slave/speed_select.v Line: 61
Warning (10240): Verilog HDL Always Construct warning at speed_select.v(31): inferring latch(es) for variable "uart_ctrl", which holds its previous value in one or more paths through the always construct File: D:/projects/07_source_code/auto_tools/mcu_cpld_prd/Auto_Generator/pycpld/quartus-II/top_frdmkw41z_sdk_2.2_i2c_b2b_slave/speed_select.v Line: 31
Info (10041): Inferred latch for "uart_ctrl.101" at speed_select.v(31) File: D:/projects/07_source_code/auto_tools/mcu_cpld_prd/Auto_Generator/pycpld/quartus-II/top_frdmkw41z_sdk_2.2_i2c_b2b_slave/speed_select.v Line: 31
Info (10041): Inferred latch for "uart_ctrl.100" at speed_select.v(31) File: D:/projects/07_source_code/auto_tools/mcu_cpld_prd/Auto_Generator/pycpld/quartus-II/top_frdmkw41z_sdk_2.2_i2c_b2b_slave/speed_select.v Line: 31
Info (10041): Inferred latch for "uart_ctrl.011" at speed_select.v(31) File: D:/projects/07_source_code/auto_tools/mcu_cpld_prd/Auto_Generator/pycpld/quartus-II/top_frdmkw41z_sdk_2.2_i2c_b2b_slave/speed_select.v Line: 31
Info (10041): Inferred latch for "uart_ctrl.010" at speed_select.v(31) File: D:/projects/07_source_code/auto_tools/mcu_cpld_prd/Auto_Generator/pycpld/quartus-II/top_frdmkw41z_sdk_2.2_i2c_b2b_slave/speed_select.v Line: 31
Info (10041): Inferred latch for "uart_ctrl.001" at speed_select.v(31) File: D:/projects/07_source_code/auto_tools/mcu_cpld_prd/Auto_Generator/pycpld/quartus-II/top_frdmkw41z_sdk_2.2_i2c_b2b_slave/speed_select.v Line: 31
Info (10041): Inferred latch for "uart_ctrl.000" at speed_select.v(31) File: D:/projects/07_source_code/auto_tools/mcu_cpld_prd/Auto_Generator/pycpld/quartus-II/top_frdmkw41z_sdk_2.2_i2c_b2b_slave/speed_select.v Line: 31
Info (12128): Elaborating entity "my_uart_rx" for hierarchy "my_uart_rx:my_uart_rx" File: D:/projects/07_source_code/auto_tools/mcu_cpld_prd/Auto_Generator/pycpld/quartus-II/top_frdmkw41z_sdk_2.2_i2c_b2b_slave/top.v Line: 132
Info (12128): Elaborating entity "my_uart_tx" for hierarchy "my_uart_tx:my_uart_tx" File: D:/projects/07_source_code/auto_tools/mcu_cpld_prd/Auto_Generator/pycpld/quartus-II/top_frdmkw41z_sdk_2.2_i2c_b2b_slave/top.v Line: 142
Warning (10034): Output port "error" at uart_tx.v(10) has no driver File: D:/projects/07_source_code/auto_tools/mcu_cpld_prd/Auto_Generator/pycpld/quartus-II/top_frdmkw41z_sdk_2.2_i2c_b2b_slave/uart_tx.v Line: 10
Warning (12241): 1 hierarchies have connectivity warnings - see the Connectivity Checks report folder
Warning (13039): The following bidirectional pins have no drivers
    Warning (13040): bidirectional pin "BusA[64]" has no driver File: D:/projects/07_source_code/auto_tools/mcu_cpld_prd/Auto_Generator/pycpld/quartus-II/top_frdmkw41z_sdk_2.2_i2c_b2b_slave/top.v Line: 13
    Warning (13040): bidirectional pin "BusA[65]" has no driver File: D:/projects/07_source_code/auto_tools/mcu_cpld_prd/Auto_Generator/pycpld/quartus-II/top_frdmkw41z_sdk_2.2_i2c_b2b_slave/top.v Line: 13
    Warning (13040): bidirectional pin "BusA[66]" has no driver File: D:/projects/07_source_code/auto_tools/mcu_cpld_prd/Auto_Generator/pycpld/quartus-II/top_frdmkw41z_sdk_2.2_i2c_b2b_slave/top.v Line: 13
Warning (13046): Tri-state node(s) do not directly drive top-level pin(s)
    Warning (13047): Converted the fan-out from the tri-state buffer "subad_scl_slv" to the node "i2c_slave_subad:i2c_slave_subad_instance|i2c_slave_op_subad:i2c_slave_op_subad_inst|scl_regi" into an OR gate File: D:/projects/07_source_code/auto_tools/mcu_cpld_prd/Auto_Generator/pycpld/quartus-II/top_frdmkw41z_sdk_2.2_i2c_b2b_slave/top.v Line: 82
    Warning (13047): Converted the fan-out from the tri-state buffer "i2c_slave_subad:i2c_slave_subad_instance|sda_in" to the node "i2c_slave_subad:i2c_slave_subad_instance|i2c_slave_op_subad:i2c_slave_op_subad_inst|sda_regi" into an OR gate File: D:/projects/07_source_code/auto_tools/mcu_cpld_prd/Auto_Generator/pycpld/quartus-II/top_frdmkw41z_sdk_2.2_i2c_b2b_slave/i2c_slave_subad.v Line: 21
Info (18000): Registers with preset signals will power-up high File: D:/projects/07_source_code/auto_tools/mcu_cpld_prd/Auto_Generator/pycpld/quartus-II/top_frdmkw41z_sdk_2.2_i2c_b2b_slave/uart_rx.v Line: 42
Info (17049): 14 registers lost all their fanouts during netlist optimizations.
Info (21057): Implemented 303 device resources after synthesis - the final resource count might be different
    Info (21058): Implemented 3 input pins
    Info (21059): Implemented 1 output pins
    Info (21060): Implemented 4 bidirectional pins
    Info (21061): Implemented 295 logic cells
Info (144001): Generated suppressed messages file D:/projects/07_source_code/auto_tools/mcu_cpld_prd/Auto_Generator/pycpld/quartus-II/top_frdmkw41z_sdk_2.2_i2c_b2b_slave/top.map.smsg
Info: Quartus Prime Analysis & Synthesis was successful. 0 errors, 29 warnings
    Info: Peak virtual memory: 750 megabytes
    Info: Processing ended: Thu Jul 27 19:14:43 2017
    Info: Elapsed time: 00:00:14
    Info: Total CPU time (on all processors): 00:00:27


+------------------------------------------+
; Analysis & Synthesis Suppressed Messages ;
+------------------------------------------+
The suppressed messages can be found in D:/projects/07_source_code/auto_tools/mcu_cpld_prd/Auto_Generator/pycpld/quartus-II/top_frdmkw41z_sdk_2.2_i2c_b2b_slave/top.map.smsg.


