Analysis & Synthesis report for top
Wed Jul 05 14:44:49 2017
Quartus Prime Version 16.0.1 Build 218 06/01/2016 SJ Lite Edition


---------------------
; Table of Contents ;
---------------------
  1. Legal Notice
  2. Analysis & Synthesis Summary
  3. Analysis & Synthesis Settings
  4. Parallel Compilation
  5. Analysis & Synthesis Source Files Read
  6. Analysis & Synthesis Resource Usage Summary
  7. Analysis & Synthesis Resource Utilization by Entity
  8. State Machine - |top|Current
  9. State Machine - |top|uart_top7to7:uart_top7to7|my_uart_rx7to7:rx_inst|state
 10. Registers Removed During Synthesis
 11. Removed Registers Triggering Further Register Optimizations
 12. General Register Statistics
 13. Inverted Register Statistics
 14. Multiplexer Restructuring Statistics (Restructuring Performed)
 15. Parameter Settings for User Entity Instance: Top-level Entity: |top
 16. Parameter Settings for User Entity Instance: speed_select:speed_select
 17. Parameter Settings for User Entity Instance: uart_top7to7:uart_top7to7
 18. Parameter Settings for User Entity Instance: uart_top7to7:uart_top7to7|my_uart_tx7to7:tx_inst
 19. Parameter Settings for User Entity Instance: uart_top7to7:uart_top7to7|my_uart_rx7to7:rx_inst
 20. Port Connectivity Checks: "my_uart_tx:my_uart_tx"
 21. Port Connectivity Checks: "my_uart_rx:my_uart_rx"
 22. Analysis & Synthesis Messages
 23. Analysis & Synthesis Suppressed Messages



----------------
; Legal Notice ;
----------------
Copyright (C) 1991-2016 Altera Corporation. All rights reserved.
Your use of Altera Corporation's design tools, logic functions 
and other software and tools, and its AMPP partner logic 
functions, and any output files from any of the foregoing 
(including device programming or simulation files), and any 
associated documentation or information are expressly subject 
to the terms and conditions of the Altera Program License 
Subscription Agreement, the Altera Quartus Prime License Agreement,
the Altera MegaCore Function License Agreement, or other 
applicable license agreement, including, without limitation, 
that your use is for the sole purpose of programming logic 
devices manufactured by Altera and sold by Altera or its 
authorized distributors.  Please refer to the applicable 
agreement for further details.



+---------------------------------------------------------------------------+
; Analysis & Synthesis Summary                                              ;
+-----------------------------+---------------------------------------------+
; Analysis & Synthesis Status ; Successful - Wed Jul 05 14:44:49 2017       ;
; Quartus Prime Version       ; 16.0.1 Build 218 06/01/2016 SJ Lite Edition ;
; Revision Name               ; top                                         ;
; Top-level Entity Name       ; top                                         ;
; Family                      ; MAX II                                      ;
; Total logic elements        ; 462                                         ;
; Total pins                  ; 32                                          ;
; Total virtual pins          ; 0                                           ;
; UFM blocks                  ; 0 / 1 ( 0 % )                               ;
+-----------------------------+---------------------------------------------+


+----------------------------------------------------------------------------------------------------------------------+
; Analysis & Synthesis Settings                                                                                        ;
+----------------------------------------------------------------------------+--------------------+--------------------+
; Option                                                                     ; Setting            ; Default Value      ;
+----------------------------------------------------------------------------+--------------------+--------------------+
; Device                                                                     ; EPM570T100C5       ;                    ;
; Top-level entity name                                                      ; top                ; top                ;
; Family name                                                                ; MAX II             ; Cyclone V          ;
; Verilog Show LMF Mapping Messages                                          ; Off                ;                    ;
; Use smart compilation                                                      ; Off                ; Off                ;
; Enable parallel Assembler and TimeQuest Timing Analyzer during compilation ; On                 ; On                 ;
; Enable compact report table                                                ; Off                ; Off                ;
; Restructure Multiplexers                                                   ; Auto               ; Auto               ;
; Create Debugging Nodes for IP Cores                                        ; Off                ; Off                ;
; Preserve fewer node names                                                  ; On                 ; On                 ;
; Disable OpenCore Plus hardware evaluation                                  ; Off                ; Off                ;
; Verilog Version                                                            ; Verilog_2001       ; Verilog_2001       ;
; VHDL Version                                                               ; VHDL_1993          ; VHDL_1993          ;
; State Machine Processing                                                   ; Auto               ; Auto               ;
; Safe State Machine                                                         ; Off                ; Off                ;
; Extract Verilog State Machines                                             ; On                 ; On                 ;
; Extract VHDL State Machines                                                ; On                 ; On                 ;
; Ignore Verilog initial constructs                                          ; Off                ; Off                ;
; Iteration limit for constant Verilog loops                                 ; 5000               ; 5000               ;
; Iteration limit for non-constant Verilog loops                             ; 250                ; 250                ;
; Add Pass-Through Logic to Inferred RAMs                                    ; On                 ; On                 ;
; Infer RAMs from Raw Logic                                                  ; On                 ; On                 ;
; Parallel Synthesis                                                         ; On                 ; On                 ;
; NOT Gate Push-Back                                                         ; On                 ; On                 ;
; Power-Up Don't Care                                                        ; On                 ; On                 ;
; Remove Redundant Logic Cells                                               ; Off                ; Off                ;
; Remove Duplicate Registers                                                 ; On                 ; On                 ;
; Ignore CARRY Buffers                                                       ; Off                ; Off                ;
; Ignore CASCADE Buffers                                                     ; Off                ; Off                ;
; Ignore GLOBAL Buffers                                                      ; Off                ; Off                ;
; Ignore ROW GLOBAL Buffers                                                  ; Off                ; Off                ;
; Ignore LCELL Buffers                                                       ; Off                ; Off                ;
; Ignore SOFT Buffers                                                        ; On                 ; On                 ;
; Limit AHDL Integers to 32 Bits                                             ; Off                ; Off                ;
; Optimization Technique                                                     ; Balanced           ; Balanced           ;
; Carry Chain Length                                                         ; 70                 ; 70                 ;
; Auto Carry Chains                                                          ; On                 ; On                 ;
; Auto Open-Drain Pins                                                       ; On                 ; On                 ;
; Perform WYSIWYG Primitive Resynthesis                                      ; Off                ; Off                ;
; Auto Shift Register Replacement                                            ; Auto               ; Auto               ;
; Allow Shift Register Merging across Hierarchies                            ; Auto               ; Auto               ;
; Auto Clock Enable Replacement                                              ; On                 ; On                 ;
; Allow Synchronous Control Signals                                          ; On                 ; On                 ;
; Force Use of Synchronous Clear Signals                                     ; Off                ; Off                ;
; Auto Resource Sharing                                                      ; Off                ; Off                ;
; Use LogicLock Constraints during Resource Balancing                        ; On                 ; On                 ;
; Ignore translate_off and synthesis_off directives                          ; Off                ; Off                ;
; Report Parameter Settings                                                  ; On                 ; On                 ;
; Report Source Assignments                                                  ; On                 ; On                 ;
; Report Connectivity Checks                                                 ; On                 ; On                 ;
; Ignore Maximum Fan-Out Assignments                                         ; Off                ; Off                ;
; Synchronization Register Chain Length                                      ; 2                  ; 2                  ;
; PowerPlay Power Optimization During Synthesis                              ; Normal compilation ; Normal compilation ;
; HDL message level                                                          ; Level2             ; Level2             ;
; Suppress Register Optimization Related Messages                            ; Off                ; Off                ;
; Number of Removed Registers Reported in Synthesis Report                   ; 5000               ; 5000               ;
; Number of Swept Nodes Reported in Synthesis Report                         ; 5000               ; 5000               ;
; Number of Inverted Registers Reported in Synthesis Report                  ; 100                ; 100                ;
; Clock MUX Protection                                                       ; On                 ; On                 ;
; Block Design Naming                                                        ; Auto               ; Auto               ;
; Synthesis Effort                                                           ; Auto               ; Auto               ;
; Shift Register Replacement - Allow Asynchronous Clear Signal               ; On                 ; On                 ;
; Analysis & Synthesis Message Level                                         ; Medium             ; Medium             ;
; Disable Register Merging Across Hierarchies                                ; Auto               ; Auto               ;
; Synthesis Seed                                                             ; 1                  ; 1                  ;
+----------------------------------------------------------------------------+--------------------+--------------------+


Parallel compilation was disabled, but you have multiple processors available. Enable parallel compilation to reduce compilation time.
+-------------------------------------+
; Parallel Compilation                ;
+----------------------------+--------+
; Processors                 ; Number ;
+----------------------------+--------+
; Number detected on machine ; 4      ;
; Maximum allowed            ; 1      ;
+----------------------------+--------+


+------------------------------------------------------------------------------------------------------------------------------------------------------------------+
; Analysis & Synthesis Source Files Read                                                                                                                           ;
+----------------------------------+-----------------+------------------------+--------------------------------------------------------------------------+---------+
; File Name with User-Entered Path ; Used in Netlist ; File Type              ; File Name with Absolute Path                                             ; Library ;
+----------------------------------+-----------------+------------------------+--------------------------------------------------------------------------+---------+
; top.v                            ; yes             ; User Verilog HDL File  ; C:/CPLD_NEW/mcu_cpld_prd/Auto_Generator/pycpld/output/top/top.v          ;         ;
; uart_rx7to7.v                    ; yes             ; User Verilog HDL File  ; C:/CPLD_NEW/mcu_cpld_prd/Auto_Generator/pycpld/output/top/uart_rx7to7.v  ;         ;
; uart_top7to7.v                   ; yes             ; User Verilog HDL File  ; C:/CPLD_NEW/mcu_cpld_prd/Auto_Generator/pycpld/output/top/uart_top7to7.v ;         ;
; uart_tx7to7.v                    ; yes             ; User Verilog HDL File  ; C:/CPLD_NEW/mcu_cpld_prd/Auto_Generator/pycpld/output/top/uart_tx7to7.v  ;         ;
; data_deal.v                      ; yes             ; User Verilog HDL File  ; C:/CPLD_NEW/mcu_cpld_prd/Auto_Generator/pycpld/output/top/data_deal.v    ;         ;
; spi_ctrl.v                       ; yes             ; User Verilog HDL File  ; C:/CPLD_NEW/mcu_cpld_prd/Auto_Generator/pycpld/output/top/spi_ctrl.v     ;         ;
; spi_master.v                     ; yes             ; User Verilog HDL File  ; C:/CPLD_NEW/mcu_cpld_prd/Auto_Generator/pycpld/output/top/spi_master.v   ;         ;
; speed_select.v                   ; yes             ; User Verilog HDL File  ; C:/CPLD_NEW/mcu_cpld_prd/Auto_Generator/pycpld/output/top/speed_select.v ;         ;
; uart_rx.v                        ; yes             ; User Verilog HDL File  ; C:/CPLD_NEW/mcu_cpld_prd/Auto_Generator/pycpld/output/top/uart_rx.v      ;         ;
; uart_tx.v                        ; yes             ; User Verilog HDL File  ; C:/CPLD_NEW/mcu_cpld_prd/Auto_Generator/pycpld/output/top/uart_tx.v      ;         ;
; check_pin.v                      ; yes             ; User Verilog HDL File  ; C:/CPLD_NEW/mcu_cpld_prd/Auto_Generator/pycpld/output/top/check_pin.v    ;         ;
+----------------------------------+-----------------+------------------------+--------------------------------------------------------------------------+---------+


+-----------------------------------------------------+
; Analysis & Synthesis Resource Usage Summary         ;
+---------------------------------------------+-------+
; Resource                                    ; Usage ;
+---------------------------------------------+-------+
; Total logic elements                        ; 462   ;
;     -- Combinational with no register       ; 173   ;
;     -- Register only                        ; 58    ;
;     -- Combinational with a register        ; 231   ;
;                                             ;       ;
; Logic element usage by number of LUT inputs ;       ;
;     -- 4 input functions                    ; 168   ;
;     -- 3 input functions                    ; 45    ;
;     -- 2 input functions                    ; 176   ;
;     -- 1 input functions                    ; 13    ;
;     -- 0 input functions                    ; 2     ;
;                                             ;       ;
; Logic elements by mode                      ;       ;
;     -- normal mode                          ; 334   ;
;     -- arithmetic mode                      ; 128   ;
;     -- qfbk mode                            ; 0     ;
;     -- register cascade mode                ; 0     ;
;     -- synchronous clear/load mode          ; 73    ;
;     -- asynchronous clear/load mode         ; 280   ;
;                                             ;       ;
; Total registers                             ; 289   ;
; Total logic cells in carry chains           ; 143   ;
; I/O pins                                    ; 32    ;
; Maximum fan-out node                        ; clk   ;
; Maximum fan-out                             ; 212   ;
; Total fan-out                               ; 1992  ;
; Average fan-out                             ; 4.03  ;
+---------------------------------------------+-------+


+----------------------------------------------------------------------------------------------------------------------------------------------------------------------------------------------------------------------------------------------------------------------------------------------+
; Analysis & Synthesis Resource Utilization by Entity                                                                                                                                                                                                                                          ;
+----------------------------------------+-------------+--------------+------------+------+--------------+--------------+-------------------+------------------+-----------------+------------+----------------------------------------------------------------+----------------+--------------+
; Compilation Hierarchy Node             ; Logic Cells ; LC Registers ; UFM Blocks ; Pins ; Virtual Pins ; LUT-Only LCs ; Register-Only LCs ; LUT/Register LCs ; Carry Chain LCs ; Packed LCs ; Full Hierarchy Name                                            ; Entity Name    ; Library Name ;
+----------------------------------------+-------------+--------------+------------+------+--------------+--------------+-------------------+------------------+-----------------+------------+----------------------------------------------------------------+----------------+--------------+
; |top                                   ; 462 (94)    ; 289          ; 0          ; 32   ; 0            ; 173 (33)     ; 58 (25)           ; 231 (36)         ; 143 (0)         ; 0 (0)      ; |top                                                           ; top            ; work         ;
;    |check_pin:check_pin_instance|      ; 31 (31)     ; 24           ; 0          ; 0    ; 0            ; 7 (7)        ; 1 (1)             ; 23 (23)          ; 16 (16)         ; 0 (0)      ; |top|check_pin:check_pin_instance                              ; check_pin      ; work         ;
;    |my_uart_rx:my_uart_rx|             ; 36 (36)     ; 22           ; 0          ; 0    ; 0            ; 14 (14)      ; 8 (8)             ; 14 (14)          ; 0 (0)           ; 0 (0)      ; |top|my_uart_rx:my_uart_rx                                     ; my_uart_rx     ; work         ;
;    |my_uart_tx:my_uart_tx|             ; 17 (17)     ; 11           ; 0          ; 0    ; 0            ; 6 (6)        ; 3 (3)             ; 8 (8)            ; 0 (0)           ; 0 (0)      ; |top|my_uart_tx:my_uart_tx                                     ; my_uart_tx     ; work         ;
;    |speed_select:speed_select|         ; 44 (44)     ; 28           ; 0          ; 0    ; 0            ; 16 (16)      ; 0 (0)             ; 28 (28)          ; 26 (26)         ; 0 (0)      ; |top|speed_select:speed_select                                 ; speed_select   ; work         ;
;    |spi_ctrl:spi_ctrl_instance|        ; 88 (23)     ; 59           ; 0          ; 0    ; 0            ; 29 (4)       ; 0 (0)             ; 59 (19)          ; 43 (15)         ; 0 (0)      ; |top|spi_ctrl:spi_ctrl_instance                                ; spi_ctrl       ; work         ;
;       |spi_master:spi_master_instance| ; 65 (65)     ; 40           ; 0          ; 0    ; 0            ; 25 (25)      ; 0 (0)             ; 40 (40)          ; 28 (28)         ; 0 (0)      ; |top|spi_ctrl:spi_ctrl_instance|spi_master:spi_master_instance ; spi_master     ; work         ;
;    |uart_top7to7:uart_top7to7|         ; 152 (29)    ; 84           ; 0          ; 0    ; 0            ; 68 (14)      ; 21 (13)           ; 63 (2)           ; 58 (14)         ; 0 (0)      ; |top|uart_top7to7:uart_top7to7                                 ; uart_top7to7   ; work         ;
;       |data_deal:data_deal|            ; 33 (33)     ; 20           ; 0          ; 0    ; 0            ; 13 (13)      ; 0 (0)             ; 20 (20)          ; 13 (13)         ; 0 (0)      ; |top|uart_top7to7:uart_top7to7|data_deal:data_deal             ; data_deal      ; work         ;
;       |my_uart_rx7to7:rx_inst|         ; 40 (40)     ; 28           ; 0          ; 0    ; 0            ; 12 (12)      ; 1 (1)             ; 27 (27)          ; 18 (18)         ; 0 (0)      ; |top|uart_top7to7:uart_top7to7|my_uart_rx7to7:rx_inst          ; my_uart_rx7to7 ; work         ;
;       |my_uart_tx7to7:tx_inst|         ; 50 (50)     ; 21           ; 0          ; 0    ; 0            ; 29 (29)      ; 7 (7)             ; 14 (14)          ; 13 (13)         ; 0 (0)      ; |top|uart_top7to7:uart_top7to7|my_uart_tx7to7:tx_inst          ; my_uart_tx7to7 ; work         ;
+----------------------------------------+-------------+--------------+------------+------+--------------+--------------+-------------------+------------------+-----------------+------------+----------------------------------------------------------------+----------------+--------------+
Note: For table entries with two numbers listed, the numbers in parentheses indicate the number of resources of the given type used by the specific entity alone. The numbers listed outside of parentheses indicate the total resources of the given type used by the specific entity and all of its sub-entities in the hierarchy.


Encoding Type:  One-Hot
+------------------------------------------------------------------------+
; State Machine - |top|Current                                           ;
+--------------+--------------+--------------+--------------+------------+
; Name         ; Current.IDLE ; Current.SAVE ; Current.WAIT ; Current.S1 ;
+--------------+--------------+--------------+--------------+------------+
; Current.IDLE ; 0            ; 0            ; 0            ; 0          ;
; Current.S1   ; 1            ; 0            ; 0            ; 1          ;
; Current.WAIT ; 1            ; 0            ; 1            ; 0          ;
; Current.SAVE ; 1            ; 1            ; 0            ; 0          ;
+--------------+--------------+--------------+--------------+------------+


Encoding Type:  One-Hot
+-----------------------------------------------------------------------------+
; State Machine - |top|uart_top7to7:uart_top7to7|my_uart_rx7to7:rx_inst|state ;
+------------+----------------------------------------------------------------+
; Name       ; state.TRAN                                                     ;
+------------+----------------------------------------------------------------+
; state.IDLE ; 0                                                              ;
; state.TRAN ; 1                                                              ;
+------------+----------------------------------------------------------------+


+--------------------------------------------------------------------------------------------------------------------------------------------------------+
; Registers Removed During Synthesis                                                                                                                     ;
+-----------------------------------------------------------------------------+--------------------------------------------------------------------------+
; Register name                                                               ; Reason for Removal                                                       ;
+-----------------------------------------------------------------------------+--------------------------------------------------------------------------+
; check_pin:check_pin_instance|tx_data[7]~reg0                                ; Stuck at GND due to stuck port data_in                                   ;
; check_pin:check_pin_instance|tx_data[6]~reg0                                ; Stuck at VCC due to stuck port data_in                                   ;
; check_pin:check_pin_instance|tx_data[5]~reg0                                ; Stuck at VCC due to stuck port data_in                                   ;
; speed_select:speed_select|bps_para[9..12]                                   ; Stuck at GND due to stuck port data_in                                   ;
; speed_select:speed_select|bps_para[7,8]                                     ; Stuck at VCC due to stuck port data_in                                   ;
; speed_select:speed_select|bps_para[6]                                       ; Stuck at GND due to stuck port data_in                                   ;
; speed_select:speed_select|bps_para[4,5]                                     ; Stuck at VCC due to stuck port data_in                                   ;
; speed_select:speed_select|bps_para[2,3]                                     ; Stuck at GND due to stuck port data_in                                   ;
; speed_select:speed_select|bps_para[1]                                       ; Stuck at VCC due to stuck port data_in                                   ;
; speed_select:speed_select|bps_para[0]                                       ; Stuck at GND due to stuck port data_in                                   ;
; speed_select:speed_select|bps_para_2[8..12]                                 ; Stuck at GND due to stuck port data_in                                   ;
; speed_select:speed_select|bps_para_2[6,7]                                   ; Stuck at VCC due to stuck port data_in                                   ;
; speed_select:speed_select|bps_para_2[5]                                     ; Stuck at GND due to stuck port data_in                                   ;
; speed_select:speed_select|bps_para_2[3,4]                                   ; Stuck at VCC due to stuck port data_in                                   ;
; speed_select:speed_select|bps_para_2[1,2]                                   ; Stuck at GND due to stuck port data_in                                   ;
; speed_select:speed_select|bps_para_2[0]                                     ; Stuck at VCC due to stuck port data_in                                   ;
; check_pin:check_pin_instance|tx_data[0]~en                                  ; Lost fanout                                                              ;
; check_pin:check_pin_instance|tx_data[1]~en                                  ; Lost fanout                                                              ;
; check_pin:check_pin_instance|tx_data[2]~en                                  ; Lost fanout                                                              ;
; check_pin:check_pin_instance|tx_data[3]~en                                  ; Lost fanout                                                              ;
; check_pin:check_pin_instance|tx_data[4]~en                                  ; Lost fanout                                                              ;
; check_pin:check_pin_instance|tx_data[5]~en                                  ; Lost fanout                                                              ;
; check_pin:check_pin_instance|tx_data[6]~en                                  ; Lost fanout                                                              ;
; check_pin:check_pin_instance|tx_data[7]~en                                  ; Lost fanout                                                              ;
; my_uart_tx:my_uart_tx|tx_data_reg[0]~en                                     ; Lost fanout                                                              ;
; my_uart_tx:my_uart_tx|tx_data_reg[7]                                        ; Stuck at GND due to stuck port data_in                                   ;
; my_uart_tx:my_uart_tx|tx_data_reg[5,6]                                      ; Stuck at VCC due to stuck port data_in                                   ;
; my_uart_tx:my_uart_tx|tx_data_reg[1]~en                                     ; Lost fanout                                                              ;
; my_uart_tx:my_uart_tx|tx_data_reg[2]~en                                     ; Lost fanout                                                              ;
; my_uart_tx:my_uart_tx|tx_data_reg[3]~en                                     ; Lost fanout                                                              ;
; my_uart_tx:my_uart_tx|tx_data_reg[4]~en                                     ; Lost fanout                                                              ;
; my_uart_tx:my_uart_tx|tx_data_reg[5]~en                                     ; Lost fanout                                                              ;
; my_uart_tx:my_uart_tx|tx_data_reg[6]~en                                     ; Lost fanout                                                              ;
; my_uart_tx:my_uart_tx|tx_data_reg[7]~en                                     ; Lost fanout                                                              ;
; mode_select                                                                 ; Stuck at GND due to stuck port data_in                                   ;
; uart_speed_set_7bit[2]                                                      ; Stuck at VCC due to stuck port data_in                                   ;
; uart_speed_set_7bit[0,1]                                                    ; Stuck at GND due to stuck port data_in                                   ;
; spi_ctrl:spi_ctrl_instance|spi_master:spi_master_instance|spi_mosir1        ; Lost fanout                                                              ;
; spi_ctrl:spi_ctrl_instance|spi_master:spi_master_instance|spi_rx_dbr1[0..7] ; Lost fanout                                                              ;
; spi_rx_en                                                                   ; Merged with spi_rst                                                      ;
; spi_tx_en                                                                   ; Merged with spi_rst                                                      ;
; check_pin:check_pin_instance|tx_data[3]~reg0                                ; Stuck at GND due to stuck port data_in                                   ;
; check_pin:check_pin_instance|tx_data[2]~reg0                                ; Stuck at GND due to stuck port data_in                                   ;
; my_uart_tx:my_uart_tx|tx_data_reg[2,3]                                      ; Stuck at GND due to stuck port data_in                                   ;
; uart_top7to7:uart_top7to7|my_uart_rx7to7:rx_inst|state~6                    ; Lost fanout                                                              ;
; uart_top7to7:uart_top7to7|my_uart_rx7to7:rx_inst|sign_sel                   ; Merged with uart_top7to7:uart_top7to7|my_uart_rx7to7:rx_inst|tran_cnt[0] ;
; check_pin:check_pin_instance|tx_count[2,3]                                  ; Stuck at GND due to stuck port data_in                                   ;
; Total Number of Removed Registers = 71                                      ;                                                                          ;
+-----------------------------------------------------------------------------+--------------------------------------------------------------------------+


+--------------------------------------------------------------------------------------------------------------------------------------------------------------+
; Removed Registers Triggering Further Register Optimizations                                                                                                  ;
+----------------------------------------------+---------------------------+-----------------------------------------------------------------------------------+
; Register name                                ; Reason for Removal        ; Registers Removed due to This Register                                            ;
+----------------------------------------------+---------------------------+-----------------------------------------------------------------------------------+
; mode_select                                  ; Stuck at GND              ; spi_ctrl:spi_ctrl_instance|spi_master:spi_master_instance|spi_mosir1,             ;
;                                              ; due to stuck port data_in ; spi_ctrl:spi_ctrl_instance|spi_master:spi_master_instance|spi_rx_dbr1[7],         ;
;                                              ;                           ; spi_ctrl:spi_ctrl_instance|spi_master:spi_master_instance|spi_rx_dbr1[6],         ;
;                                              ;                           ; spi_ctrl:spi_ctrl_instance|spi_master:spi_master_instance|spi_rx_dbr1[5],         ;
;                                              ;                           ; spi_ctrl:spi_ctrl_instance|spi_master:spi_master_instance|spi_rx_dbr1[4],         ;
;                                              ;                           ; spi_ctrl:spi_ctrl_instance|spi_master:spi_master_instance|spi_rx_dbr1[3],         ;
;                                              ;                           ; spi_ctrl:spi_ctrl_instance|spi_master:spi_master_instance|spi_rx_dbr1[2],         ;
;                                              ;                           ; spi_ctrl:spi_ctrl_instance|spi_master:spi_master_instance|spi_rx_dbr1[1],         ;
;                                              ;                           ; spi_ctrl:spi_ctrl_instance|spi_master:spi_master_instance|spi_rx_dbr1[0]          ;
; check_pin:check_pin_instance|tx_data[7]~reg0 ; Stuck at GND              ; check_pin:check_pin_instance|tx_data[7]~en, my_uart_tx:my_uart_tx|tx_data_reg[7], ;
;                                              ; due to stuck port data_in ; my_uart_tx:my_uart_tx|tx_data_reg[7]~en                                           ;
; check_pin:check_pin_instance|tx_data[6]~reg0 ; Stuck at VCC              ; check_pin:check_pin_instance|tx_data[6]~en, my_uart_tx:my_uart_tx|tx_data_reg[6], ;
;                                              ; due to stuck port data_in ; my_uart_tx:my_uart_tx|tx_data_reg[6]~en                                           ;
; check_pin:check_pin_instance|tx_data[5]~reg0 ; Stuck at VCC              ; check_pin:check_pin_instance|tx_data[5]~en, my_uart_tx:my_uart_tx|tx_data_reg[5], ;
;                                              ; due to stuck port data_in ; my_uart_tx:my_uart_tx|tx_data_reg[5]~en                                           ;
; check_pin:check_pin_instance|tx_data[3]~reg0 ; Stuck at GND              ; my_uart_tx:my_uart_tx|tx_data_reg[3]                                              ;
;                                              ; due to stuck port data_in ;                                                                                   ;
; check_pin:check_pin_instance|tx_data[2]~reg0 ; Stuck at GND              ; my_uart_tx:my_uart_tx|tx_data_reg[2]                                              ;
;                                              ; due to stuck port data_in ;                                                                                   ;
; check_pin:check_pin_instance|tx_count[3]     ; Stuck at GND              ; check_pin:check_pin_instance|tx_count[2]                                          ;
;                                              ; due to stuck port data_in ;                                                                                   ;
+----------------------------------------------+---------------------------+-----------------------------------------------------------------------------------+


+------------------------------------------------------+
; General Register Statistics                          ;
+----------------------------------------------+-------+
; Statistic                                    ; Value ;
+----------------------------------------------+-------+
; Total registers                              ; 289   ;
; Number of registers using Synchronous Clear  ; 73    ;
; Number of registers using Synchronous Load   ; 0     ;
; Number of registers using Asynchronous Clear ; 280   ;
; Number of registers using Asynchronous Load  ; 0     ;
; Number of registers using Clock Enable       ; 109   ;
; Number of registers using Preset             ; 0     ;
+----------------------------------------------+-------+


+-----------------------------------------------------------------------------------+
; Inverted Register Statistics                                                      ;
+-------------------------------------------------------------------------+---------+
; Inverted Register                                                       ; Fan out ;
+-------------------------------------------------------------------------+---------+
; uart_top7to7:uart_top7to7|my_uart_tx7to7:tx_inst|rs_tx                  ; 1       ;
; spi_ctrl:spi_ctrl_instance|cs_n                                         ; 1       ;
; spi_ctrl:spi_ctrl_instance|spi_master:spi_master_instance|spi_mosir     ; 1       ;
; uart_top7to7:uart_top7to7|my_uart_tx7to7:tx_inst|tran_cnt[3]            ; 4       ;
; spi_ctrl:spi_ctrl_instance|spi_master:spi_master_instance|spi_rx_dbr[0] ; 2       ;
; spi_ctrl:spi_ctrl_instance|spi_master:spi_master_instance|spi_rx_dbr[1] ; 2       ;
; spi_ctrl:spi_ctrl_instance|spi_master:spi_master_instance|spi_rx_dbr[2] ; 2       ;
; spi_ctrl:spi_ctrl_instance|spi_master:spi_master_instance|spi_rx_dbr[3] ; 2       ;
; spi_ctrl:spi_ctrl_instance|spi_master:spi_master_instance|spi_rx_dbr[6] ; 2       ;
; spi_ctrl:spi_ctrl_instance|spi_master:spi_master_instance|spi_rx_dbr[7] ; 2       ;
; spi_ctrl:spi_ctrl_instance|spi_master:spi_master_instance|spi_rx_dbr[5] ; 2       ;
; spi_ctrl:spi_ctrl_instance|spi_master:spi_master_instance|spi_rx_dbr[4] ; 2       ;
; my_uart_rx:my_uart_rx|rx_complete_reg                                   ; 2       ;
; check_pin:check_pin_instance|tx_start                                   ; 2       ;
; my_uart_tx:my_uart_tx|tx_complete_reg                                   ; 5       ;
; Total number of inverted registers = 15                                 ;         ;
+-------------------------------------------------------------------------+---------+


+--------------------------------------------------------------------------------------------------------------------------------------------------------------------------------------+
; Multiplexer Restructuring Statistics (Restructuring Performed)                                                                                                                       ;
+--------------------+-----------+---------------+----------------------+------------------------+------------+------------------------------------------------------------------------+
; Multiplexer Inputs ; Bus Width ; Baseline Area ; Area if Restructured ; Saving if Restructured ; Registered ; Example Multiplexer Output                                             ;
+--------------------+-----------+---------------+----------------------+------------------------+------------+------------------------------------------------------------------------+
; 3:1                ; 6 bits    ; 12 LEs        ; 6 LEs                ; 6 LEs                  ; Yes        ; |top|uart_top7to7:uart_top7to7|my_uart_rx7to7:rx_inst|tran_cnt[0]      ;
; 3:1                ; 13 bits   ; 26 LEs        ; 13 LEs               ; 13 LEs                 ; Yes        ; |top|uart_top7to7:uart_top7to7|my_uart_rx7to7:rx_inst|cnt[11]          ;
; 3:1                ; 3 bits    ; 6 LEs         ; 3 LEs                ; 3 LEs                  ; Yes        ; |top|uart_top7to7:uart_top7to7|my_uart_tx7to7:tx_inst|tran_cnt[0]      ;
; 3:1                ; 5 bits    ; 10 LEs        ; 5 LEs                ; 5 LEs                  ; Yes        ; |top|spi_ctrl:spi_ctrl_instance|spi_master:spi_master_instance|cnt8[2] ;
+--------------------+-----------+---------------+----------------------+------------------------+------------+------------------------------------------------------------------------+


+---------------------------------------------------------------------+
; Parameter Settings for User Entity Instance: Top-level Entity: |top ;
+----------------+----------+-----------------------------------------+
; Parameter Name ; Value    ; Type                                    ;
+----------------+----------+-----------------------------------------+
; IDLE           ; 000      ; Unsigned Binary                         ;
; S1             ; 001      ; Unsigned Binary                         ;
; WAIT           ; 010      ; Unsigned Binary                         ;
; SAVE           ; 100      ; Unsigned Binary                         ;
; A              ; 01000001 ; Unsigned Binary                         ;
; B              ; 01000010 ; Unsigned Binary                         ;
; C              ; 01000011 ; Unsigned Binary                         ;
; D              ; 01000100 ; Unsigned Binary                         ;
; E              ; 01000101 ; Unsigned Binary                         ;
; F              ; 01000110 ; Unsigned Binary                         ;
; G              ; 01000111 ; Unsigned Binary                         ;
; H              ; 01001000 ; Unsigned Binary                         ;
; I              ; 01001001 ; Unsigned Binary                         ;
; J              ; 01001010 ; Unsigned Binary                         ;
; K              ; 01001011 ; Unsigned Binary                         ;
; L              ; 01001100 ; Unsigned Binary                         ;
; M              ; 01001101 ; Unsigned Binary                         ;
; N              ; 01001110 ; Unsigned Binary                         ;
; O              ; 01001111 ; Unsigned Binary                         ;
; P              ; 01010000 ; Unsigned Binary                         ;
; Q              ; 01010001 ; Unsigned Binary                         ;
; R              ; 01010010 ; Unsigned Binary                         ;
; S              ; 01010011 ; Unsigned Binary                         ;
; T              ; 01010100 ; Unsigned Binary                         ;
; U              ; 01010101 ; Unsigned Binary                         ;
; V              ; 01010110 ; Unsigned Binary                         ;
; W              ; 01010111 ; Unsigned Binary                         ;
; X              ; 01011000 ; Unsigned Binary                         ;
; Y              ; 01011001 ; Unsigned Binary                         ;
; Z              ; 01011010 ; Unsigned Binary                         ;
; Z0             ; 00110000 ; Unsigned Binary                         ;
; I1             ; 00110001 ; Unsigned Binary                         ;
; II             ; 00110010 ; Unsigned Binary                         ;
; III            ; 00110011 ; Unsigned Binary                         ;
; IV             ; 00110100 ; Unsigned Binary                         ;
; V5             ; 00110101 ; Unsigned Binary                         ;
; VI             ; 00110110 ; Unsigned Binary                         ;
; VII            ; 00110111 ; Unsigned Binary                         ;
; VIII           ; 00111000 ; Unsigned Binary                         ;
; VIIII          ; 00111001 ; Unsigned Binary                         ;
+----------------+----------+-----------------------------------------+
Note: In order to hide this table in the UI and the text report file, please set the "Show Parameter Settings in Synthesis Report" option in "Analysis and Synthesis Settings -> More Settings" to "Off".


+------------------------------------------------------------------------+
; Parameter Settings for User Entity Instance: speed_select:speed_select ;
+----------------+-------+-----------------------------------------------+
; Parameter Name ; Value ; Type                                          ;
+----------------+-------+-----------------------------------------------+
; bps9600        ; 5208  ; Signed Integer                                ;
; bps19200       ; 2603  ; Signed Integer                                ;
; bps38400       ; 1301  ; Signed Integer                                ;
; bps57600       ; 867   ; Signed Integer                                ;
; bps115200      ; 434   ; Signed Integer                                ;
; bps256000      ; 195   ; Signed Integer                                ;
; bps9600_2      ; 2604  ; Signed Integer                                ;
; bps19200_2     ; 1301  ; Signed Integer                                ;
; bps38400_2     ; 650   ; Signed Integer                                ;
; bps57600_2     ; 433   ; Signed Integer                                ;
; bps115200_2    ; 217   ; Signed Integer                                ;
; bps256000_2    ; 97    ; Signed Integer                                ;
+----------------+-------+-----------------------------------------------+
Note: In order to hide this table in the UI and the text report file, please set the "Show Parameter Settings in Synthesis Report" option in "Analysis and Synthesis Settings -> More Settings" to "Off".


+------------------------------------------------------------------------+
; Parameter Settings for User Entity Instance: uart_top7to7:uart_top7to7 ;
+----------------+-------+-----------------------------------------------+
; Parameter Name ; Value ; Type                                          ;
+----------------+-------+-----------------------------------------------+
; DELAY_N        ; 15    ; Signed Integer                                ;
+----------------+-------+-----------------------------------------------+
Note: In order to hide this table in the UI and the text report file, please set the "Show Parameter Settings in Synthesis Report" option in "Analysis and Synthesis Settings -> More Settings" to "Off".


+-----------------------------------------------------------------------------------------------+
; Parameter Settings for User Entity Instance: uart_top7to7:uart_top7to7|my_uart_tx7to7:tx_inst ;
+----------------+---------------+--------------------------------------------------------------+
; Parameter Name ; Value         ; Type                                                         ;
+----------------+---------------+--------------------------------------------------------------+
; bps9600        ; 1010001011000 ; Unsigned Binary                                              ;
; bps19200       ; 0101000101011 ; Unsigned Binary                                              ;
; bps38400       ; 0010100010101 ; Unsigned Binary                                              ;
; bps57600       ; 0001101100011 ; Unsigned Binary                                              ;
; bps115200      ; 0000110110010 ; Unsigned Binary                                              ;
; bps256000      ; 0000011000011 ; Unsigned Binary                                              ;
+----------------+---------------+--------------------------------------------------------------+
Note: In order to hide this table in the UI and the text report file, please set the "Show Parameter Settings in Synthesis Report" option in "Analysis and Synthesis Settings -> More Settings" to "Off".


+-----------------------------------------------------------------------------------------------+
; Parameter Settings for User Entity Instance: uart_top7to7:uart_top7to7|my_uart_rx7to7:rx_inst ;
+----------------+---------------+--------------------------------------------------------------+
; Parameter Name ; Value         ; Type                                                         ;
+----------------+---------------+--------------------------------------------------------------+
; bps9600_2      ; 0101000101100 ; Unsigned Binary                                              ;
; bps19200_2     ; 0010100010101 ; Unsigned Binary                                              ;
; bps38400_2     ; 0001010001010 ; Unsigned Binary                                              ;
; bps57600_2     ; 0000110110001 ; Unsigned Binary                                              ;
; bps115200_2    ; 0000011011001 ; Unsigned Binary                                              ;
; bps256000_2    ; 0000001100001 ; Unsigned Binary                                              ;
; IDLE           ; 01            ; Unsigned Binary                                              ;
; TRAN           ; 10            ; Unsigned Binary                                              ;
+----------------+---------------+--------------------------------------------------------------+
Note: In order to hide this table in the UI and the text report file, please set the "Show Parameter Settings in Synthesis Report" option in "Analysis and Synthesis Settings -> More Settings" to "Off".


+-----------------------------------------------------------------------------------------------------------------+
; Port Connectivity Checks: "my_uart_tx:my_uart_tx"                                                               ;
+-------+--------+----------+-------------------------------------------------------------------------------------+
; Port  ; Type   ; Severity ; Details                                                                             ;
+-------+--------+----------+-------------------------------------------------------------------------------------+
; error ; Output ; Info     ; Connected to dangling logic. Logic that only feeds a dangling port will be removed. ;
+-------+--------+----------+-------------------------------------------------------------------------------------+


+-----------------------------------------------------------------------------------------------------------------------+
; Port Connectivity Checks: "my_uart_rx:my_uart_rx"                                                                     ;
+-------------+--------+----------+-------------------------------------------------------------------------------------+
; Port        ; Type   ; Severity ; Details                                                                             ;
+-------------+--------+----------+-------------------------------------------------------------------------------------+
; rx_complete ; Output ; Info     ; Connected to dangling logic. Logic that only feeds a dangling port will be removed. ;
; rx_error    ; Output ; Info     ; Connected to dangling logic. Logic that only feeds a dangling port will be removed. ;
+-------------+--------+----------+-------------------------------------------------------------------------------------+


+-------------------------------+
; Analysis & Synthesis Messages ;
+-------------------------------+
Info: *******************************************************************
Info: Running Quartus Prime Analysis & Synthesis
    Info: Version 16.0.1 Build 218 06/01/2016 SJ Lite Edition
    Info: Processing started: Wed Jul 05 14:44:38 2017
Info: Command: quartus_map --read_settings_files=on --write_settings_files=off top -c top
Warning (20028): Parallel compilation is not licensed and has been disabled
Info (12021): Found 1 design units, including 1 entities, in source file top.v
    Info (12023): Found entity 1: top File: C:/CPLD_NEW/mcu_cpld_prd/Auto_Generator/pycpld/output/top/top.v Line: 4
Info (12021): Found 1 design units, including 1 entities, in source file uart_rx7to7.v
    Info (12023): Found entity 1: my_uart_rx7to7 File: C:/CPLD_NEW/mcu_cpld_prd/Auto_Generator/pycpld/output/top/uart_rx7to7.v Line: 21
Info (12021): Found 1 design units, including 1 entities, in source file uart_top7to7.v
    Info (12023): Found entity 1: uart_top7to7 File: C:/CPLD_NEW/mcu_cpld_prd/Auto_Generator/pycpld/output/top/uart_top7to7.v Line: 21
Info (12021): Found 1 design units, including 1 entities, in source file uart_tx7to7.v
    Info (12023): Found entity 1: my_uart_tx7to7 File: C:/CPLD_NEW/mcu_cpld_prd/Auto_Generator/pycpld/output/top/uart_tx7to7.v Line: 21
Info (12021): Found 1 design units, including 1 entities, in source file data_deal.v
    Info (12023): Found entity 1: data_deal File: C:/CPLD_NEW/mcu_cpld_prd/Auto_Generator/pycpld/output/top/data_deal.v Line: 21
Info (12021): Found 1 design units, including 1 entities, in source file spi_ctrl.v
    Info (12023): Found entity 1: spi_ctrl File: C:/CPLD_NEW/mcu_cpld_prd/Auto_Generator/pycpld/output/top/spi_ctrl.v Line: 1
Info (12021): Found 1 design units, including 1 entities, in source file spi_master.v
    Info (12023): Found entity 1: spi_master File: C:/CPLD_NEW/mcu_cpld_prd/Auto_Generator/pycpld/output/top/spi_master.v Line: 7
Info (12021): Found 1 design units, including 1 entities, in source file speed_select.v
    Info (12023): Found entity 1: speed_select File: C:/CPLD_NEW/mcu_cpld_prd/Auto_Generator/pycpld/output/top/speed_select.v Line: 1
Info (12021): Found 1 design units, including 1 entities, in source file uart_rx.v
    Info (12023): Found entity 1: my_uart_rx File: C:/CPLD_NEW/mcu_cpld_prd/Auto_Generator/pycpld/output/top/uart_rx.v Line: 1
Info (12021): Found 1 design units, including 1 entities, in source file uart_tx.v
    Info (12023): Found entity 1: my_uart_tx File: C:/CPLD_NEW/mcu_cpld_prd/Auto_Generator/pycpld/output/top/uart_tx.v Line: 1
Info (12021): Found 1 design units, including 1 entities, in source file check_pin.v
    Info (12023): Found entity 1: check_pin File: C:/CPLD_NEW/mcu_cpld_prd/Auto_Generator/pycpld/output/top/check_pin.v Line: 7
Warning (10236): Verilog HDL Implicit Net warning at top.v(160): created implicit net for "rs232_tx" File: C:/CPLD_NEW/mcu_cpld_prd/Auto_Generator/pycpld/output/top/top.v Line: 160
Info (12127): Elaborating entity "top" for the top level hierarchy
Warning (10036): Verilog HDL or VHDL warning at top.v(107): object "linkBIM" assigned a value but never read File: C:/CPLD_NEW/mcu_cpld_prd/Auto_Generator/pycpld/output/top/top.v Line: 107
Warning (10036): Verilog HDL or VHDL warning at top.v(119): object "enable_uart7bit" assigned a value but never read File: C:/CPLD_NEW/mcu_cpld_prd/Auto_Generator/pycpld/output/top/top.v Line: 119
Info (10264): Verilog HDL Case Statement information at top.v(221): all case item expressions in this case statement are onehot File: C:/CPLD_NEW/mcu_cpld_prd/Auto_Generator/pycpld/output/top/top.v Line: 221
Warning (10230): Verilog HDL assignment warning at top.v(268): truncated value with size 32 to match size of target (24) File: C:/CPLD_NEW/mcu_cpld_prd/Auto_Generator/pycpld/output/top/top.v Line: 268
Info (12128): Elaborating entity "speed_select" for hierarchy "speed_select:speed_select" File: C:/CPLD_NEW/mcu_cpld_prd/Auto_Generator/pycpld/output/top/top.v Line: 143
Warning (10230): Verilog HDL assignment warning at speed_select.v(40): truncated value with size 32 to match size of target (13) File: C:/CPLD_NEW/mcu_cpld_prd/Auto_Generator/pycpld/output/top/speed_select.v Line: 40
Warning (10230): Verilog HDL assignment warning at speed_select.v(41): truncated value with size 32 to match size of target (13) File: C:/CPLD_NEW/mcu_cpld_prd/Auto_Generator/pycpld/output/top/speed_select.v Line: 41
Warning (10230): Verilog HDL assignment warning at speed_select.v(44): truncated value with size 32 to match size of target (13) File: C:/CPLD_NEW/mcu_cpld_prd/Auto_Generator/pycpld/output/top/speed_select.v Line: 44
Warning (10230): Verilog HDL assignment warning at speed_select.v(45): truncated value with size 32 to match size of target (13) File: C:/CPLD_NEW/mcu_cpld_prd/Auto_Generator/pycpld/output/top/speed_select.v Line: 45
Warning (10230): Verilog HDL assignment warning at speed_select.v(48): truncated value with size 32 to match size of target (13) File: C:/CPLD_NEW/mcu_cpld_prd/Auto_Generator/pycpld/output/top/speed_select.v Line: 48
Warning (10230): Verilog HDL assignment warning at speed_select.v(49): truncated value with size 32 to match size of target (13) File: C:/CPLD_NEW/mcu_cpld_prd/Auto_Generator/pycpld/output/top/speed_select.v Line: 49
Warning (10230): Verilog HDL assignment warning at speed_select.v(52): truncated value with size 32 to match size of target (13) File: C:/CPLD_NEW/mcu_cpld_prd/Auto_Generator/pycpld/output/top/speed_select.v Line: 52
Warning (10230): Verilog HDL assignment warning at speed_select.v(53): truncated value with size 32 to match size of target (13) File: C:/CPLD_NEW/mcu_cpld_prd/Auto_Generator/pycpld/output/top/speed_select.v Line: 53
Warning (10230): Verilog HDL assignment warning at speed_select.v(56): truncated value with size 32 to match size of target (13) File: C:/CPLD_NEW/mcu_cpld_prd/Auto_Generator/pycpld/output/top/speed_select.v Line: 56
Warning (10230): Verilog HDL assignment warning at speed_select.v(57): truncated value with size 32 to match size of target (13) File: C:/CPLD_NEW/mcu_cpld_prd/Auto_Generator/pycpld/output/top/speed_select.v Line: 57
Warning (10230): Verilog HDL assignment warning at speed_select.v(60): truncated value with size 32 to match size of target (13) File: C:/CPLD_NEW/mcu_cpld_prd/Auto_Generator/pycpld/output/top/speed_select.v Line: 60
Warning (10230): Verilog HDL assignment warning at speed_select.v(61): truncated value with size 32 to match size of target (13) File: C:/CPLD_NEW/mcu_cpld_prd/Auto_Generator/pycpld/output/top/speed_select.v Line: 61
Warning (10240): Verilog HDL Always Construct warning at speed_select.v(31): inferring latch(es) for variable "uart_ctrl", which holds its previous value in one or more paths through the always construct File: C:/CPLD_NEW/mcu_cpld_prd/Auto_Generator/pycpld/output/top/speed_select.v Line: 31
Info (10041): Inferred latch for "uart_ctrl.101" at speed_select.v(31) File: C:/CPLD_NEW/mcu_cpld_prd/Auto_Generator/pycpld/output/top/speed_select.v Line: 31
Info (10041): Inferred latch for "uart_ctrl.100" at speed_select.v(31) File: C:/CPLD_NEW/mcu_cpld_prd/Auto_Generator/pycpld/output/top/speed_select.v Line: 31
Info (10041): Inferred latch for "uart_ctrl.011" at speed_select.v(31) File: C:/CPLD_NEW/mcu_cpld_prd/Auto_Generator/pycpld/output/top/speed_select.v Line: 31
Info (10041): Inferred latch for "uart_ctrl.010" at speed_select.v(31) File: C:/CPLD_NEW/mcu_cpld_prd/Auto_Generator/pycpld/output/top/speed_select.v Line: 31
Info (10041): Inferred latch for "uart_ctrl.001" at speed_select.v(31) File: C:/CPLD_NEW/mcu_cpld_prd/Auto_Generator/pycpld/output/top/speed_select.v Line: 31
Info (10041): Inferred latch for "uart_ctrl.000" at speed_select.v(31) File: C:/CPLD_NEW/mcu_cpld_prd/Auto_Generator/pycpld/output/top/speed_select.v Line: 31
Info (12128): Elaborating entity "my_uart_rx" for hierarchy "my_uart_rx:my_uart_rx" File: C:/CPLD_NEW/mcu_cpld_prd/Auto_Generator/pycpld/output/top/top.v Line: 152
Info (12128): Elaborating entity "my_uart_tx" for hierarchy "my_uart_tx:my_uart_tx" File: C:/CPLD_NEW/mcu_cpld_prd/Auto_Generator/pycpld/output/top/top.v Line: 162
Warning (10034): Output port "error" at uart_tx.v(10) has no driver File: C:/CPLD_NEW/mcu_cpld_prd/Auto_Generator/pycpld/output/top/uart_tx.v Line: 10
Info (12128): Elaborating entity "spi_ctrl" for hierarchy "spi_ctrl:spi_ctrl_instance" File: C:/CPLD_NEW/mcu_cpld_prd/Auto_Generator/pycpld/output/top/top.v Line: 175
Info (12128): Elaborating entity "spi_master" for hierarchy "spi_ctrl:spi_ctrl_instance|spi_master:spi_master_instance" File: C:/CPLD_NEW/mcu_cpld_prd/Auto_Generator/pycpld/output/top/spi_ctrl.v Line: 78
Info (12128): Elaborating entity "uart_top7to7" for hierarchy "uart_top7to7:uart_top7to7" File: C:/CPLD_NEW/mcu_cpld_prd/Auto_Generator/pycpld/output/top/top.v Line: 184
Info (12128): Elaborating entity "my_uart_tx7to7" for hierarchy "uart_top7to7:uart_top7to7|my_uart_tx7to7:tx_inst" File: C:/CPLD_NEW/mcu_cpld_prd/Auto_Generator/pycpld/output/top/uart_top7to7.v Line: 79
Warning (10230): Verilog HDL assignment warning at uart_tx7to7.v(68): truncated value with size 32 to match size of target (13) File: C:/CPLD_NEW/mcu_cpld_prd/Auto_Generator/pycpld/output/top/uart_tx7to7.v Line: 68
Warning (10230): Verilog HDL assignment warning at uart_tx7to7.v(69): truncated value with size 32 to match size of target (13) File: C:/CPLD_NEW/mcu_cpld_prd/Auto_Generator/pycpld/output/top/uart_tx7to7.v Line: 69
Warning (10230): Verilog HDL assignment warning at uart_tx7to7.v(70): truncated value with size 32 to match size of target (13) File: C:/CPLD_NEW/mcu_cpld_prd/Auto_Generator/pycpld/output/top/uart_tx7to7.v Line: 70
Warning (10230): Verilog HDL assignment warning at uart_tx7to7.v(71): truncated value with size 32 to match size of target (13) File: C:/CPLD_NEW/mcu_cpld_prd/Auto_Generator/pycpld/output/top/uart_tx7to7.v Line: 71
Warning (10230): Verilog HDL assignment warning at uart_tx7to7.v(72): truncated value with size 32 to match size of target (13) File: C:/CPLD_NEW/mcu_cpld_prd/Auto_Generator/pycpld/output/top/uart_tx7to7.v Line: 72
Warning (10230): Verilog HDL assignment warning at uart_tx7to7.v(73): truncated value with size 32 to match size of target (13) File: C:/CPLD_NEW/mcu_cpld_prd/Auto_Generator/pycpld/output/top/uart_tx7to7.v Line: 73
Warning (10230): Verilog HDL assignment warning at uart_tx7to7.v(74): truncated value with size 32 to match size of target (13) File: C:/CPLD_NEW/mcu_cpld_prd/Auto_Generator/pycpld/output/top/uart_tx7to7.v Line: 74
Info (12128): Elaborating entity "my_uart_rx7to7" for hierarchy "uart_top7to7:uart_top7to7|my_uart_rx7to7:rx_inst" File: C:/CPLD_NEW/mcu_cpld_prd/Auto_Generator/pycpld/output/top/uart_top7to7.v Line: 89
Info (12128): Elaborating entity "data_deal" for hierarchy "uart_top7to7:uart_top7to7|data_deal:data_deal" File: C:/CPLD_NEW/mcu_cpld_prd/Auto_Generator/pycpld/output/top/uart_top7to7.v Line: 101
Info (12128): Elaborating entity "check_pin" for hierarchy "check_pin:check_pin_instance" File: C:/CPLD_NEW/mcu_cpld_prd/Auto_Generator/pycpld/output/top/top.v Line: 195
Warning (10230): Verilog HDL assignment warning at check_pin.v(34): truncated value with size 32 to match size of target (8) File: C:/CPLD_NEW/mcu_cpld_prd/Auto_Generator/pycpld/output/top/check_pin.v Line: 34
Warning (10230): Verilog HDL assignment warning at check_pin.v(112): truncated value with size 32 to match size of target (8) File: C:/CPLD_NEW/mcu_cpld_prd/Auto_Generator/pycpld/output/top/check_pin.v Line: 112
Warning (13046): Tri-state node(s) do not directly drive top-level pin(s)
    Warning (13049): Converted tri-state buffer "check_pin:check_pin_instance|tx_data[0]" feeding internal logic into a wire File: C:/CPLD_NEW/mcu_cpld_prd/Auto_Generator/pycpld/output/top/check_pin.v Line: 36
    Warning (13049): Converted tri-state buffer "check_pin:check_pin_instance|tx_data[1]" feeding internal logic into a wire File: C:/CPLD_NEW/mcu_cpld_prd/Auto_Generator/pycpld/output/top/check_pin.v Line: 36
    Warning (13049): Converted tri-state buffer "check_pin:check_pin_instance|tx_data[2]" feeding internal logic into a wire File: C:/CPLD_NEW/mcu_cpld_prd/Auto_Generator/pycpld/output/top/check_pin.v Line: 36
    Warning (13049): Converted tri-state buffer "check_pin:check_pin_instance|tx_data[3]" feeding internal logic into a wire File: C:/CPLD_NEW/mcu_cpld_prd/Auto_Generator/pycpld/output/top/check_pin.v Line: 36
    Warning (13049): Converted tri-state buffer "check_pin:check_pin_instance|tx_data[4]" feeding internal logic into a wire File: C:/CPLD_NEW/mcu_cpld_prd/Auto_Generator/pycpld/output/top/check_pin.v Line: 36
    Warning (13049): Converted tri-state buffer "check_pin:check_pin_instance|tx_data[5]" feeding internal logic into a wire File: C:/CPLD_NEW/mcu_cpld_prd/Auto_Generator/pycpld/output/top/check_pin.v Line: 36
    Warning (13049): Converted tri-state buffer "check_pin:check_pin_instance|tx_data[6]" feeding internal logic into a wire File: C:/CPLD_NEW/mcu_cpld_prd/Auto_Generator/pycpld/output/top/check_pin.v Line: 36
    Warning (13049): Converted tri-state buffer "check_pin:check_pin_instance|tx_data[7]" feeding internal logic into a wire File: C:/CPLD_NEW/mcu_cpld_prd/Auto_Generator/pycpld/output/top/check_pin.v Line: 36
    Warning (13049): Converted tri-state buffer "my_uart_tx:my_uart_tx|tx_data_reg[0]~0" feeding internal logic into a wire File: C:/CPLD_NEW/mcu_cpld_prd/Auto_Generator/pycpld/output/top/uart_tx.v Line: 87
    Warning (13049): Converted tri-state buffer "my_uart_tx:my_uart_tx|tx_data_reg[1]~1" feeding internal logic into a wire File: C:/CPLD_NEW/mcu_cpld_prd/Auto_Generator/pycpld/output/top/uart_tx.v Line: 87
    Warning (13049): Converted tri-state buffer "my_uart_tx:my_uart_tx|tx_data_reg[2]~2" feeding internal logic into a wire File: C:/CPLD_NEW/mcu_cpld_prd/Auto_Generator/pycpld/output/top/uart_tx.v Line: 87
    Warning (13049): Converted tri-state buffer "my_uart_tx:my_uart_tx|tx_data_reg[3]~3" feeding internal logic into a wire File: C:/CPLD_NEW/mcu_cpld_prd/Auto_Generator/pycpld/output/top/uart_tx.v Line: 87
    Warning (13049): Converted tri-state buffer "my_uart_tx:my_uart_tx|tx_data_reg[4]~4" feeding internal logic into a wire File: C:/CPLD_NEW/mcu_cpld_prd/Auto_Generator/pycpld/output/top/uart_tx.v Line: 87
    Warning (13049): Converted tri-state buffer "my_uart_tx:my_uart_tx|tx_data_reg[5]~5" feeding internal logic into a wire File: C:/CPLD_NEW/mcu_cpld_prd/Auto_Generator/pycpld/output/top/uart_tx.v Line: 87
    Warning (13049): Converted tri-state buffer "my_uart_tx:my_uart_tx|tx_data_reg[6]~6" feeding internal logic into a wire File: C:/CPLD_NEW/mcu_cpld_prd/Auto_Generator/pycpld/output/top/uart_tx.v Line: 87
    Warning (13049): Converted tri-state buffer "my_uart_tx:my_uart_tx|tx_data_reg[7]~7" feeding internal logic into a wire File: C:/CPLD_NEW/mcu_cpld_prd/Auto_Generator/pycpld/output/top/uart_tx.v Line: 87
Warning (13039): The following bidirectional pins have no drivers
    Warning (13040): bidirectional pin "BusB[54]" has no driver File: C:/CPLD_NEW/mcu_cpld_prd/Auto_Generator/pycpld/output/top/top.v Line: 14
    Warning (13040): bidirectional pin "BusB[61]" has no driver File: C:/CPLD_NEW/mcu_cpld_prd/Auto_Generator/pycpld/output/top/top.v Line: 14
    Warning (13040): bidirectional pin "BusC[85]" has no driver File: C:/CPLD_NEW/mcu_cpld_prd/Auto_Generator/pycpld/output/top/top.v Line: 15
    Warning (13040): bidirectional pin "BusA[8]" has no driver File: C:/CPLD_NEW/mcu_cpld_prd/Auto_Generator/pycpld/output/top/top.v Line: 13
    Warning (13040): bidirectional pin "BusA[9]" has no driver File: C:/CPLD_NEW/mcu_cpld_prd/Auto_Generator/pycpld/output/top/top.v Line: 13
    Warning (13040): bidirectional pin "BusA[10]" has no driver File: C:/CPLD_NEW/mcu_cpld_prd/Auto_Generator/pycpld/output/top/top.v Line: 13
    Warning (13040): bidirectional pin "BusA[11]" has no driver File: C:/CPLD_NEW/mcu_cpld_prd/Auto_Generator/pycpld/output/top/top.v Line: 13
    Warning (13040): bidirectional pin "BusA[12]" has no driver File: C:/CPLD_NEW/mcu_cpld_prd/Auto_Generator/pycpld/output/top/top.v Line: 13
    Warning (13040): bidirectional pin "BusA[13]" has no driver File: C:/CPLD_NEW/mcu_cpld_prd/Auto_Generator/pycpld/output/top/top.v Line: 13
    Warning (13040): bidirectional pin "BusA[14]" has no driver File: C:/CPLD_NEW/mcu_cpld_prd/Auto_Generator/pycpld/output/top/top.v Line: 13
    Warning (13040): bidirectional pin "BusA[15]" has no driver File: C:/CPLD_NEW/mcu_cpld_prd/Auto_Generator/pycpld/output/top/top.v Line: 13
    Warning (13040): bidirectional pin "BusA[16]" has no driver File: C:/CPLD_NEW/mcu_cpld_prd/Auto_Generator/pycpld/output/top/top.v Line: 13
    Warning (13040): bidirectional pin "BusB[55]" has no driver File: C:/CPLD_NEW/mcu_cpld_prd/Auto_Generator/pycpld/output/top/top.v Line: 14
    Warning (13040): bidirectional pin "BusB[56]" has no driver File: C:/CPLD_NEW/mcu_cpld_prd/Auto_Generator/pycpld/output/top/top.v Line: 14
    Warning (13040): bidirectional pin "BusB[58]" has no driver File: C:/CPLD_NEW/mcu_cpld_prd/Auto_Generator/pycpld/output/top/top.v Line: 14
    Warning (13040): bidirectional pin "BusB[59]" has no driver File: C:/CPLD_NEW/mcu_cpld_prd/Auto_Generator/pycpld/output/top/top.v Line: 14
    Warning (13040): bidirectional pin "BusB[60]" has no driver File: C:/CPLD_NEW/mcu_cpld_prd/Auto_Generator/pycpld/output/top/top.v Line: 14
    Warning (13040): bidirectional pin "BusC[84]" has no driver File: C:/CPLD_NEW/mcu_cpld_prd/Auto_Generator/pycpld/output/top/top.v Line: 15
    Warning (13040): bidirectional pin "BusC[86]" has no driver File: C:/CPLD_NEW/mcu_cpld_prd/Auto_Generator/pycpld/output/top/top.v Line: 15
    Warning (13040): bidirectional pin "BusC[88]" has no driver File: C:/CPLD_NEW/mcu_cpld_prd/Auto_Generator/pycpld/output/top/top.v Line: 15
    Warning (13040): bidirectional pin "BusC[89]" has no driver File: C:/CPLD_NEW/mcu_cpld_prd/Auto_Generator/pycpld/output/top/top.v Line: 15
    Warning (13040): bidirectional pin "BusC[90]" has no driver File: C:/CPLD_NEW/mcu_cpld_prd/Auto_Generator/pycpld/output/top/top.v Line: 15
Warning (13046): Tri-state node(s) do not directly drive top-level pin(s)
    Warning (13047): Converted the fan-out from the tri-state buffer "sm_miso" to the node "spi_ctrl:spi_ctrl_instance|spi_master:spi_master_instance|spi_rx_dbr[0]" into an OR gate File: C:/CPLD_NEW/mcu_cpld_prd/Auto_Generator/pycpld/output/top/top.v Line: 86
    Warning (13047): Converted the fan-out from the tri-state buffer "rs232_rx7to7" to the node "uart_top7to7:uart_top7to7|my_uart_rx7to7:rx_inst|state" into an OR gate File: C:/CPLD_NEW/mcu_cpld_prd/Auto_Generator/pycpld/output/top/top.v Line: 93
Info (18000): Registers with preset signals will power-up high File: C:/CPLD_NEW/mcu_cpld_prd/Auto_Generator/pycpld/output/top/uart_tx7to7.v Line: 41
Info (17049): 26 registers lost all their fanouts during netlist optimizations.
Info (21057): Implemented 494 device resources after synthesis - the final resource count might be different
    Info (21058): Implemented 3 input pins
    Info (21059): Implemented 1 output pins
    Info (21060): Implemented 28 bidirectional pins
    Info (21061): Implemented 462 logic cells
Info (144001): Generated suppressed messages file C:/CPLD_NEW/mcu_cpld_prd/Auto_Generator/pycpld/output/top/top.map.smsg
Info: Quartus Prime Analysis & Synthesis was successful. 0 errors, 71 warnings
    Info: Peak virtual memory: 771 megabytes
    Info: Processing ended: Wed Jul 05 14:44:49 2017
    Info: Elapsed time: 00:00:11
    Info: Total CPU time (on all processors): 00:00:22


+------------------------------------------+
; Analysis & Synthesis Suppressed Messages ;
+------------------------------------------+
The suppressed messages can be found in C:/CPLD_NEW/mcu_cpld_prd/Auto_Generator/pycpld/output/top/top.map.smsg.


